[0.762s] DEBUG:colcon:Command line arguments: ['/usr/bin/colcon', 'build', '--symlink-install']
[0.762s] DEBUG:colcon:Parsed command line arguments: Namespace(log_base=None, log_level=None, verb_name='build', build_base='build', install_base='install', merge_install=False, symlink_install=True, test_result_base=None, continue_on_error=False, executor='parallel', parallel_workers=8, event_handlers=None, ignore_user_meta=False, metas=['./colcon.meta'], base_paths=['.'], packages_ignore=None, packages_ignore_regex=None, paths=None, packages_up_to=None, packages_up_to_regex=None, packages_above=None, packages_above_and_dependencies=None, packages_above_depth=None, packages_select_by_dep=None, packages_skip_by_dep=None, packages_skip_up_to=None, packages_select_build_failed=False, packages_skip_build_finished=False, packages_select_test_failures=False, packages_skip_test_passed=False, packages_select=None, packages_skip=None, packages_select_regex=None, packages_skip_regex=None, packages_start=None, packages_end=None, allow_overriding=[], cmake_args=None, cmake_target=None, cmake_target_skip_unavailable=False, cmake_clean_cache=False, cmake_clean_first=False, cmake_force_configure=False, ament_cmake_args=None, catkin_cmake_args=None, catkin_skip_building_tests=False, verb_parser=<colcon_defaults.argument_parser.defaults.DefaultArgumentsDecorator object at 0x7f21403e4680>, verb_extension=<colcon_core.verb.build.BuildVerb object at 0x7f21403e44d0>, main=<bound method BuildVerb.main of <colcon_core.verb.build.BuildVerb object at 0x7f21403e44d0>>)
[0.837s] Level 1:colcon.colcon_core.package_discovery:discover_packages(colcon_meta) check parameters
[0.837s] Level 1:colcon.colcon_core.package_discovery:discover_packages(recursive) check parameters
[0.837s] Level 1:colcon.colcon_core.package_discovery:discover_packages(ignore) check parameters
[0.837s] Level 1:colcon.colcon_core.package_discovery:discover_packages(path) check parameters
[0.837s] Level 1:colcon.colcon_core.package_discovery:discover_packages(colcon_meta) discover
[0.837s] Level 1:colcon.colcon_core.package_discovery:discover_packages(recursive) discover
[0.837s] INFO:colcon.colcon_core.package_discovery:Crawling recursively for packages in '/home/ros2_senior/Senior-Design/ros2_roam_bot'
[0.837s] Level 1:colcon.colcon_core.package_identification:_identify(.) by extensions ['ignore', 'ignore_ament_install']
[0.837s] Level 1:colcon.colcon_core.package_identification:_identify(.) by extension 'ignore'
[0.837s] Level 1:colcon.colcon_core.package_identification:_identify(.) by extension 'ignore_ament_install'
[0.837s] Level 1:colcon.colcon_core.package_identification:_identify(.) by extensions ['colcon_pkg']
[0.837s] Level 1:colcon.colcon_core.package_identification:_identify(.) by extension 'colcon_pkg'
[0.837s] Level 1:colcon.colcon_core.package_identification:_identify(.) by extensions ['colcon_meta']
[0.837s] Level 1:colcon.colcon_core.package_identification:_identify(.) by extension 'colcon_meta'
[0.837s] Level 1:colcon.colcon_core.package_identification:_identify(.) by extensions ['ros']
[0.837s] Level 1:colcon.colcon_core.package_identification:_identify(.) by extension 'ros'
[0.871s] Level 1:colcon.colcon_core.package_identification:_identify(.) by extensions ['cmake', 'python']
[0.871s] Level 1:colcon.colcon_core.package_identification:_identify(.) by extension 'cmake'
[0.871s] Level 1:colcon.colcon_core.package_identification:_identify(.) by extension 'python'
[0.871s] Level 1:colcon.colcon_core.package_identification:_identify(.) by extensions ['python_setup_py']
[0.871s] Level 1:colcon.colcon_core.package_identification:_identify(.) by extension 'python_setup_py'
[0.872s] Level 1:colcon.colcon_core.package_identification:_identify(build) by extensions ['ignore', 'ignore_ament_install']
[0.872s] Level 1:colcon.colcon_core.package_identification:_identify(build) by extension 'ignore'
[0.872s] Level 1:colcon.colcon_core.package_identification:_identify(build) ignored
[0.872s] Level 1:colcon.colcon_core.package_identification:_identify(install) by extensions ['ignore', 'ignore_ament_install']
[0.872s] Level 1:colcon.colcon_core.package_identification:_identify(install) by extension 'ignore'
[0.872s] Level 1:colcon.colcon_core.package_identification:_identify(install) ignored
[0.872s] Level 1:colcon.colcon_core.package_identification:_identify(log) by extensions ['ignore', 'ignore_ament_install']
[0.872s] Level 1:colcon.colcon_core.package_identification:_identify(log) by extension 'ignore'
[0.872s] Level 1:colcon.colcon_core.package_identification:_identify(log) ignored
[0.872s] Level 1:colcon.colcon_core.package_identification:_identify(src) by extensions ['ignore', 'ignore_ament_install']
[0.872s] Level 1:colcon.colcon_core.package_identification:_identify(src) by extension 'ignore'
[0.872s] Level 1:colcon.colcon_core.package_identification:_identify(src) by extension 'ignore_ament_install'
[0.872s] Level 1:colcon.colcon_core.package_identification:_identify(src) by extensions ['colcon_pkg']
[0.872s] Level 1:colcon.colcon_core.package_identification:_identify(src) by extension 'colcon_pkg'
[0.872s] Level 1:colcon.colcon_core.package_identification:_identify(src) by extensions ['colcon_meta']
[0.872s] Level 1:colcon.colcon_core.package_identification:_identify(src) by extension 'colcon_meta'
[0.872s] Level 1:colcon.colcon_core.package_identification:_identify(src) by extensions ['ros']
[0.872s] Level 1:colcon.colcon_core.package_identification:_identify(src) by extension 'ros'
[0.872s] Level 1:colcon.colcon_core.package_identification:_identify(src) by extensions ['cmake', 'python']
[0.872s] Level 1:colcon.colcon_core.package_identification:_identify(src) by extension 'cmake'
[0.872s] Level 1:colcon.colcon_core.package_identification:_identify(src) by extension 'python'
[0.872s] Level 1:colcon.colcon_core.package_identification:_identify(src) by extensions ['python_setup_py']
[0.872s] Level 1:colcon.colcon_core.package_identification:_identify(src) by extension 'python_setup_py'
[0.872s] Level 1:colcon.colcon_core.package_identification:_identify(src/ros2_control_demos) by extensions ['ignore', 'ignore_ament_install']
[0.873s] Level 1:colcon.colcon_core.package_identification:_identify(src/ros2_control_demos) by extension 'ignore'
[0.873s] Level 1:colcon.colcon_core.package_identification:_identify(src/ros2_control_demos) by extension 'ignore_ament_install'
[0.873s] Level 1:colcon.colcon_core.package_identification:_identify(src/ros2_control_demos) by extensions ['colcon_pkg']
[0.873s] Level 1:colcon.colcon_core.package_identification:_identify(src/ros2_control_demos) by extension 'colcon_pkg'
[0.873s] Level 1:colcon.colcon_core.package_identification:_identify(src/ros2_control_demos) by extensions ['colcon_meta']
[0.873s] Level 1:colcon.colcon_core.package_identification:_identify(src/ros2_control_demos) by extension 'colcon_meta'
[0.873s] Level 1:colcon.colcon_core.package_identification:_identify(src/ros2_control_demos) by extensions ['ros']
[0.873s] Level 1:colcon.colcon_core.package_identification:_identify(src/ros2_control_demos) by extension 'ros'
[0.873s] Level 1:colcon.colcon_core.package_identification:_identify(src/ros2_control_demos) by extensions ['cmake', 'python']
[0.873s] Level 1:colcon.colcon_core.package_identification:_identify(src/ros2_control_demos) by extension 'cmake'
[0.873s] Level 1:colcon.colcon_core.package_identification:_identify(src/ros2_control_demos) by extension 'python'
[0.873s] Level 1:colcon.colcon_core.package_identification:_identify(src/ros2_control_demos) by extensions ['python_setup_py']
[0.873s] Level 1:colcon.colcon_core.package_identification:_identify(src/ros2_control_demos) by extension 'python_setup_py'
[0.874s] Level 1:colcon.colcon_core.package_identification:_identify(src/ros2_control_demos/Dockerfile) by extensions ['ignore', 'ignore_ament_install']
[0.874s] Level 1:colcon.colcon_core.package_identification:_identify(src/ros2_control_demos/Dockerfile) by extension 'ignore'
[0.874s] Level 1:colcon.colcon_core.package_identification:_identify(src/ros2_control_demos/Dockerfile) by extension 'ignore_ament_install'
[0.874s] Level 1:colcon.colcon_core.package_identification:_identify(src/ros2_control_demos/Dockerfile) by extensions ['colcon_pkg']
[0.874s] Level 1:colcon.colcon_core.package_identification:_identify(src/ros2_control_demos/Dockerfile) by extension 'colcon_pkg'
[0.874s] Level 1:colcon.colcon_core.package_identification:_identify(src/ros2_control_demos/Dockerfile) by extensions ['colcon_meta']
[0.874s] Level 1:colcon.colcon_core.package_identification:_identify(src/ros2_control_demos/Dockerfile) by extension 'colcon_meta'
[0.874s] Level 1:colcon.colcon_core.package_identification:_identify(src/ros2_control_demos/Dockerfile) by extensions ['ros']
[0.874s] Level 1:colcon.colcon_core.package_identification:_identify(src/ros2_control_demos/Dockerfile) by extension 'ros'
[0.874s] Level 1:colcon.colcon_core.package_identification:_identify(src/ros2_control_demos/Dockerfile) by extensions ['cmake', 'python']
[0.874s] Level 1:colcon.colcon_core.package_identification:_identify(src/ros2_control_demos/Dockerfile) by extension 'cmake'
[0.874s] Level 1:colcon.colcon_core.package_identification:_identify(src/ros2_control_demos/Dockerfile) by extension 'python'
[0.874s] Level 1:colcon.colcon_core.package_identification:_identify(src/ros2_control_demos/Dockerfile) by extensions ['python_setup_py']
[0.874s] Level 1:colcon.colcon_core.package_identification:_identify(src/ros2_control_demos/Dockerfile) by extension 'python_setup_py'
[0.875s] Level 1:colcon.colcon_core.package_identification:_identify(src/ros2_control_demos/doc) by extensions ['ignore', 'ignore_ament_install']
[0.875s] Level 1:colcon.colcon_core.package_identification:_identify(src/ros2_control_demos/doc) by extension 'ignore'
[0.875s] Level 1:colcon.colcon_core.package_identification:_identify(src/ros2_control_demos/doc) by extension 'ignore_ament_install'
[0.875s] Level 1:colcon.colcon_core.package_identification:_identify(src/ros2_control_demos/doc) by extensions ['colcon_pkg']
[0.875s] Level 1:colcon.colcon_core.package_identification:_identify(src/ros2_control_demos/doc) by extension 'colcon_pkg'
[0.875s] Level 1:colcon.colcon_core.package_identification:_identify(src/ros2_control_demos/doc) by extensions ['colcon_meta']
[0.875s] Level 1:colcon.colcon_core.package_identification:_identify(src/ros2_control_demos/doc) by extension 'colcon_meta'
[0.875s] Level 1:colcon.colcon_core.package_identification:_identify(src/ros2_control_demos/doc) by extensions ['ros']
[0.875s] Level 1:colcon.colcon_core.package_identification:_identify(src/ros2_control_demos/doc) by extension 'ros'
[0.875s] Level 1:colcon.colcon_core.package_identification:_identify(src/ros2_control_demos/doc) by extensions ['cmake', 'python']
[0.875s] Level 1:colcon.colcon_core.package_identification:_identify(src/ros2_control_demos/doc) by extension 'cmake'
[0.875s] Level 1:colcon.colcon_core.package_identification:_identify(src/ros2_control_demos/doc) by extension 'python'
[0.876s] Level 1:colcon.colcon_core.package_identification:_identify(src/ros2_control_demos/doc) by extensions ['python_setup_py']
[0.876s] Level 1:colcon.colcon_core.package_identification:_identify(src/ros2_control_demos/doc) by extension 'python_setup_py'
[0.876s] Level 1:colcon.colcon_core.package_identification:_identify(src/ros2_control_demos/example_2) by extensions ['ignore', 'ignore_ament_install']
[0.876s] Level 1:colcon.colcon_core.package_identification:_identify(src/ros2_control_demos/example_2) by extension 'ignore'
[0.876s] Level 1:colcon.colcon_core.package_identification:_identify(src/ros2_control_demos/example_2) by extension 'ignore_ament_install'
[0.876s] Level 1:colcon.colcon_core.package_identification:_identify(src/ros2_control_demos/example_2) by extensions ['colcon_pkg']
[0.876s] Level 1:colcon.colcon_core.package_identification:_identify(src/ros2_control_demos/example_2) by extension 'colcon_pkg'
[0.876s] Level 1:colcon.colcon_core.package_identification:_identify(src/ros2_control_demos/example_2) by extensions ['colcon_meta']
[0.876s] Level 1:colcon.colcon_core.package_identification:_identify(src/ros2_control_demos/example_2) by extension 'colcon_meta'
[0.876s] Level 1:colcon.colcon_core.package_identification:_identify(src/ros2_control_demos/example_2) by extensions ['ros']
[0.876s] Level 1:colcon.colcon_core.package_identification:_identify(src/ros2_control_demos/example_2) by extension 'ros'
[0.880s] DEBUG:colcon.colcon_core.package_identification:Package 'src/ros2_control_demos/example_2' with type 'ros.ament_cmake' and name 'roam_bot'
[0.880s] Level 1:colcon.colcon_core.package_identification:_identify(src/ros2_control_demos/ros2_control_demo_description) by extensions ['ignore', 'ignore_ament_install']
[0.880s] Level 1:colcon.colcon_core.package_identification:_identify(src/ros2_control_demos/ros2_control_demo_description) by extension 'ignore'
[0.880s] Level 1:colcon.colcon_core.package_identification:_identify(src/ros2_control_demos/ros2_control_demo_description) by extension 'ignore_ament_install'
[0.880s] Level 1:colcon.colcon_core.package_identification:_identify(src/ros2_control_demos/ros2_control_demo_description) by extensions ['colcon_pkg']
[0.880s] Level 1:colcon.colcon_core.package_identification:_identify(src/ros2_control_demos/ros2_control_demo_description) by extension 'colcon_pkg'
[0.880s] Level 1:colcon.colcon_core.package_identification:_identify(src/ros2_control_demos/ros2_control_demo_description) by extensions ['colcon_meta']
[0.880s] Level 1:colcon.colcon_core.package_identification:_identify(src/ros2_control_demos/ros2_control_demo_description) by extension 'colcon_meta'
[0.880s] Level 1:colcon.colcon_core.package_identification:_identify(src/ros2_control_demos/ros2_control_demo_description) by extensions ['ros']
[0.880s] Level 1:colcon.colcon_core.package_identification:_identify(src/ros2_control_demos/ros2_control_demo_description) by extension 'ros'
[0.881s] DEBUG:colcon.colcon_core.package_identification:Package 'src/ros2_control_demos/ros2_control_demo_description' with type 'ros.ament_cmake' and name 'ros2_control_demo_description'
[0.881s] Level 1:colcon.colcon_core.package_identification:_identify(src/ros2_control_demos/ros2_control_demos) by extensions ['ignore', 'ignore_ament_install']
[0.881s] Level 1:colcon.colcon_core.package_identification:_identify(src/ros2_control_demos/ros2_control_demos) by extension 'ignore'
[0.881s] Level 1:colcon.colcon_core.package_identification:_identify(src/ros2_control_demos/ros2_control_demos) by extension 'ignore_ament_install'
[0.881s] Level 1:colcon.colcon_core.package_identification:_identify(src/ros2_control_demos/ros2_control_demos) by extensions ['colcon_pkg']
[0.881s] Level 1:colcon.colcon_core.package_identification:_identify(src/ros2_control_demos/ros2_control_demos) by extension 'colcon_pkg'
[0.881s] Level 1:colcon.colcon_core.package_identification:_identify(src/ros2_control_demos/ros2_control_demos) by extensions ['colcon_meta']
[0.881s] Level 1:colcon.colcon_core.package_identification:_identify(src/ros2_control_demos/ros2_control_demos) by extension 'colcon_meta'
[0.881s] Level 1:colcon.colcon_core.package_identification:_identify(src/ros2_control_demos/ros2_control_demos) by extensions ['ros']
[0.881s] Level 1:colcon.colcon_core.package_identification:_identify(src/ros2_control_demos/ros2_control_demos) by extension 'ros'
[0.881s] DEBUG:colcon.colcon_core.package_identification:Package 'src/ros2_control_demos/ros2_control_demos' with type 'ros.ament_cmake' and name 'ros2_control_demos'
[0.881s] Level 1:colcon.colcon_core.package_discovery:discover_packages(recursive) using defaults
[0.882s] Level 1:colcon.colcon_core.package_discovery:discover_packages(ignore) discover
[0.882s] Level 1:colcon.colcon_core.package_discovery:discover_packages(ignore) using defaults
[0.882s] Level 1:colcon.colcon_core.package_discovery:discover_packages(path) discover
[0.882s] Level 1:colcon.colcon_core.package_discovery:discover_packages(path) using defaults
[0.912s] Level 1:colcon.colcon_core.package_discovery:discover_packages(prefix_path) check parameters
[0.912s] Level 1:colcon.colcon_core.package_discovery:discover_packages(prefix_path) discover
[0.922s] DEBUG:colcon.colcon_installed_package_information.package_discovery:Found 439 installed packages in /opt/ros/jazzy
[0.923s] Level 1:colcon.colcon_core.package_discovery:discover_packages(prefix_path) using defaults
[1.023s] Level 5:colcon.colcon_core.verb:set package 'ros2_control_demo_description' build argument 'cmake_args' from command line to 'None'
[1.023s] Level 5:colcon.colcon_core.verb:set package 'ros2_control_demo_description' build argument 'cmake_target' from command line to 'None'
[1.023s] Level 5:colcon.colcon_core.verb:set package 'ros2_control_demo_description' build argument 'cmake_target_skip_unavailable' from command line to 'False'
[1.023s] Level 5:colcon.colcon_core.verb:set package 'ros2_control_demo_description' build argument 'cmake_clean_cache' from command line to 'False'
[1.023s] Level 5:colcon.colcon_core.verb:set package 'ros2_control_demo_description' build argument 'cmake_clean_first' from command line to 'False'
[1.023s] Level 5:colcon.colcon_core.verb:set package 'ros2_control_demo_description' build argument 'cmake_force_configure' from command line to 'False'
[1.023s] Level 5:colcon.colcon_core.verb:set package 'ros2_control_demo_description' build argument 'ament_cmake_args' from command line to 'None'
[1.023s] Level 5:colcon.colcon_core.verb:set package 'ros2_control_demo_description' build argument 'catkin_cmake_args' from command line to 'None'
[1.023s] Level 5:colcon.colcon_core.verb:set package 'ros2_control_demo_description' build argument 'catkin_skip_building_tests' from command line to 'False'
[1.023s] DEBUG:colcon.colcon_core.verb:Building package 'ros2_control_demo_description' with the following arguments: {'ament_cmake_args': None, 'build_base': '/home/ros2_senior/Senior-Design/ros2_roam_bot/build/ros2_control_demo_description', 'catkin_cmake_args': None, 'catkin_skip_building_tests': False, 'cmake_args': None, 'cmake_clean_cache': False, 'cmake_clean_first': False, 'cmake_force_configure': False, 'cmake_target': None, 'cmake_target_skip_unavailable': False, 'install_base': '/home/ros2_senior/Senior-Design/ros2_roam_bot/install/ros2_control_demo_description', 'merge_install': False, 'path': '/home/ros2_senior/Senior-Design/ros2_roam_bot/src/ros2_control_demos/ros2_control_demo_description', 'symlink_install': True, 'test_result_base': None}
[1.023s] Level 5:colcon.colcon_core.verb:set package 'roam_bot' build argument 'cmake_args' from command line to 'None'
[1.023s] Level 5:colcon.colcon_core.verb:set package 'roam_bot' build argument 'cmake_target' from command line to 'None'
[1.023s] Level 5:colcon.colcon_core.verb:set package 'roam_bot' build argument 'cmake_target_skip_unavailable' from command line to 'False'
[1.023s] Level 5:colcon.colcon_core.verb:set package 'roam_bot' build argument 'cmake_clean_cache' from command line to 'False'
[1.023s] Level 5:colcon.colcon_core.verb:set package 'roam_bot' build argument 'cmake_clean_first' from command line to 'False'
[1.023s] Level 5:colcon.colcon_core.verb:set package 'roam_bot' build argument 'cmake_force_configure' from command line to 'False'
[1.023s] Level 5:colcon.colcon_core.verb:set package 'roam_bot' build argument 'ament_cmake_args' from command line to 'None'
[1.023s] Level 5:colcon.colcon_core.verb:set package 'roam_bot' build argument 'catkin_cmake_args' from command line to 'None'
[1.023s] Level 5:colcon.colcon_core.verb:set package 'roam_bot' build argument 'catkin_skip_building_tests' from command line to 'False'
[1.023s] DEBUG:colcon.colcon_core.verb:Building package 'roam_bot' with the following arguments: {'ament_cmake_args': None, 'build_base': '/home/ros2_senior/Senior-Design/ros2_roam_bot/build/roam_bot', 'catkin_cmake_args': None, 'catkin_skip_building_tests': False, 'cmake_args': None, 'cmake_clean_cache': False, 'cmake_clean_first': False, 'cmake_force_configure': False, 'cmake_target': None, 'cmake_target_skip_unavailable': False, 'install_base': '/home/ros2_senior/Senior-Design/ros2_roam_bot/install/roam_bot', 'merge_install': False, 'path': '/home/ros2_senior/Senior-Design/ros2_roam_bot/src/ros2_control_demos/example_2', 'symlink_install': True, 'test_result_base': None}
[1.024s] Level 5:colcon.colcon_core.verb:set package 'ros2_control_demos' build argument 'cmake_args' from command line to 'None'
[1.024s] Level 5:colcon.colcon_core.verb:set package 'ros2_control_demos' build argument 'cmake_target' from command line to 'None'
[1.024s] Level 5:colcon.colcon_core.verb:set package 'ros2_control_demos' build argument 'cmake_target_skip_unavailable' from command line to 'False'
[1.024s] Level 5:colcon.colcon_core.verb:set package 'ros2_control_demos' build argument 'cmake_clean_cache' from command line to 'False'
[1.024s] Level 5:colcon.colcon_core.verb:set package 'ros2_control_demos' build argument 'cmake_clean_first' from command line to 'False'
[1.024s] Level 5:colcon.colcon_core.verb:set package 'ros2_control_demos' build argument 'cmake_force_configure' from command line to 'False'
[1.024s] Level 5:colcon.colcon_core.verb:set package 'ros2_control_demos' build argument 'ament_cmake_args' from command line to 'None'
[1.024s] Level 5:colcon.colcon_core.verb:set package 'ros2_control_demos' build argument 'catkin_cmake_args' from command line to 'None'
[1.024s] Level 5:colcon.colcon_core.verb:set package 'ros2_control_demos' build argument 'catkin_skip_building_tests' from command line to 'False'
[1.024s] DEBUG:colcon.colcon_core.verb:Building package 'ros2_control_demos' with the following arguments: {'ament_cmake_args': None, 'build_base': '/home/ros2_senior/Senior-Design/ros2_roam_bot/build/ros2_control_demos', 'catkin_cmake_args': None, 'catkin_skip_building_tests': False, 'cmake_args': None, 'cmake_clean_cache': False, 'cmake_clean_first': False, 'cmake_force_configure': False, 'cmake_target': None, 'cmake_target_skip_unavailable': False, 'install_base': '/home/ros2_senior/Senior-Design/ros2_roam_bot/install/ros2_control_demos', 'merge_install': False, 'path': '/home/ros2_senior/Senior-Design/ros2_roam_bot/src/ros2_control_demos/ros2_control_demos', 'symlink_install': True, 'test_result_base': None}
[1.024s] INFO:colcon.colcon_core.executor:Executing jobs using 'parallel' executor
[1.025s] DEBUG:colcon.colcon_parallel_executor.executor.parallel:run_until_complete
[1.025s] INFO:colcon.colcon_ros.task.ament_cmake.build:Building ROS package in '/home/ros2_senior/Senior-Design/ros2_roam_bot/src/ros2_control_demos/ros2_control_demo_description' with build type 'ament_cmake'
[1.025s] INFO:colcon.colcon_cmake.task.cmake.build:Building CMake package in '/home/ros2_senior/Senior-Design/ros2_roam_bot/src/ros2_control_demos/ros2_control_demo_description'
[1.033s] INFO:colcon.colcon_core.plugin_system:Skipping extension 'colcon_core.shell.bat': Not used on non-Windows systems
[1.033s] INFO:colcon.colcon_core.shell:Skip shell extension 'powershell' for command environment: Not usable outside of PowerShell
[1.033s] DEBUG:colcon.colcon_core.shell:Skip shell extension 'dsv' for command environment
[1.046s] DEBUG:colcon.colcon_core.event_handler.log_command:Invoking command in '/home/ros2_senior/Senior-Design/ros2_roam_bot/build/ros2_control_demo_description': CMAKE_PREFIX_PATH=${CMAKE_PREFIX_PATH}:/opt/ros/jazzy DEBUGINFOD_URLS=https://debuginfod.ubuntu.com /usr/bin/cmake /home/ros2_senior/Senior-Design/ros2_roam_bot/src/ros2_control_demos/ros2_control_demo_description -DAMENT_CMAKE_SYMLINK_INSTALL=1 -DCMAKE_INSTALL_PREFIX=/home/ros2_senior/Senior-Design/ros2_roam_bot/install/ros2_control_demo_description
[5.965s] DEBUG:colcon.colcon_core.event_handler.log_command:Invoked command in '/home/ros2_senior/Senior-Design/ros2_roam_bot/build/ros2_control_demo_description' returned '0': CMAKE_PREFIX_PATH=${CMAKE_PREFIX_PATH}:/opt/ros/jazzy DEBUGINFOD_URLS=https://debuginfod.ubuntu.com /usr/bin/cmake /home/ros2_senior/Senior-Design/ros2_roam_bot/src/ros2_control_demos/ros2_control_demo_description -DAMENT_CMAKE_SYMLINK_INSTALL=1 -DCMAKE_INSTALL_PREFIX=/home/ros2_senior/Senior-Design/ros2_roam_bot/install/ros2_control_demo_description
[5.966s] DEBUG:colcon.colcon_core.event_handler.log_command:Invoking command in '/home/ros2_senior/Senior-Design/ros2_roam_bot/build/ros2_control_demo_description': CMAKE_PREFIX_PATH=${CMAKE_PREFIX_PATH}:/opt/ros/jazzy DEBUGINFOD_URLS=https://debuginfod.ubuntu.com /usr/bin/cmake --build /home/ros2_senior/Senior-Design/ros2_roam_bot/build/ros2_control_demo_description -- -j8 -l8
[6.003s] DEBUG:colcon.colcon_core.event_handler.log_command:Invoked command in '/home/ros2_senior/Senior-Design/ros2_roam_bot/build/ros2_control_demo_description' returned '0': CMAKE_PREFIX_PATH=${CMAKE_PREFIX_PATH}:/opt/ros/jazzy DEBUGINFOD_URLS=https://debuginfod.ubuntu.com /usr/bin/cmake --build /home/ros2_senior/Senior-Design/ros2_roam_bot/build/ros2_control_demo_description -- -j8 -l8
[6.013s] DEBUG:colcon.colcon_core.event_handler.log_command:Invoking command in '/home/ros2_senior/Senior-Design/ros2_roam_bot/build/ros2_control_demo_description': CMAKE_PREFIX_PATH=${CMAKE_PREFIX_PATH}:/opt/ros/jazzy DEBUGINFOD_URLS=https://debuginfod.ubuntu.com /usr/bin/cmake --install /home/ros2_senior/Senior-Design/ros2_roam_bot/build/ros2_control_demo_description
[6.177s] Level 1:colcon.colcon_core.environment:create_environment_scripts_only(ros2_control_demo_description)
[6.177s] DEBUG:colcon.colcon_core.event_handler.log_command:Invoked command in '/home/ros2_senior/Senior-Design/ros2_roam_bot/build/ros2_control_demo_description' returned '0': CMAKE_PREFIX_PATH=${CMAKE_PREFIX_PATH}:/opt/ros/jazzy DEBUGINFOD_URLS=https://debuginfod.ubuntu.com /usr/bin/cmake --install /home/ros2_senior/Senior-Design/ros2_roam_bot/build/ros2_control_demo_description
[6.185s] Level 1:colcon.colcon_core.environment:checking '/home/ros2_senior/Senior-Design/ros2_roam_bot/install/ros2_control_demo_description' for CMake module files
[6.185s] Level 1:colcon.colcon_core.environment:checking '/home/ros2_senior/Senior-Design/ros2_roam_bot/install/ros2_control_demo_description' for CMake config files
[6.185s] Level 1:colcon.colcon_core.shell:create_environment_hook('ros2_control_demo_description', 'cmake_prefix_path')
[6.186s] INFO:colcon.colcon_core.shell:Creating environment hook '/home/ros2_senior/Senior-Design/ros2_roam_bot/install/ros2_control_demo_description/share/ros2_control_demo_description/hook/cmake_prefix_path.ps1'
[6.187s] INFO:colcon.colcon_core.shell:Creating environment descriptor '/home/ros2_senior/Senior-Design/ros2_roam_bot/install/ros2_control_demo_description/share/ros2_control_demo_description/hook/cmake_prefix_path.dsv'
[6.188s] INFO:colcon.colcon_core.shell:Creating environment hook '/home/ros2_senior/Senior-Design/ros2_roam_bot/install/ros2_control_demo_description/share/ros2_control_demo_description/hook/cmake_prefix_path.sh'
[6.189s] Level 1:colcon.colcon_core.environment:checking '/home/ros2_senior/Senior-Design/ros2_roam_bot/install/ros2_control_demo_description/bin'
[6.189s] Level 1:colcon.colcon_core.environment:checking '/home/ros2_senior/Senior-Design/ros2_roam_bot/install/ros2_control_demo_description/lib/pkgconfig/ros2_control_demo_description.pc'
[6.189s] Level 1:colcon.colcon_core.environment:checking '/home/ros2_senior/Senior-Design/ros2_roam_bot/install/ros2_control_demo_description/lib/python3.12/site-packages'
[6.189s] Level 1:colcon.colcon_core.environment:checking '/home/ros2_senior/Senior-Design/ros2_roam_bot/install/ros2_control_demo_description/bin'
[6.189s] INFO:colcon.colcon_core.shell:Creating package script '/home/ros2_senior/Senior-Design/ros2_roam_bot/install/ros2_control_demo_description/share/ros2_control_demo_description/package.ps1'
[6.190s] INFO:colcon.colcon_core.shell:Creating package descriptor '/home/ros2_senior/Senior-Design/ros2_roam_bot/install/ros2_control_demo_description/share/ros2_control_demo_description/package.dsv'
[6.190s] INFO:colcon.colcon_core.shell:Creating package script '/home/ros2_senior/Senior-Design/ros2_roam_bot/install/ros2_control_demo_description/share/ros2_control_demo_description/package.sh'
[6.191s] INFO:colcon.colcon_core.shell:Creating package script '/home/ros2_senior/Senior-Design/ros2_roam_bot/install/ros2_control_demo_description/share/ros2_control_demo_description/package.bash'
[6.193s] INFO:colcon.colcon_core.shell:Creating package script '/home/ros2_senior/Senior-Design/ros2_roam_bot/install/ros2_control_demo_description/share/ros2_control_demo_description/package.zsh'
[6.194s] Level 1:colcon.colcon_core.environment:create_file_with_runtime_dependencies(/home/ros2_senior/Senior-Design/ros2_roam_bot/install/ros2_control_demo_description/share/colcon-core/packages/ros2_control_demo_description)
[6.195s] Level 1:colcon.colcon_core.environment:create_environment_scripts_only(ros2_control_demo_description)
[6.195s] Level 1:colcon.colcon_core.environment:checking '/home/ros2_senior/Senior-Design/ros2_roam_bot/install/ros2_control_demo_description' for CMake module files
[6.195s] Level 1:colcon.colcon_core.environment:checking '/home/ros2_senior/Senior-Design/ros2_roam_bot/install/ros2_control_demo_description' for CMake config files
[6.195s] Level 1:colcon.colcon_core.shell:create_environment_hook('ros2_control_demo_description', 'cmake_prefix_path')
[6.195s] INFO:colcon.colcon_core.shell:Creating environment hook '/home/ros2_senior/Senior-Design/ros2_roam_bot/install/ros2_control_demo_description/share/ros2_control_demo_description/hook/cmake_prefix_path.ps1'
[6.196s] INFO:colcon.colcon_core.shell:Creating environment descriptor '/home/ros2_senior/Senior-Design/ros2_roam_bot/install/ros2_control_demo_description/share/ros2_control_demo_description/hook/cmake_prefix_path.dsv'
[6.196s] INFO:colcon.colcon_core.shell:Creating environment hook '/home/ros2_senior/Senior-Design/ros2_roam_bot/install/ros2_control_demo_description/share/ros2_control_demo_description/hook/cmake_prefix_path.sh'
[6.196s] Level 1:colcon.colcon_core.environment:checking '/home/ros2_senior/Senior-Design/ros2_roam_bot/install/ros2_control_demo_description/bin'
[6.196s] Level 1:colcon.colcon_core.environment:checking '/home/ros2_senior/Senior-Design/ros2_roam_bot/install/ros2_control_demo_description/lib/pkgconfig/ros2_control_demo_description.pc'
[6.196s] Level 1:colcon.colcon_core.environment:checking '/home/ros2_senior/Senior-Design/ros2_roam_bot/install/ros2_control_demo_description/lib/python3.12/site-packages'
[6.197s] Level 1:colcon.colcon_core.environment:checking '/home/ros2_senior/Senior-Design/ros2_roam_bot/install/ros2_control_demo_description/bin'
[6.197s] INFO:colcon.colcon_core.shell:Creating package script '/home/ros2_senior/Senior-Design/ros2_roam_bot/install/ros2_control_demo_description/share/ros2_control_demo_description/package.ps1'
[6.197s] INFO:colcon.colcon_core.shell:Creating package descriptor '/home/ros2_senior/Senior-Design/ros2_roam_bot/install/ros2_control_demo_description/share/ros2_control_demo_description/package.dsv'
[6.197s] INFO:colcon.colcon_core.shell:Creating package script '/home/ros2_senior/Senior-Design/ros2_roam_bot/install/ros2_control_demo_description/share/ros2_control_demo_description/package.sh'
[6.198s] INFO:colcon.colcon_core.shell:Creating package script '/home/ros2_senior/Senior-Design/ros2_roam_bot/install/ros2_control_demo_description/share/ros2_control_demo_description/package.bash'
[6.198s] INFO:colcon.colcon_core.shell:Creating package script '/home/ros2_senior/Senior-Design/ros2_roam_bot/install/ros2_control_demo_description/share/ros2_control_demo_description/package.zsh'
[6.198s] Level 1:colcon.colcon_core.environment:create_file_with_runtime_dependencies(/home/ros2_senior/Senior-Design/ros2_roam_bot/install/ros2_control_demo_description/share/colcon-core/packages/ros2_control_demo_description)
[6.198s] INFO:colcon.colcon_ros.task.ament_cmake.build:Building ROS package in '/home/ros2_senior/Senior-Design/ros2_roam_bot/src/ros2_control_demos/example_2' with build type 'ament_cmake'
[6.198s] INFO:colcon.colcon_cmake.task.cmake.build:Building CMake package in '/home/ros2_senior/Senior-Design/ros2_roam_bot/src/ros2_control_demos/example_2'
[6.199s] INFO:colcon.colcon_core.shell:Skip shell extension 'powershell' for command environment: Not usable outside of PowerShell
[6.199s] DEBUG:colcon.colcon_core.shell:Skip shell extension 'dsv' for command environment
[6.362s] DEBUG:colcon.colcon_core.event_handler.log_command:Invoking command in '/home/ros2_senior/Senior-Design/ros2_roam_bot/build/roam_bot': AMENT_PREFIX_PATH=/home/ros2_senior/Senior-Design/ros2_roam_bot/install/ros2_control_demo_description:${AMENT_PREFIX_PATH} CMAKE_PREFIX_PATH=/home/ros2_senior/Senior-Design/ros2_roam_bot/install/ros2_control_demo_description:/opt/ros/jazzy/opt/gz_sim_vendor:/opt/ros/jazzy/opt/gz_sensors_vendor:/opt/ros/jazzy/opt/gz_physics_vendor:/opt/ros/jazzy/opt/sdformat_vendor:/opt/ros/jazzy/opt/gz_gui_vendor:/opt/ros/jazzy/opt/gz_transport_vendor:/opt/ros/jazzy/opt/gz_rendering_vendor:/opt/ros/jazzy/opt/gz_plugin_vendor:/opt/ros/jazzy/opt/gz_fuel_tools_vendor:/opt/ros/jazzy/opt/gz_msgs_vendor:/opt/ros/jazzy/opt/gz_common_vendor:/opt/ros/jazzy/opt/gz_math_vendor:/opt/ros/jazzy/opt/gz_utils_vendor:/opt/ros/jazzy/opt/gz_tools_vendor:/opt/ros/jazzy/opt/gz_ogre_next_vendor:/opt/ros/jazzy/opt/gz_dartsim_vendor:/opt/ros/jazzy/opt/gz_cmake_vendor:/opt/ros/jazzy DEBUGINFOD_URLS=https://debuginfod.ubuntu.com /usr/bin/cmake /home/ros2_senior/Senior-Design/ros2_roam_bot/src/ros2_control_demos/example_2 -DAMENT_CMAKE_SYMLINK_INSTALL=1 -DCMAKE_INSTALL_PREFIX=/home/ros2_senior/Senior-Design/ros2_roam_bot/install/roam_bot
[14.893s] DEBUG:colcon.colcon_core.event_handler.log_command:Invoked command in '/home/ros2_senior/Senior-Design/ros2_roam_bot/build/roam_bot' returned '0': AMENT_PREFIX_PATH=/home/ros2_senior/Senior-Design/ros2_roam_bot/install/ros2_control_demo_description:${AMENT_PREFIX_PATH} CMAKE_PREFIX_PATH=/home/ros2_senior/Senior-Design/ros2_roam_bot/install/ros2_control_demo_description:/opt/ros/jazzy/opt/gz_sim_vendor:/opt/ros/jazzy/opt/gz_sensors_vendor:/opt/ros/jazzy/opt/gz_physics_vendor:/opt/ros/jazzy/opt/sdformat_vendor:/opt/ros/jazzy/opt/gz_gui_vendor:/opt/ros/jazzy/opt/gz_transport_vendor:/opt/ros/jazzy/opt/gz_rendering_vendor:/opt/ros/jazzy/opt/gz_plugin_vendor:/opt/ros/jazzy/opt/gz_fuel_tools_vendor:/opt/ros/jazzy/opt/gz_msgs_vendor:/opt/ros/jazzy/opt/gz_common_vendor:/opt/ros/jazzy/opt/gz_math_vendor:/opt/ros/jazzy/opt/gz_utils_vendor:/opt/ros/jazzy/opt/gz_tools_vendor:/opt/ros/jazzy/opt/gz_ogre_next_vendor:/opt/ros/jazzy/opt/gz_dartsim_vendor:/opt/ros/jazzy/opt/gz_cmake_vendor:/opt/ros/jazzy DEBUGINFOD_URLS=https://debuginfod.ubuntu.com /usr/bin/cmake /home/ros2_senior/Senior-Design/ros2_roam_bot/src/ros2_control_demos/example_2 -DAMENT_CMAKE_SYMLINK_INSTALL=1 -DCMAKE_INSTALL_PREFIX=/home/ros2_senior/Senior-Design/ros2_roam_bot/install/roam_bot
[14.894s] DEBUG:colcon.colcon_core.event_handler.log_command:Invoking command in '/home/ros2_senior/Senior-Design/ros2_roam_bot/build/roam_bot': AMENT_PREFIX_PATH=/home/ros2_senior/Senior-Design/ros2_roam_bot/install/ros2_control_demo_description:${AMENT_PREFIX_PATH} CMAKE_PREFIX_PATH=/home/ros2_senior/Senior-Design/ros2_roam_bot/install/ros2_control_demo_description:/opt/ros/jazzy/opt/gz_sim_vendor:/opt/ros/jazzy/opt/gz_sensors_vendor:/opt/ros/jazzy/opt/gz_physics_vendor:/opt/ros/jazzy/opt/sdformat_vendor:/opt/ros/jazzy/opt/gz_gui_vendor:/opt/ros/jazzy/opt/gz_transport_vendor:/opt/ros/jazzy/opt/gz_rendering_vendor:/opt/ros/jazzy/opt/gz_plugin_vendor:/opt/ros/jazzy/opt/gz_fuel_tools_vendor:/opt/ros/jazzy/opt/gz_msgs_vendor:/opt/ros/jazzy/opt/gz_common_vendor:/opt/ros/jazzy/opt/gz_math_vendor:/opt/ros/jazzy/opt/gz_utils_vendor:/opt/ros/jazzy/opt/gz_tools_vendor:/opt/ros/jazzy/opt/gz_ogre_next_vendor:/opt/ros/jazzy/opt/gz_dartsim_vendor:/opt/ros/jazzy/opt/gz_cmake_vendor:/opt/ros/jazzy DEBUGINFOD_URLS=https://debuginfod.ubuntu.com /usr/bin/cmake --build /home/ros2_senior/Senior-Design/ros2_roam_bot/build/roam_bot -- -j8 -l8
[21.973s] DEBUG:colcon.colcon_core.event_handler.log_command:Invoked command in '/home/ros2_senior/Senior-Design/ros2_roam_bot/build/roam_bot' returned '0': AMENT_PREFIX_PATH=/home/ros2_senior/Senior-Design/ros2_roam_bot/install/ros2_control_demo_description:${AMENT_PREFIX_PATH} CMAKE_PREFIX_PATH=/home/ros2_senior/Senior-Design/ros2_roam_bot/install/ros2_control_demo_description:/opt/ros/jazzy/opt/gz_sim_vendor:/opt/ros/jazzy/opt/gz_sensors_vendor:/opt/ros/jazzy/opt/gz_physics_vendor:/opt/ros/jazzy/opt/sdformat_vendor:/opt/ros/jazzy/opt/gz_gui_vendor:/opt/ros/jazzy/opt/gz_transport_vendor:/opt/ros/jazzy/opt/gz_rendering_vendor:/opt/ros/jazzy/opt/gz_plugin_vendor:/opt/ros/jazzy/opt/gz_fuel_tools_vendor:/opt/ros/jazzy/opt/gz_msgs_vendor:/opt/ros/jazzy/opt/gz_common_vendor:/opt/ros/jazzy/opt/gz_math_vendor:/opt/ros/jazzy/opt/gz_utils_vendor:/opt/ros/jazzy/opt/gz_tools_vendor:/opt/ros/jazzy/opt/gz_ogre_next_vendor:/opt/ros/jazzy/opt/gz_dartsim_vendor:/opt/ros/jazzy/opt/gz_cmake_vendor:/opt/ros/jazzy DEBUGINFOD_URLS=https://debuginfod.ubuntu.com /usr/bin/cmake --build /home/ros2_senior/Senior-Design/ros2_roam_bot/build/roam_bot -- -j8 -l8
[21.975s] DEBUG:colcon.colcon_core.event_handler.log_command:Invoking command in '/home/ros2_senior/Senior-Design/ros2_roam_bot/build/roam_bot': AMENT_PREFIX_PATH=/home/ros2_senior/Senior-Design/ros2_roam_bot/install/ros2_control_demo_description:${AMENT_PREFIX_PATH} CMAKE_PREFIX_PATH=/home/ros2_senior/Senior-Design/ros2_roam_bot/install/ros2_control_demo_description:/opt/ros/jazzy/opt/gz_sim_vendor:/opt/ros/jazzy/opt/gz_sensors_vendor:/opt/ros/jazzy/opt/gz_physics_vendor:/opt/ros/jazzy/opt/sdformat_vendor:/opt/ros/jazzy/opt/gz_gui_vendor:/opt/ros/jazzy/opt/gz_transport_vendor:/opt/ros/jazzy/opt/gz_rendering_vendor:/opt/ros/jazzy/opt/gz_plugin_vendor:/opt/ros/jazzy/opt/gz_fuel_tools_vendor:/opt/ros/jazzy/opt/gz_msgs_vendor:/opt/ros/jazzy/opt/gz_common_vendor:/opt/ros/jazzy/opt/gz_math_vendor:/opt/ros/jazzy/opt/gz_utils_vendor:/opt/ros/jazzy/opt/gz_tools_vendor:/opt/ros/jazzy/opt/gz_ogre_next_vendor:/opt/ros/jazzy/opt/gz_dartsim_vendor:/opt/ros/jazzy/opt/gz_cmake_vendor:/opt/ros/jazzy DEBUGINFOD_URLS=https://debuginfod.ubuntu.com /usr/bin/cmake --install /home/ros2_senior/Senior-Design/ros2_roam_bot/build/roam_bot
[22.222s] Level 1:colcon.colcon_core.environment:create_environment_scripts_only(roam_bot)
[22.224s] Level 1:colcon.colcon_core.environment:checking '/home/ros2_senior/Senior-Design/ros2_roam_bot/install/roam_bot' for CMake module files
[22.225s] DEBUG:colcon.colcon_core.event_handler.log_command:Invoked command in '/home/ros2_senior/Senior-Design/ros2_roam_bot/build/roam_bot' returned '0': AMENT_PREFIX_PATH=/home/ros2_senior/Senior-Design/ros2_roam_bot/install/ros2_control_demo_description:${AMENT_PREFIX_PATH} CMAKE_PREFIX_PATH=/home/ros2_senior/Senior-Design/ros2_roam_bot/install/ros2_control_demo_description:/opt/ros/jazzy/opt/gz_sim_vendor:/opt/ros/jazzy/opt/gz_sensors_vendor:/opt/ros/jazzy/opt/gz_physics_vendor:/opt/ros/jazzy/opt/sdformat_vendor:/opt/ros/jazzy/opt/gz_gui_vendor:/opt/ros/jazzy/opt/gz_transport_vendor:/opt/ros/jazzy/opt/gz_rendering_vendor:/opt/ros/jazzy/opt/gz_plugin_vendor:/opt/ros/jazzy/opt/gz_fuel_tools_vendor:/opt/ros/jazzy/opt/gz_msgs_vendor:/opt/ros/jazzy/opt/gz_common_vendor:/opt/ros/jazzy/opt/gz_math_vendor:/opt/ros/jazzy/opt/gz_utils_vendor:/opt/ros/jazzy/opt/gz_tools_vendor:/opt/ros/jazzy/opt/gz_ogre_next_vendor:/opt/ros/jazzy/opt/gz_dartsim_vendor:/opt/ros/jazzy/opt/gz_cmake_vendor:/opt/ros/jazzy DEBUGINFOD_URLS=https://debuginfod.ubuntu.com /usr/bin/cmake --install /home/ros2_senior/Senior-Design/ros2_roam_bot/build/roam_bot
[22.226s] Level 1:colcon.colcon_core.environment:checking '/home/ros2_senior/Senior-Design/ros2_roam_bot/install/roam_bot' for CMake config files
[22.226s] Level 1:colcon.colcon_core.shell:create_environment_hook('roam_bot', 'cmake_prefix_path')
[22.227s] INFO:colcon.colcon_core.shell:Creating environment hook '/home/ros2_senior/Senior-Design/ros2_roam_bot/install/roam_bot/share/roam_bot/hook/cmake_prefix_path.ps1'
[22.229s] INFO:colcon.colcon_core.shell:Creating environment descriptor '/home/ros2_senior/Senior-Design/ros2_roam_bot/install/roam_bot/share/roam_bot/hook/cmake_prefix_path.dsv'
[22.229s] INFO:colcon.colcon_core.shell:Creating environment hook '/home/ros2_senior/Senior-Design/ros2_roam_bot/install/roam_bot/share/roam_bot/hook/cmake_prefix_path.sh'
[22.231s] Level 1:colcon.colcon_core.environment:checking '/home/ros2_senior/Senior-Design/ros2_roam_bot/install/roam_bot/lib'
[22.234s] Level 1:colcon.colcon_core.shell:create_environment_hook('roam_bot', 'ld_library_path_lib')
[22.235s] INFO:colcon.colcon_core.shell:Creating environment hook '/home/ros2_senior/Senior-Design/ros2_roam_bot/install/roam_bot/share/roam_bot/hook/ld_library_path_lib.ps1'
[22.237s] INFO:colcon.colcon_core.shell:Creating environment descriptor '/home/ros2_senior/Senior-Design/ros2_roam_bot/install/roam_bot/share/roam_bot/hook/ld_library_path_lib.dsv'
[22.238s] INFO:colcon.colcon_core.shell:Creating environment hook '/home/ros2_senior/Senior-Design/ros2_roam_bot/install/roam_bot/share/roam_bot/hook/ld_library_path_lib.sh'
[22.239s] Level 1:colcon.colcon_core.environment:checking '/home/ros2_senior/Senior-Design/ros2_roam_bot/install/roam_bot/bin'
[22.239s] Level 1:colcon.colcon_core.environment:checking '/home/ros2_senior/Senior-Design/ros2_roam_bot/install/roam_bot/lib/pkgconfig/roam_bot.pc'
[22.241s] Level 1:colcon.colcon_core.environment:checking '/home/ros2_senior/Senior-Design/ros2_roam_bot/install/roam_bot/lib/python3.12/site-packages'
[22.241s] Level 1:colcon.colcon_core.environment:checking '/home/ros2_senior/Senior-Design/ros2_roam_bot/install/roam_bot/bin'
[22.242s] INFO:colcon.colcon_core.shell:Creating package script '/home/ros2_senior/Senior-Design/ros2_roam_bot/install/roam_bot/share/roam_bot/package.ps1'
[22.244s] INFO:colcon.colcon_core.shell:Creating package descriptor '/home/ros2_senior/Senior-Design/ros2_roam_bot/install/roam_bot/share/roam_bot/package.dsv'
[22.244s] INFO:colcon.colcon_core.shell:Creating package script '/home/ros2_senior/Senior-Design/ros2_roam_bot/install/roam_bot/share/roam_bot/package.sh'
[22.245s] INFO:colcon.colcon_core.shell:Creating package script '/home/ros2_senior/Senior-Design/ros2_roam_bot/install/roam_bot/share/roam_bot/package.bash'
[22.245s] INFO:colcon.colcon_core.shell:Creating package script '/home/ros2_senior/Senior-Design/ros2_roam_bot/install/roam_bot/share/roam_bot/package.zsh'
[22.245s] Level 1:colcon.colcon_core.environment:create_file_with_runtime_dependencies(/home/ros2_senior/Senior-Design/ros2_roam_bot/install/roam_bot/share/colcon-core/packages/roam_bot)
[22.246s] Level 1:colcon.colcon_core.environment:create_environment_scripts_only(roam_bot)
[22.246s] Level 1:colcon.colcon_core.environment:checking '/home/ros2_senior/Senior-Design/ros2_roam_bot/install/roam_bot' for CMake module files
[22.246s] Level 1:colcon.colcon_core.environment:checking '/home/ros2_senior/Senior-Design/ros2_roam_bot/install/roam_bot' for CMake config files
[22.246s] Level 1:colcon.colcon_core.shell:create_environment_hook('roam_bot', 'cmake_prefix_path')
[22.246s] INFO:colcon.colcon_core.shell:Creating environment hook '/home/ros2_senior/Senior-Design/ros2_roam_bot/install/roam_bot/share/roam_bot/hook/cmake_prefix_path.ps1'
[22.247s] INFO:colcon.colcon_core.shell:Creating environment descriptor '/home/ros2_senior/Senior-Design/ros2_roam_bot/install/roam_bot/share/roam_bot/hook/cmake_prefix_path.dsv'
[22.247s] INFO:colcon.colcon_core.shell:Creating environment hook '/home/ros2_senior/Senior-Design/ros2_roam_bot/install/roam_bot/share/roam_bot/hook/cmake_prefix_path.sh'
[22.247s] Level 1:colcon.colcon_core.environment:checking '/home/ros2_senior/Senior-Design/ros2_roam_bot/install/roam_bot/lib'
[22.247s] Level 1:colcon.colcon_core.shell:create_environment_hook('roam_bot', 'ld_library_path_lib')
[22.248s] INFO:colcon.colcon_core.shell:Creating environment hook '/home/ros2_senior/Senior-Design/ros2_roam_bot/install/roam_bot/share/roam_bot/hook/ld_library_path_lib.ps1'
[22.248s] INFO:colcon.colcon_core.shell:Creating environment descriptor '/home/ros2_senior/Senior-Design/ros2_roam_bot/install/roam_bot/share/roam_bot/hook/ld_library_path_lib.dsv'
[22.248s] INFO:colcon.colcon_core.shell:Creating environment hook '/home/ros2_senior/Senior-Design/ros2_roam_bot/install/roam_bot/share/roam_bot/hook/ld_library_path_lib.sh'
[22.248s] Level 1:colcon.colcon_core.environment:checking '/home/ros2_senior/Senior-Design/ros2_roam_bot/install/roam_bot/bin'
[22.248s] Level 1:colcon.colcon_core.environment:checking '/home/ros2_senior/Senior-Design/ros2_roam_bot/install/roam_bot/lib/pkgconfig/roam_bot.pc'
[22.249s] Level 1:colcon.colcon_core.environment:checking '/home/ros2_senior/Senior-Design/ros2_roam_bot/install/roam_bot/lib/python3.12/site-packages'
[22.249s] Level 1:colcon.colcon_core.environment:checking '/home/ros2_senior/Senior-Design/ros2_roam_bot/install/roam_bot/bin'
[22.249s] INFO:colcon.colcon_core.shell:Creating package script '/home/ros2_senior/Senior-Design/ros2_roam_bot/install/roam_bot/share/roam_bot/package.ps1'
[22.249s] INFO:colcon.colcon_core.shell:Creating package descriptor '/home/ros2_senior/Senior-Design/ros2_roam_bot/install/roam_bot/share/roam_bot/package.dsv'
[22.250s] INFO:colcon.colcon_core.shell:Creating package script '/home/ros2_senior/Senior-Design/ros2_roam_bot/install/roam_bot/share/roam_bot/package.sh'
[22.250s] INFO:colcon.colcon_core.shell:Creating package script '/home/ros2_senior/Senior-Design/ros2_roam_bot/install/roam_bot/share/roam_bot/package.bash'
[22.250s] INFO:colcon.colcon_core.shell:Creating package script '/home/ros2_senior/Senior-Design/ros2_roam_bot/install/roam_bot/share/roam_bot/package.zsh'
[22.250s] Level 1:colcon.colcon_core.environment:create_file_with_runtime_dependencies(/home/ros2_senior/Senior-Design/ros2_roam_bot/install/roam_bot/share/colcon-core/packages/roam_bot)
[22.252s] INFO:colcon.colcon_ros.task.ament_cmake.build:Building ROS package in '/home/ros2_senior/Senior-Design/ros2_roam_bot/src/ros2_control_demos/ros2_control_demos' with build type 'ament_cmake'
[22.253s] INFO:colcon.colcon_cmake.task.cmake.build:Building CMake package in '/home/ros2_senior/Senior-Design/ros2_roam_bot/src/ros2_control_demos/ros2_control_demos'
[22.253s] INFO:colcon.colcon_core.shell:Skip shell extension 'powershell' for command environment: Not usable outside of PowerShell
[22.253s] DEBUG:colcon.colcon_core.shell:Skip shell extension 'dsv' for command environment
[22.837s] DEBUG:colcon.colcon_core.event_handler.log_command:Invoking command in '/home/ros2_senior/Senior-Design/ros2_roam_bot/build/ros2_control_demos': AMENT_PREFIX_PATH=/home/ros2_senior/Senior-Design/ros2_roam_bot/install/roam_bot:/home/ros2_senior/Senior-Design/ros2_roam_bot/install/ros2_control_demo_description:${AMENT_PREFIX_PATH} CMAKE_PREFIX_PATH=/home/ros2_senior/Senior-Design/ros2_roam_bot/install/roam_bot:/home/ros2_senior/Senior-Design/ros2_roam_bot/install/ros2_control_demo_description:/opt/ros/jazzy/opt/gz_sim_vendor:/opt/ros/jazzy/opt/gz_sensors_vendor:/opt/ros/jazzy/opt/gz_physics_vendor:/opt/ros/jazzy/opt/sdformat_vendor:/opt/ros/jazzy/opt/gz_gui_vendor:/opt/ros/jazzy/opt/gz_transport_vendor:/opt/ros/jazzy/opt/gz_rendering_vendor:/opt/ros/jazzy/opt/gz_plugin_vendor:/opt/ros/jazzy/opt/gz_fuel_tools_vendor:/opt/ros/jazzy/opt/gz_msgs_vendor:/opt/ros/jazzy/opt/gz_common_vendor:/opt/ros/jazzy/opt/gz_math_vendor:/opt/ros/jazzy/opt/gz_utils_vendor:/opt/ros/jazzy/opt/gz_tools_vendor:/opt/ros/jazzy/opt/gz_ogre_next_vendor:/opt/ros/jazzy/opt/gz_dartsim_vendor:/opt/ros/jazzy/opt/gz_cmake_vendor:/opt/ros/jazzy DEBUGINFOD_URLS=https://debuginfod.ubuntu.com LD_LIBRARY_PATH=/home/ros2_senior/Senior-Design/ros2_roam_bot/install/roam_bot/lib:${LD_LIBRARY_PATH} /usr/bin/cmake /home/ros2_senior/Senior-Design/ros2_roam_bot/src/ros2_control_demos/ros2_control_demos -DAMENT_CMAKE_SYMLINK_INSTALL=1 -DCMAKE_INSTALL_PREFIX=/home/ros2_senior/Senior-Design/ros2_roam_bot/install/ros2_control_demos
[29.271s] DEBUG:colcon.colcon_core.event_handler.log_command:Invoked command in '/home/ros2_senior/Senior-Design/ros2_roam_bot/build/ros2_control_demos' returned '0': AMENT_PREFIX_PATH=/home/ros2_senior/Senior-Design/ros2_roam_bot/install/roam_bot:/home/ros2_senior/Senior-Design/ros2_roam_bot/install/ros2_control_demo_description:${AMENT_PREFIX_PATH} CMAKE_PREFIX_PATH=/home/ros2_senior/Senior-Design/ros2_roam_bot/install/roam_bot:/home/ros2_senior/Senior-Design/ros2_roam_bot/install/ros2_control_demo_description:/opt/ros/jazzy/opt/gz_sim_vendor:/opt/ros/jazzy/opt/gz_sensors_vendor:/opt/ros/jazzy/opt/gz_physics_vendor:/opt/ros/jazzy/opt/sdformat_vendor:/opt/ros/jazzy/opt/gz_gui_vendor:/opt/ros/jazzy/opt/gz_transport_vendor:/opt/ros/jazzy/opt/gz_rendering_vendor:/opt/ros/jazzy/opt/gz_plugin_vendor:/opt/ros/jazzy/opt/gz_fuel_tools_vendor:/opt/ros/jazzy/opt/gz_msgs_vendor:/opt/ros/jazzy/opt/gz_common_vendor:/opt/ros/jazzy/opt/gz_math_vendor:/opt/ros/jazzy/opt/gz_utils_vendor:/opt/ros/jazzy/opt/gz_tools_vendor:/opt/ros/jazzy/opt/gz_ogre_next_vendor:/opt/ros/jazzy/opt/gz_dartsim_vendor:/opt/ros/jazzy/opt/gz_cmake_vendor:/opt/ros/jazzy DEBUGINFOD_URLS=https://debuginfod.ubuntu.com LD_LIBRARY_PATH=/home/ros2_senior/Senior-Design/ros2_roam_bot/install/roam_bot/lib:${LD_LIBRARY_PATH} /usr/bin/cmake /home/ros2_senior/Senior-Design/ros2_roam_bot/src/ros2_control_demos/ros2_control_demos -DAMENT_CMAKE_SYMLINK_INSTALL=1 -DCMAKE_INSTALL_PREFIX=/home/ros2_senior/Senior-Design/ros2_roam_bot/install/ros2_control_demos
[29.272s] DEBUG:colcon.colcon_core.event_handler.log_command:Invoking command in '/home/ros2_senior/Senior-Design/ros2_roam_bot/build/ros2_control_demos': AMENT_PREFIX_PATH=/home/ros2_senior/Senior-Design/ros2_roam_bot/install/roam_bot:/home/ros2_senior/Senior-Design/ros2_roam_bot/install/ros2_control_demo_description:${AMENT_PREFIX_PATH} CMAKE_PREFIX_PATH=/home/ros2_senior/Senior-Design/ros2_roam_bot/install/roam_bot:/home/ros2_senior/Senior-Design/ros2_roam_bot/install/ros2_control_demo_description:/opt/ros/jazzy/opt/gz_sim_vendor:/opt/ros/jazzy/opt/gz_sensors_vendor:/opt/ros/jazzy/opt/gz_physics_vendor:/opt/ros/jazzy/opt/sdformat_vendor:/opt/ros/jazzy/opt/gz_gui_vendor:/opt/ros/jazzy/opt/gz_transport_vendor:/opt/ros/jazzy/opt/gz_rendering_vendor:/opt/ros/jazzy/opt/gz_plugin_vendor:/opt/ros/jazzy/opt/gz_fuel_tools_vendor:/opt/ros/jazzy/opt/gz_msgs_vendor:/opt/ros/jazzy/opt/gz_common_vendor:/opt/ros/jazzy/opt/gz_math_vendor:/opt/ros/jazzy/opt/gz_utils_vendor:/opt/ros/jazzy/opt/gz_tools_vendor:/opt/ros/jazzy/opt/gz_ogre_next_vendor:/opt/ros/jazzy/opt/gz_dartsim_vendor:/opt/ros/jazzy/opt/gz_cmake_vendor:/opt/ros/jazzy DEBUGINFOD_URLS=https://debuginfod.ubuntu.com LD_LIBRARY_PATH=/home/ros2_senior/Senior-Design/ros2_roam_bot/install/roam_bot/lib:${LD_LIBRARY_PATH} /usr/bin/cmake --build /home/ros2_senior/Senior-Design/ros2_roam_bot/build/ros2_control_demos -- -j8 -l8
[29.296s] DEBUG:colcon.colcon_core.event_handler.log_command:Invoked command in '/home/ros2_senior/Senior-Design/ros2_roam_bot/build/ros2_control_demos' returned '0': AMENT_PREFIX_PATH=/home/ros2_senior/Senior-Design/ros2_roam_bot/install/roam_bot:/home/ros2_senior/Senior-Design/ros2_roam_bot/install/ros2_control_demo_description:${AMENT_PREFIX_PATH} CMAKE_PREFIX_PATH=/home/ros2_senior/Senior-Design/ros2_roam_bot/install/roam_bot:/home/ros2_senior/Senior-Design/ros2_roam_bot/install/ros2_control_demo_description:/opt/ros/jazzy/opt/gz_sim_vendor:/opt/ros/jazzy/opt/gz_sensors_vendor:/opt/ros/jazzy/opt/gz_physics_vendor:/opt/ros/jazzy/opt/sdformat_vendor:/opt/ros/jazzy/opt/gz_gui_vendor:/opt/ros/jazzy/opt/gz_transport_vendor:/opt/ros/jazzy/opt/gz_rendering_vendor:/opt/ros/jazzy/opt/gz_plugin_vendor:/opt/ros/jazzy/opt/gz_fuel_tools_vendor:/opt/ros/jazzy/opt/gz_msgs_vendor:/opt/ros/jazzy/opt/gz_common_vendor:/opt/ros/jazzy/opt/gz_math_vendor:/opt/ros/jazzy/opt/gz_utils_vendor:/opt/ros/jazzy/opt/gz_tools_vendor:/opt/ros/jazzy/opt/gz_ogre_next_vendor:/opt/ros/jazzy/opt/gz_dartsim_vendor:/opt/ros/jazzy/opt/gz_cmake_vendor:/opt/ros/jazzy DEBUGINFOD_URLS=https://debuginfod.ubuntu.com LD_LIBRARY_PATH=/home/ros2_senior/Senior-Design/ros2_roam_bot/install/roam_bot/lib:${LD_LIBRARY_PATH} /usr/bin/cmake --build /home/ros2_senior/Senior-Design/ros2_roam_bot/build/ros2_control_demos -- -j8 -l8
[29.298s] DEBUG:colcon.colcon_core.event_handler.log_command:Invoking command in '/home/ros2_senior/Senior-Design/ros2_roam_bot/build/ros2_control_demos': AMENT_PREFIX_PATH=/home/ros2_senior/Senior-Design/ros2_roam_bot/install/roam_bot:/home/ros2_senior/Senior-Design/ros2_roam_bot/install/ros2_control_demo_description:${AMENT_PREFIX_PATH} CMAKE_PREFIX_PATH=/home/ros2_senior/Senior-Design/ros2_roam_bot/install/roam_bot:/home/ros2_senior/Senior-Design/ros2_roam_bot/install/ros2_control_demo_description:/opt/ros/jazzy/opt/gz_sim_vendor:/opt/ros/jazzy/opt/gz_sensors_vendor:/opt/ros/jazzy/opt/gz_physics_vendor:/opt/ros/jazzy/opt/sdformat_vendor:/opt/ros/jazzy/opt/gz_gui_vendor:/opt/ros/jazzy/opt/gz_transport_vendor:/opt/ros/jazzy/opt/gz_rendering_vendor:/opt/ros/jazzy/opt/gz_plugin_vendor:/opt/ros/jazzy/opt/gz_fuel_tools_vendor:/opt/ros/jazzy/opt/gz_msgs_vendor:/opt/ros/jazzy/opt/gz_common_vendor:/opt/ros/jazzy/opt/gz_math_vendor:/opt/ros/jazzy/opt/gz_utils_vendor:/opt/ros/jazzy/opt/gz_tools_vendor:/opt/ros/jazzy/opt/gz_ogre_next_vendor:/opt/ros/jazzy/opt/gz_dartsim_vendor:/opt/ros/jazzy/opt/gz_cmake_vendor:/opt/ros/jazzy DEBUGINFOD_URLS=https://debuginfod.ubuntu.com LD_LIBRARY_PATH=/home/ros2_senior/Senior-Design/ros2_roam_bot/install/roam_bot/lib:${LD_LIBRARY_PATH} /usr/bin/cmake --install /home/ros2_senior/Senior-Design/ros2_roam_bot/build/ros2_control_demos
[29.395s] Level 1:colcon.colcon_core.environment:create_environment_scripts_only(ros2_control_demos)
[29.395s] Level 1:colcon.colcon_core.environment:checking '/home/ros2_senior/Senior-Design/ros2_roam_bot/install/ros2_control_demos' for CMake module files
[29.396s] Level 1:colcon.colcon_core.environment:checking '/home/ros2_senior/Senior-Design/ros2_roam_bot/install/ros2_control_demos' for CMake config files
[29.396s] DEBUG:colcon.colcon_core.event_handler.log_command:Invoked command in '/home/ros2_senior/Senior-Design/ros2_roam_bot/build/ros2_control_demos' returned '0': AMENT_PREFIX_PATH=/home/ros2_senior/Senior-Design/ros2_roam_bot/install/roam_bot:/home/ros2_senior/Senior-Design/ros2_roam_bot/install/ros2_control_demo_description:${AMENT_PREFIX_PATH} CMAKE_PREFIX_PATH=/home/ros2_senior/Senior-Design/ros2_roam_bot/install/roam_bot:/home/ros2_senior/Senior-Design/ros2_roam_bot/install/ros2_control_demo_description:/opt/ros/jazzy/opt/gz_sim_vendor:/opt/ros/jazzy/opt/gz_sensors_vendor:/opt/ros/jazzy/opt/gz_physics_vendor:/opt/ros/jazzy/opt/sdformat_vendor:/opt/ros/jazzy/opt/gz_gui_vendor:/opt/ros/jazzy/opt/gz_transport_vendor:/opt/ros/jazzy/opt/gz_rendering_vendor:/opt/ros/jazzy/opt/gz_plugin_vendor:/opt/ros/jazzy/opt/gz_fuel_tools_vendor:/opt/ros/jazzy/opt/gz_msgs_vendor:/opt/ros/jazzy/opt/gz_common_vendor:/opt/ros/jazzy/opt/gz_math_vendor:/opt/ros/jazzy/opt/gz_utils_vendor:/opt/ros/jazzy/opt/gz_tools_vendor:/opt/ros/jazzy/opt/gz_ogre_next_vendor:/opt/ros/jazzy/opt/gz_dartsim_vendor:/opt/ros/jazzy/opt/gz_cmake_vendor:/opt/ros/jazzy DEBUGINFOD_URLS=https://debuginfod.ubuntu.com LD_LIBRARY_PATH=/home/ros2_senior/Senior-Design/ros2_roam_bot/install/roam_bot/lib:${LD_LIBRARY_PATH} /usr/bin/cmake --install /home/ros2_senior/Senior-Design/ros2_roam_bot/build/ros2_control_demos
[29.396s] Level 1:colcon.colcon_core.shell:create_environment_hook('ros2_control_demos', 'cmake_prefix_path')
[29.397s] INFO:colcon.colcon_core.shell:Creating environment hook '/home/ros2_senior/Senior-Design/ros2_roam_bot/install/ros2_control_demos/share/ros2_control_demos/hook/cmake_prefix_path.ps1'
[29.397s] INFO:colcon.colcon_core.shell:Creating environment descriptor '/home/ros2_senior/Senior-Design/ros2_roam_bot/install/ros2_control_demos/share/ros2_control_demos/hook/cmake_prefix_path.dsv'
[29.397s] INFO:colcon.colcon_core.shell:Creating environment hook '/home/ros2_senior/Senior-Design/ros2_roam_bot/install/ros2_control_demos/share/ros2_control_demos/hook/cmake_prefix_path.sh'
[29.398s] Level 1:colcon.colcon_core.environment:checking '/home/ros2_senior/Senior-Design/ros2_roam_bot/install/ros2_control_demos/bin'
[29.398s] Level 1:colcon.colcon_core.environment:checking '/home/ros2_senior/Senior-Design/ros2_roam_bot/install/ros2_control_demos/lib/pkgconfig/ros2_control_demos.pc'
[29.398s] Level 1:colcon.colcon_core.environment:checking '/home/ros2_senior/Senior-Design/ros2_roam_bot/install/ros2_control_demos/lib/python3.12/site-packages'
[29.398s] Level 1:colcon.colcon_core.environment:checking '/home/ros2_senior/Senior-Design/ros2_roam_bot/install/ros2_control_demos/bin'
[29.399s] INFO:colcon.colcon_core.shell:Creating package script '/home/ros2_senior/Senior-Design/ros2_roam_bot/install/ros2_control_demos/share/ros2_control_demos/package.ps1'
[29.400s] INFO:colcon.colcon_core.shell:Creating package descriptor '/home/ros2_senior/Senior-Design/ros2_roam_bot/install/ros2_control_demos/share/ros2_control_demos/package.dsv'
[29.400s] INFO:colcon.colcon_core.shell:Creating package script '/home/ros2_senior/Senior-Design/ros2_roam_bot/install/ros2_control_demos/share/ros2_control_demos/package.sh'
[29.400s] INFO:colcon.colcon_core.shell:Creating package script '/home/ros2_senior/Senior-Design/ros2_roam_bot/install/ros2_control_demos/share/ros2_control_demos/package.bash'
[29.401s] INFO:colcon.colcon_core.shell:Creating package script '/home/ros2_senior/Senior-Design/ros2_roam_bot/install/ros2_control_demos/share/ros2_control_demos/package.zsh'
[29.401s] Level 1:colcon.colcon_core.environment:create_file_with_runtime_dependencies(/home/ros2_senior/Senior-Design/ros2_roam_bot/install/ros2_control_demos/share/colcon-core/packages/ros2_control_demos)
[29.401s] Level 1:colcon.colcon_core.environment:create_environment_scripts_only(ros2_control_demos)
[29.401s] Level 1:colcon.colcon_core.environment:checking '/home/ros2_senior/Senior-Design/ros2_roam_bot/install/ros2_control_demos' for CMake module files
[29.402s] Level 1:colcon.colcon_core.environment:checking '/home/ros2_senior/Senior-Design/ros2_roam_bot/install/ros2_control_demos' for CMake config files
[29.402s] Level 1:colcon.colcon_core.shell:create_environment_hook('ros2_control_demos', 'cmake_prefix_path')
[29.402s] INFO:colcon.colcon_core.shell:Creating environment hook '/home/ros2_senior/Senior-Design/ros2_roam_bot/install/ros2_control_demos/share/ros2_control_demos/hook/cmake_prefix_path.ps1'
[29.402s] INFO:colcon.colcon_core.shell:Creating environment descriptor '/home/ros2_senior/Senior-Design/ros2_roam_bot/install/ros2_control_demos/share/ros2_control_demos/hook/cmake_prefix_path.dsv'
[29.403s] INFO:colcon.colcon_core.shell:Creating environment hook '/home/ros2_senior/Senior-Design/ros2_roam_bot/install/ros2_control_demos/share/ros2_control_demos/hook/cmake_prefix_path.sh'
[29.403s] Level 1:colcon.colcon_core.environment:checking '/home/ros2_senior/Senior-Design/ros2_roam_bot/install/ros2_control_demos/bin'
[29.403s] Level 1:colcon.colcon_core.environment:checking '/home/ros2_senior/Senior-Design/ros2_roam_bot/install/ros2_control_demos/lib/pkgconfig/ros2_control_demos.pc'
[29.403s] Level 1:colcon.colcon_core.environment:checking '/home/ros2_senior/Senior-Design/ros2_roam_bot/install/ros2_control_demos/lib/python3.12/site-packages'
[29.403s] Level 1:colcon.colcon_core.environment:checking '/home/ros2_senior/Senior-Design/ros2_roam_bot/install/ros2_control_demos/bin'
[29.404s] INFO:colcon.colcon_core.shell:Creating package script '/home/ros2_senior/Senior-Design/ros2_roam_bot/install/ros2_control_demos/share/ros2_control_demos/package.ps1'
[29.404s] INFO:colcon.colcon_core.shell:Creating package descriptor '/home/ros2_senior/Senior-Design/ros2_roam_bot/install/ros2_control_demos/share/ros2_control_demos/package.dsv'
[29.404s] INFO:colcon.colcon_core.shell:Creating package script '/home/ros2_senior/Senior-Design/ros2_roam_bot/install/ros2_control_demos/share/ros2_control_demos/package.sh'
[29.405s] INFO:colcon.colcon_core.shell:Creating package script '/home/ros2_senior/Senior-Design/ros2_roam_bot/install/ros2_control_demos/share/ros2_control_demos/package.bash'
[29.405s] INFO:colcon.colcon_core.shell:Creating package script '/home/ros2_senior/Senior-Design/ros2_roam_bot/install/ros2_control_demos/share/ros2_control_demos/package.zsh'
[29.405s] Level 1:colcon.colcon_core.environment:create_file_with_runtime_dependencies(/home/ros2_senior/Senior-Design/ros2_roam_bot/install/ros2_control_demos/share/colcon-core/packages/ros2_control_demos)
[29.406s] DEBUG:colcon.colcon_parallel_executor.executor.parallel:closing loop
[29.406s] DEBUG:colcon.colcon_parallel_executor.executor.parallel:loop closed
[29.406s] DEBUG:colcon.colcon_parallel_executor.executor.parallel:run_until_complete finished with '0'
[29.407s] DEBUG:colcon.colcon_core.event_reactor:joining thread
[29.753s] INFO:colcon.colcon_core.plugin_system:Skipping extension 'colcon_notification.desktop_notification.notify_send': Could not find 'notify-send'
[29.753s] INFO:colcon.colcon_core.plugin_system:Skipping extension 'colcon_notification.desktop_notification.terminal_notifier': Not used on non-Darwin systems
[29.753s] INFO:colcon.colcon_core.plugin_system:Skipping extension 'colcon_notification.desktop_notification.win32': Not used on non-Windows systems
[29.754s] INFO:colcon.colcon_notification.desktop_notification:Sending desktop notification using 'notify2'
[29.816s] DEBUG:colcon.colcon_notification.desktop_notification.notify2:Failed to initialize notify2: org.freedesktop.DBus.Error.ServiceUnknown: The name org.freedesktop.Notifications was not provided by any .service files
[29.817s] DEBUG:colcon.colcon_core.event_reactor:joined thread
[29.817s] INFO:colcon.colcon_core.shell:Creating prefix script '/home/ros2_senior/Senior-Design/ros2_roam_bot/install/local_setup.ps1'
[29.819s] INFO:colcon.colcon_core.shell:Creating prefix util module '/home/ros2_senior/Senior-Design/ros2_roam_bot/install/_local_setup_util_ps1.py'
[29.821s] INFO:colcon.colcon_core.shell:Creating prefix chain script '/home/ros2_senior/Senior-Design/ros2_roam_bot/install/setup.ps1'
[29.822s] INFO:colcon.colcon_core.shell:Creating prefix script '/home/ros2_senior/Senior-Design/ros2_roam_bot/install/local_setup.sh'
[29.823s] INFO:colcon.colcon_core.shell:Creating prefix util module '/home/ros2_senior/Senior-Design/ros2_roam_bot/install/_local_setup_util_sh.py'
[29.823s] INFO:colcon.colcon_core.shell:Creating prefix chain script '/home/ros2_senior/Senior-Design/ros2_roam_bot/install/setup.sh'
[29.824s] INFO:colcon.colcon_core.shell:Creating prefix script '/home/ros2_senior/Senior-Design/ros2_roam_bot/install/local_setup.bash'
[29.826s] INFO:colcon.colcon_core.shell:Creating prefix chain script '/home/ros2_senior/Senior-Design/ros2_roam_bot/install/setup.bash'
[29.828s] INFO:colcon.colcon_core.shell:Creating prefix script '/home/ros2_senior/Senior-Design/ros2_roam_bot/install/local_setup.zsh'
[29.829s] INFO:colcon.colcon_core.shell:Creating prefix chain script '/home/ros2_senior/Senior-Design/ros2_roam_bot/install/setup.zsh'
