-- The C compiler identification is GNU 13.3.0
-- The CXX compiler identification is GNU 13.3.0
-- Detecting C compiler ABI info
-- Detecting C compiler ABI info - done
-- Check for working C compiler: /usr/bin/cc - skipped
-- Detecting C compile features
-- Detecting C compile features - done
-- Detecting CXX compiler ABI info
-- Detecting CXX compiler ABI info - done
-- Check for working CXX compiler: /usr/bin/c++ - skipped
-- Detecting CXX compile features
-- Detecting CXX compile features - done
-- Found ament_cmake: 2.5.3 (/opt/ros/jazzy/share/ament_cmake/cmake)
-- Found Python3: /usr/bin/python3 (found version "3.12.3") found components: Interpreter 
-- Override CMake install command with custom implementation using symlinks instead of copying resources
-- Configuring done (5.3s)
-- Generating done (0.0s)
-- Build files have been written to: /home/ros2_test/Senior-Design/ROS2_Roam_Bot/build/ros2_control_demos
-- Install configuration: ""
-- Execute custom install script
-- Symlinking: /home/ros2_test/Senior-Design/ROS2_Roam_Bot/install/ros2_control_demos/share/ament_index/resource_index/package_run_dependencies/ros2_control_demos
-- Symlinking: /home/ros2_test/Senior-Design/ROS2_Roam_Bot/install/ros2_control_demos/share/ament_index/resource_index/parent_prefix_path/ros2_control_demos
-- Symlinking: /home/ros2_test/Senior-Design/ROS2_Roam_Bot/install/ros2_control_demos/share/ros2_control_demos/environment/ament_prefix_path.sh
-- Symlinking: /home/ros2_test/Senior-Design/ROS2_Roam_Bot/install/ros2_control_demos/share/ros2_control_demos/environment/ament_prefix_path.dsv
-- Symlinking: /home/ros2_test/Senior-Design/ROS2_Roam_Bot/install/ros2_control_demos/share/ros2_control_demos/environment/path.sh
-- Symlinking: /home/ros2_test/Senior-Design/ROS2_Roam_Bot/install/ros2_control_demos/share/ros2_control_demos/environment/path.dsv
-- Symlinking: /home/ros2_test/Senior-Design/ROS2_Roam_Bot/install/ros2_control_demos/share/ros2_control_demos/local_setup.bash
-- Symlinking: /home/ros2_test/Senior-Design/ROS2_Roam_Bot/install/ros2_control_demos/share/ros2_control_demos/local_setup.sh
-- Symlinking: /home/ros2_test/Senior-Design/ROS2_Roam_Bot/install/ros2_control_demos/share/ros2_control_demos/local_setup.zsh
-- Symlinking: /home/ros2_test/Senior-Design/ROS2_Roam_Bot/install/ros2_control_demos/share/ros2_control_demos/local_setup.dsv
-- Symlinking: /home/ros2_test/Senior-Design/ROS2_Roam_Bot/install/ros2_control_demos/share/ros2_control_demos/package.dsv
-- Symlinking: /home/ros2_test/Senior-Design/ROS2_Roam_Bot/install/ros2_control_demos/share/ament_index/resource_index/packages/ros2_control_demos
-- Symlinking: /home/ros2_test/Senior-Design/ROS2_Roam_Bot/install/ros2_control_demos/share/ros2_control_demos/cmake/ros2_control_demosConfig.cmake
-- Symlinking: /home/ros2_test/Senior-Design/ROS2_Roam_Bot/install/ros2_control_demos/share/ros2_control_demos/cmake/ros2_control_demosConfig-version.cmake
-- Symlinking: /home/ros2_test/Senior-Design/ROS2_Roam_Bot/install/ros2_control_demos/share/ros2_control_demos/package.xml
