[0.583s] Invoking command in '/home/ros2_senior/Senior-Design/ros2_roam_bot/build/ros2_control_demos': AMENT_PREFIX_PATH=/home/ros2_senior/Senior-Design/ros2_roam_bot/install/roam_bot:/home/ros2_senior/Senior-Design/ros2_roam_bot/install/ros2_control_demo_description:${AMENT_PREFIX_PATH} CMAKE_PREFIX_PATH=/home/ros2_senior/Senior-Design/ros2_roam_bot/install/roam_bot:/home/ros2_senior/Senior-Design/ros2_roam_bot/install/ros2_control_demo_description:/opt/ros/jazzy/opt/gz_sim_vendor:/opt/ros/jazzy/opt/gz_sensors_vendor:/opt/ros/jazzy/opt/gz_physics_vendor:/opt/ros/jazzy/opt/sdformat_vendor:/opt/ros/jazzy/opt/gz_gui_vendor:/opt/ros/jazzy/opt/gz_transport_vendor:/opt/ros/jazzy/opt/gz_rendering_vendor:/opt/ros/jazzy/opt/gz_plugin_vendor:/opt/ros/jazzy/opt/gz_fuel_tools_vendor:/opt/ros/jazzy/opt/gz_msgs_vendor:/opt/ros/jazzy/opt/gz_common_vendor:/opt/ros/jazzy/opt/gz_math_vendor:/opt/ros/jazzy/opt/gz_utils_vendor:/opt/ros/jazzy/opt/gz_tools_vendor:/opt/ros/jazzy/opt/gz_ogre_next_vendor:/opt/ros/jazzy/opt/gz_dartsim_vendor:/opt/ros/jazzy/opt/gz_cmake_vendor:/opt/ros/jazzy DEBUGINFOD_URLS=https://debuginfod.ubuntu.com LD_LIBRARY_PATH=/home/ros2_senior/Senior-Design/ros2_roam_bot/install/roam_bot/lib:${LD_LIBRARY_PATH} /usr/bin/cmake /home/ros2_senior/Senior-Design/ros2_roam_bot/src/ros2_control_demos/ros2_control_demos -DAMENT_CMAKE_SYMLINK_INSTALL=1 -DCMAKE_INSTALL_PREFIX=/home/ros2_senior/Senior-Design/ros2_roam_bot/install/ros2_control_demos
[0.763s] -- The C compiler identification is GNU 13.3.0
[3.117s] -- The CXX compiler identification is GNU 13.3.0
[5.287s] -- Detecting C compiler ABI info
[5.498s] -- Detecting C compiler ABI info - done
[5.504s] -- Check for working C compiler: /usr/bin/cc - skipped
[5.504s] -- Detecting C compile features
[5.505s] -- Detecting C compile features - done
[5.585s] -- Detecting CXX compiler ABI info
[5.816s] -- Detecting CXX compiler ABI info - done
[5.822s] -- Check for working CXX compiler: /usr/bin/c++ - skipped
[5.822s] -- Detecting CXX compile features
[5.822s] -- Detecting CXX compile features - done
[5.825s] -- Found ament_cmake: 2.5.3 (/opt/ros/jazzy/share/ament_cmake/cmake)
[5.925s] -- Found Python3: /usr/bin/python3 (found version "3.12.3") found components: Interpreter 
[5.976s] -- Override CMake install command with custom implementation using symlinks instead of copying resources
[6.065s] -- Configuring done (5.5s)
[6.068s] -- Generating done (0.0s)
[6.069s] -- Build files have been written to: /home/ros2_senior/Senior-Design/ros2_roam_bot/build/ros2_control_demos
[6.073s] Invoked command in '/home/ros2_senior/Senior-Design/ros2_roam_bot/build/ros2_control_demos' returned '0': AMENT_PREFIX_PATH=/home/ros2_senior/Senior-Design/ros2_roam_bot/install/roam_bot:/home/ros2_senior/Senior-Design/ros2_roam_bot/install/ros2_control_demo_description:${AMENT_PREFIX_PATH} CMAKE_PREFIX_PATH=/home/ros2_senior/Senior-Design/ros2_roam_bot/install/roam_bot:/home/ros2_senior/Senior-Design/ros2_roam_bot/install/ros2_control_demo_description:/opt/ros/jazzy/opt/gz_sim_vendor:/opt/ros/jazzy/opt/gz_sensors_vendor:/opt/ros/jazzy/opt/gz_physics_vendor:/opt/ros/jazzy/opt/sdformat_vendor:/opt/ros/jazzy/opt/gz_gui_vendor:/opt/ros/jazzy/opt/gz_transport_vendor:/opt/ros/jazzy/opt/gz_rendering_vendor:/opt/ros/jazzy/opt/gz_plugin_vendor:/opt/ros/jazzy/opt/gz_fuel_tools_vendor:/opt/ros/jazzy/opt/gz_msgs_vendor:/opt/ros/jazzy/opt/gz_common_vendor:/opt/ros/jazzy/opt/gz_math_vendor:/opt/ros/jazzy/opt/gz_utils_vendor:/opt/ros/jazzy/opt/gz_tools_vendor:/opt/ros/jazzy/opt/gz_ogre_next_vendor:/opt/ros/jazzy/opt/gz_dartsim_vendor:/opt/ros/jazzy/opt/gz_cmake_vendor:/opt/ros/jazzy DEBUGINFOD_URLS=https://debuginfod.ubuntu.com LD_LIBRARY_PATH=/home/ros2_senior/Senior-Design/ros2_roam_bot/install/roam_bot/lib:${LD_LIBRARY_PATH} /usr/bin/cmake /home/ros2_senior/Senior-Design/ros2_roam_bot/src/ros2_control_demos/ros2_control_demos -DAMENT_CMAKE_SYMLINK_INSTALL=1 -DCMAKE_INSTALL_PREFIX=/home/ros2_senior/Senior-Design/ros2_roam_bot/install/ros2_control_demos
[6.074s] Invoking command in '/home/ros2_senior/Senior-Design/ros2_roam_bot/build/ros2_control_demos': AMENT_PREFIX_PATH=/home/ros2_senior/Senior-Design/ros2_roam_bot/install/roam_bot:/home/ros2_senior/Senior-Design/ros2_roam_bot/install/ros2_control_demo_description:${AMENT_PREFIX_PATH} CMAKE_PREFIX_PATH=/home/ros2_senior/Senior-Design/ros2_roam_bot/install/roam_bot:/home/ros2_senior/Senior-Design/ros2_roam_bot/install/ros2_control_demo_description:/opt/ros/jazzy/opt/gz_sim_vendor:/opt/ros/jazzy/opt/gz_sensors_vendor:/opt/ros/jazzy/opt/gz_physics_vendor:/opt/ros/jazzy/opt/sdformat_vendor:/opt/ros/jazzy/opt/gz_gui_vendor:/opt/ros/jazzy/opt/gz_transport_vendor:/opt/ros/jazzy/opt/gz_rendering_vendor:/opt/ros/jazzy/opt/gz_plugin_vendor:/opt/ros/jazzy/opt/gz_fuel_tools_vendor:/opt/ros/jazzy/opt/gz_msgs_vendor:/opt/ros/jazzy/opt/gz_common_vendor:/opt/ros/jazzy/opt/gz_math_vendor:/opt/ros/jazzy/opt/gz_utils_vendor:/opt/ros/jazzy/opt/gz_tools_vendor:/opt/ros/jazzy/opt/gz_ogre_next_vendor:/opt/ros/jazzy/opt/gz_dartsim_vendor:/opt/ros/jazzy/opt/gz_cmake_vendor:/opt/ros/jazzy DEBUGINFOD_URLS=https://debuginfod.ubuntu.com LD_LIBRARY_PATH=/home/ros2_senior/Senior-Design/ros2_roam_bot/install/roam_bot/lib:${LD_LIBRARY_PATH} /usr/bin/cmake --build /home/ros2_senior/Senior-Design/ros2_roam_bot/build/ros2_control_demos -- -j8 -l8
[6.098s] Invoked command in '/home/ros2_senior/Senior-Design/ros2_roam_bot/build/ros2_control_demos' returned '0': AMENT_PREFIX_PATH=/home/ros2_senior/Senior-Design/ros2_roam_bot/install/roam_bot:/home/ros2_senior/Senior-Design/ros2_roam_bot/install/ros2_control_demo_description:${AMENT_PREFIX_PATH} CMAKE_PREFIX_PATH=/home/ros2_senior/Senior-Design/ros2_roam_bot/install/roam_bot:/home/ros2_senior/Senior-Design/ros2_roam_bot/install/ros2_control_demo_description:/opt/ros/jazzy/opt/gz_sim_vendor:/opt/ros/jazzy/opt/gz_sensors_vendor:/opt/ros/jazzy/opt/gz_physics_vendor:/opt/ros/jazzy/opt/sdformat_vendor:/opt/ros/jazzy/opt/gz_gui_vendor:/opt/ros/jazzy/opt/gz_transport_vendor:/opt/ros/jazzy/opt/gz_rendering_vendor:/opt/ros/jazzy/opt/gz_plugin_vendor:/opt/ros/jazzy/opt/gz_fuel_tools_vendor:/opt/ros/jazzy/opt/gz_msgs_vendor:/opt/ros/jazzy/opt/gz_common_vendor:/opt/ros/jazzy/opt/gz_math_vendor:/opt/ros/jazzy/opt/gz_utils_vendor:/opt/ros/jazzy/opt/gz_tools_vendor:/opt/ros/jazzy/opt/gz_ogre_next_vendor:/opt/ros/jazzy/opt/gz_dartsim_vendor:/opt/ros/jazzy/opt/gz_cmake_vendor:/opt/ros/jazzy DEBUGINFOD_URLS=https://debuginfod.ubuntu.com LD_LIBRARY_PATH=/home/ros2_senior/Senior-Design/ros2_roam_bot/install/roam_bot/lib:${LD_LIBRARY_PATH} /usr/bin/cmake --build /home/ros2_senior/Senior-Design/ros2_roam_bot/build/ros2_control_demos -- -j8 -l8
[6.100s] Invoking command in '/home/ros2_senior/Senior-Design/ros2_roam_bot/build/ros2_control_demos': AMENT_PREFIX_PATH=/home/ros2_senior/Senior-Design/ros2_roam_bot/install/roam_bot:/home/ros2_senior/Senior-Design/ros2_roam_bot/install/ros2_control_demo_description:${AMENT_PREFIX_PATH} CMAKE_PREFIX_PATH=/home/ros2_senior/Senior-Design/ros2_roam_bot/install/roam_bot:/home/ros2_senior/Senior-Design/ros2_roam_bot/install/ros2_control_demo_description:/opt/ros/jazzy/opt/gz_sim_vendor:/opt/ros/jazzy/opt/gz_sensors_vendor:/opt/ros/jazzy/opt/gz_physics_vendor:/opt/ros/jazzy/opt/sdformat_vendor:/opt/ros/jazzy/opt/gz_gui_vendor:/opt/ros/jazzy/opt/gz_transport_vendor:/opt/ros/jazzy/opt/gz_rendering_vendor:/opt/ros/jazzy/opt/gz_plugin_vendor:/opt/ros/jazzy/opt/gz_fuel_tools_vendor:/opt/ros/jazzy/opt/gz_msgs_vendor:/opt/ros/jazzy/opt/gz_common_vendor:/opt/ros/jazzy/opt/gz_math_vendor:/opt/ros/jazzy/opt/gz_utils_vendor:/opt/ros/jazzy/opt/gz_tools_vendor:/opt/ros/jazzy/opt/gz_ogre_next_vendor:/opt/ros/jazzy/opt/gz_dartsim_vendor:/opt/ros/jazzy/opt/gz_cmake_vendor:/opt/ros/jazzy DEBUGINFOD_URLS=https://debuginfod.ubuntu.com LD_LIBRARY_PATH=/home/ros2_senior/Senior-Design/ros2_roam_bot/install/roam_bot/lib:${LD_LIBRARY_PATH} /usr/bin/cmake --install /home/ros2_senior/Senior-Design/ros2_roam_bot/build/ros2_control_demos
[6.104s] -- Install configuration: ""
[6.104s] -- Execute custom install script
[6.105s] -- Symlinking: /home/ros2_senior/Senior-Design/ros2_roam_bot/install/ros2_control_demos/share/ament_index/resource_index/package_run_dependencies/ros2_control_demos
[6.110s] -- Symlinking: /home/ros2_senior/Senior-Design/ros2_roam_bot/install/ros2_control_demos/share/ament_index/resource_index/parent_prefix_path/ros2_control_demos
[6.116s] -- Symlinking: /home/ros2_senior/Senior-Design/ros2_roam_bot/install/ros2_control_demos/share/ros2_control_demos/environment/ament_prefix_path.sh
[6.122s] -- Symlinking: /home/ros2_senior/Senior-Design/ros2_roam_bot/install/ros2_control_demos/share/ros2_control_demos/environment/ament_prefix_path.dsv
[6.128s] -- Symlinking: /home/ros2_senior/Senior-Design/ros2_roam_bot/install/ros2_control_demos/share/ros2_control_demos/environment/path.sh
[6.133s] -- Symlinking: /home/ros2_senior/Senior-Design/ros2_roam_bot/install/ros2_control_demos/share/ros2_control_demos/environment/path.dsv
[6.139s] -- Symlinking: /home/ros2_senior/Senior-Design/ros2_roam_bot/install/ros2_control_demos/share/ros2_control_demos/local_setup.bash
[6.145s] -- Symlinking: /home/ros2_senior/Senior-Design/ros2_roam_bot/install/ros2_control_demos/share/ros2_control_demos/local_setup.sh
[6.151s] -- Symlinking: /home/ros2_senior/Senior-Design/ros2_roam_bot/install/ros2_control_demos/share/ros2_control_demos/local_setup.zsh
[6.156s] -- Symlinking: /home/ros2_senior/Senior-Design/ros2_roam_bot/install/ros2_control_demos/share/ros2_control_demos/local_setup.dsv
[6.162s] -- Symlinking: /home/ros2_senior/Senior-Design/ros2_roam_bot/install/ros2_control_demos/share/ros2_control_demos/package.dsv
[6.170s] -- Symlinking: /home/ros2_senior/Senior-Design/ros2_roam_bot/install/ros2_control_demos/share/ament_index/resource_index/packages/ros2_control_demos
[6.178s] -- Symlinking: /home/ros2_senior/Senior-Design/ros2_roam_bot/install/ros2_control_demos/share/ros2_control_demos/cmake/ros2_control_demosConfig.cmake
[6.184s] -- Symlinking: /home/ros2_senior/Senior-Design/ros2_roam_bot/install/ros2_control_demos/share/ros2_control_demos/cmake/ros2_control_demosConfig-version.cmake
[6.190s] -- Symlinking: /home/ros2_senior/Senior-Design/ros2_roam_bot/install/ros2_control_demos/share/ros2_control_demos/package.xml
[6.198s] Invoked command in '/home/ros2_senior/Senior-Design/ros2_roam_bot/build/ros2_control_demos' returned '0': AMENT_PREFIX_PATH=/home/ros2_senior/Senior-Design/ros2_roam_bot/install/roam_bot:/home/ros2_senior/Senior-Design/ros2_roam_bot/install/ros2_control_demo_description:${AMENT_PREFIX_PATH} CMAKE_PREFIX_PATH=/home/ros2_senior/Senior-Design/ros2_roam_bot/install/roam_bot:/home/ros2_senior/Senior-Design/ros2_roam_bot/install/ros2_control_demo_description:/opt/ros/jazzy/opt/gz_sim_vendor:/opt/ros/jazzy/opt/gz_sensors_vendor:/opt/ros/jazzy/opt/gz_physics_vendor:/opt/ros/jazzy/opt/sdformat_vendor:/opt/ros/jazzy/opt/gz_gui_vendor:/opt/ros/jazzy/opt/gz_transport_vendor:/opt/ros/jazzy/opt/gz_rendering_vendor:/opt/ros/jazzy/opt/gz_plugin_vendor:/opt/ros/jazzy/opt/gz_fuel_tools_vendor:/opt/ros/jazzy/opt/gz_msgs_vendor:/opt/ros/jazzy/opt/gz_common_vendor:/opt/ros/jazzy/opt/gz_math_vendor:/opt/ros/jazzy/opt/gz_utils_vendor:/opt/ros/jazzy/opt/gz_tools_vendor:/opt/ros/jazzy/opt/gz_ogre_next_vendor:/opt/ros/jazzy/opt/gz_dartsim_vendor:/opt/ros/jazzy/opt/gz_cmake_vendor:/opt/ros/jazzy DEBUGINFOD_URLS=https://debuginfod.ubuntu.com LD_LIBRARY_PATH=/home/ros2_senior/Senior-Design/ros2_roam_bot/install/roam_bot/lib:${LD_LIBRARY_PATH} /usr/bin/cmake --install /home/ros2_senior/Senior-Design/ros2_roam_bot/build/ros2_control_demos
