-- The CXX compiler identification is GNU 13.3.0
-- Detecting CXX compiler ABI info
-- Detecting CXX compiler ABI info - done
-- Check for working CXX compiler: /usr/bin/c++ - skipped
-- Detecting CXX compile features
-- Detecting CXX compile features - done
-- Found ros2_control_cmake: 0.1.1 (/opt/ros/jazzy/share/ros2_control_cmake/cmake)
-- Compiler warnings enabled for GNU
-- Detected GCC Version: 13.3.0 (Major: 13, Minor: 3)
-- Found controller_manager: 4.27.0 (/opt/ros/jazzy/share/controller_manager/cmake)
-- Found Python3: /usr/bin/python3 (found version "3.12.3") found components: Interpreter 
-- Override CMake install command with custom implementation using symlinks instead of copying resources
-- Found rosidl_generator_c: 4.6.5 (/opt/ros/jazzy/share/rosidl_generator_c/cmake)
-- Found rosidl_generator_cpp: 4.6.5 (/opt/ros/jazzy/share/rosidl_generator_cpp/cmake)
-- Using all available rosidl_typesupport_c: rosidl_typesupport_fastrtps_c;rosidl_typesupport_introspection_c
-- Using all available rosidl_typesupport_cpp: rosidl_typesupport_fastrtps_cpp;rosidl_typesupport_introspection_cpp
-- Found rmw_implementation_cmake: 7.3.2 (/opt/ros/jazzy/share/rmw_implementation_cmake/cmake)
-- Found rmw_fastrtps_cpp: 8.4.2 (/opt/ros/jazzy/share/rmw_fastrtps_cpp/cmake)
-- Found OpenSSL: /usr/lib/x86_64-linux-gnu/libcrypto.so (found version "3.0.13")  
-- Found FastRTPS: /opt/ros/jazzy/include (Required is at least version "2.13") 
-- Using RMW implementation 'rmw_fastrtps_cpp' as default
-- Found ament_cmake_pytest: 2.5.3 (/opt/ros/jazzy/share/ament_cmake_pytest/cmake)
-- Configuring done (8.4s)
-- Generating done (0.0s)
-- Build files have been written to: /home/ros2_senior/Senior-Design/ros2_roam_bot/build/roam_bot
[ 50%] [32mBuilding CXX object CMakeFiles/roam_bot.dir/hardware/diffbot_system.cpp.o[0m
[100%] [32m[1mLinking CXX shared library libroam_bot.so[0m
[100%] Built target roam_bot
-- Install configuration: ""
-- Execute custom install script
-- Symlinking: /home/ros2_senior/Senior-Design/ros2_roam_bot/install/roam_bot/share/roam_bot//roam_bot.xml
-- Symlinking: /home/ros2_senior/Senior-Design/ros2_roam_bot/install/roam_bot/include/roam_bot/roam_bot/arduino_comms.hpp
-- Symlinking: /home/ros2_senior/Senior-Design/ros2_roam_bot/install/roam_bot/include/roam_bot/roam_bot/diffbot_system.hpp
-- Symlinking: /home/ros2_senior/Senior-Design/ros2_roam_bot/install/roam_bot/include/roam_bot/roam_bot/wheel.hpp
-- Symlinking: /home/ros2_senior/Senior-Design/ros2_roam_bot/install/roam_bot/share/roam_bot/launch/view_robot.launch.py
-- Symlinking: /home/ros2_senior/Senior-Design/ros2_roam_bot/install/roam_bot/share/roam_bot/ros2_control/diffbot.ros2_control.xacro
-- Symlinking: /home/ros2_senior/Senior-Design/ros2_roam_bot/install/roam_bot/share/roam_bot/urdf/diffbot.urdf.xacro
-- Symlinking: /home/ros2_senior/Senior-Design/ros2_roam_bot/install/roam_bot/share/roam_bot/launch/diffbot.launch.py
-- Symlinking: /home/ros2_senior/Senior-Design/ros2_roam_bot/install/roam_bot/share/roam_bot/config/diffbot_controllers.yaml
-- Symlinking: /home/ros2_senior/Senior-Design/ros2_roam_bot/install/roam_bot/share/roam_bot/environment/library_path.sh
-- Symlinking: /home/ros2_senior/Senior-Design/ros2_roam_bot/install/roam_bot/share/roam_bot/environment/library_path.dsv
-- Symlinking: /home/ros2_senior/Senior-Design/ros2_roam_bot/install/roam_bot/share/ament_index/resource_index/package_run_dependencies/roam_bot
-- Symlinking: /home/ros2_senior/Senior-Design/ros2_roam_bot/install/roam_bot/share/ament_index/resource_index/parent_prefix_path/roam_bot
-- Symlinking: /home/ros2_senior/Senior-Design/ros2_roam_bot/install/roam_bot/share/roam_bot/environment/ament_prefix_path.sh
-- Symlinking: /home/ros2_senior/Senior-Design/ros2_roam_bot/install/roam_bot/share/roam_bot/environment/ament_prefix_path.dsv
-- Symlinking: /home/ros2_senior/Senior-Design/ros2_roam_bot/install/roam_bot/share/roam_bot/environment/path.sh
-- Symlinking: /home/ros2_senior/Senior-Design/ros2_roam_bot/install/roam_bot/share/roam_bot/environment/path.dsv
-- Symlinking: /home/ros2_senior/Senior-Design/ros2_roam_bot/install/roam_bot/share/roam_bot/local_setup.bash
-- Symlinking: /home/ros2_senior/Senior-Design/ros2_roam_bot/install/roam_bot/share/roam_bot/local_setup.sh
-- Symlinking: /home/ros2_senior/Senior-Design/ros2_roam_bot/install/roam_bot/share/roam_bot/local_setup.zsh
-- Symlinking: /home/ros2_senior/Senior-Design/ros2_roam_bot/install/roam_bot/share/roam_bot/local_setup.dsv
-- Symlinking: /home/ros2_senior/Senior-Design/ros2_roam_bot/install/roam_bot/share/roam_bot/package.dsv
-- Symlinking: /home/ros2_senior/Senior-Design/ros2_roam_bot/install/roam_bot/share/ament_index/resource_index/packages/roam_bot
-- Symlinking: /home/ros2_senior/Senior-Design/ros2_roam_bot/install/roam_bot/share/ament_index/resource_index/hardware_interface__pluginlib__plugin/roam_bot
-- Symlinking: /home/ros2_senior/Senior-Design/ros2_roam_bot/install/roam_bot/share/roam_bot/cmake/ament_cmake_export_targets-extras.cmake
-- Symlinking: /home/ros2_senior/Senior-Design/ros2_roam_bot/install/roam_bot/share/roam_bot/cmake/ament_cmake_export_dependencies-extras.cmake
-- Symlinking: /home/ros2_senior/Senior-Design/ros2_roam_bot/install/roam_bot/share/roam_bot/cmake/roam_botConfig.cmake
-- Symlinking: /home/ros2_senior/Senior-Design/ros2_roam_bot/install/roam_bot/share/roam_bot/cmake/roam_botConfig-version.cmake
-- Symlinking: /home/ros2_senior/Senior-Design/ros2_roam_bot/install/roam_bot/share/roam_bot/package.xml
-- Installing: /home/ros2_senior/Senior-Design/ros2_roam_bot/install/roam_bot/lib/libroam_bot.so
-- Set non-toolchain portion of runtime path of "/home/ros2_senior/Senior-Design/ros2_roam_bot/install/roam_bot/lib/libroam_bot.so" to ""
-- Installing: /home/ros2_senior/Senior-Design/ros2_roam_bot/install/roam_bot/share/roam_bot/cmake/export_roam_botExport.cmake
-- Installing: /home/ros2_senior/Senior-Design/ros2_roam_bot/install/roam_bot/share/roam_bot/cmake/export_roam_botExport-noconfig.cmake
