[1.166s] DEBUG:colcon:Command line arguments: ['/usr/bin/colcon', 'build', '--symlink-install']
[1.167s] DEBUG:colcon:Parsed command line arguments: Namespace(log_base=None, log_level=None, verb_name='build', build_base='build', install_base='install', merge_install=False, symlink_install=True, test_result_base=None, continue_on_error=False, executor='parallel', parallel_workers=8, event_handlers=None, ignore_user_meta=False, metas=['./colcon.meta'], base_paths=['.'], packages_ignore=None, packages_ignore_regex=None, paths=None, packages_up_to=None, packages_up_to_regex=None, packages_above=None, packages_above_and_dependencies=None, packages_above_depth=None, packages_select_by_dep=None, packages_skip_by_dep=None, packages_skip_up_to=None, packages_select_build_failed=False, packages_skip_build_finished=False, packages_select_test_failures=False, packages_skip_test_passed=False, packages_select=None, packages_skip=None, packages_select_regex=None, packages_skip_regex=None, packages_start=None, packages_end=None, allow_overriding=[], cmake_args=None, cmake_target=None, cmake_target_skip_unavailable=False, cmake_clean_cache=False, cmake_clean_first=False, cmake_force_configure=False, ament_cmake_args=None, catkin_cmake_args=None, catkin_skip_building_tests=False, verb_parser=<colcon_defaults.argument_parser.defaults.DefaultArgumentsDecorator object at 0x7f0a20bdc050>, verb_extension=<colcon_core.verb.build.BuildVerb object at 0x7f0a21830a70>, main=<bound method BuildVerb.main of <colcon_core.verb.build.BuildVerb object at 0x7f0a21830a70>>)
[1.388s] Level 1:colcon.colcon_core.package_discovery:discover_packages(colcon_meta) check parameters
[1.389s] Level 1:colcon.colcon_core.package_discovery:discover_packages(recursive) check parameters
[1.389s] Level 1:colcon.colcon_core.package_discovery:discover_packages(ignore) check parameters
[1.389s] Level 1:colcon.colcon_core.package_discovery:discover_packages(path) check parameters
[1.389s] Level 1:colcon.colcon_core.package_discovery:discover_packages(colcon_meta) discover
[1.389s] Level 1:colcon.colcon_core.package_discovery:discover_packages(recursive) discover
[1.389s] INFO:colcon.colcon_core.package_discovery:Crawling recursively for packages in '/home/ros2_test/Senior-Design/ROS2_Roam_Bot'
[1.389s] Level 1:colcon.colcon_core.package_identification:_identify(.) by extensions ['ignore', 'ignore_ament_install']
[1.389s] Level 1:colcon.colcon_core.package_identification:_identify(.) by extension 'ignore'
[1.389s] Level 1:colcon.colcon_core.package_identification:_identify(.) by extension 'ignore_ament_install'
[1.389s] Level 1:colcon.colcon_core.package_identification:_identify(.) by extensions ['colcon_pkg']
[1.389s] Level 1:colcon.colcon_core.package_identification:_identify(.) by extension 'colcon_pkg'
[1.389s] Level 1:colcon.colcon_core.package_identification:_identify(.) by extensions ['colcon_meta']
[1.389s] Level 1:colcon.colcon_core.package_identification:_identify(.) by extension 'colcon_meta'
[1.389s] Level 1:colcon.colcon_core.package_identification:_identify(.) by extensions ['ros']
[1.389s] Level 1:colcon.colcon_core.package_identification:_identify(.) by extension 'ros'
[1.516s] Level 1:colcon.colcon_core.package_identification:_identify(.) by extensions ['cmake', 'python']
[1.516s] Level 1:colcon.colcon_core.package_identification:_identify(.) by extension 'cmake'
[1.516s] Level 1:colcon.colcon_core.package_identification:_identify(.) by extension 'python'
[1.516s] Level 1:colcon.colcon_core.package_identification:_identify(.) by extensions ['python_setup_py']
[1.516s] Level 1:colcon.colcon_core.package_identification:_identify(.) by extension 'python_setup_py'
[1.516s] Level 1:colcon.colcon_core.package_identification:_identify(build) by extensions ['ignore', 'ignore_ament_install']
[1.516s] Level 1:colcon.colcon_core.package_identification:_identify(build) by extension 'ignore'
[1.516s] Level 1:colcon.colcon_core.package_identification:_identify(build) ignored
[1.516s] Level 1:colcon.colcon_core.package_identification:_identify(install) by extensions ['ignore', 'ignore_ament_install']
[1.516s] Level 1:colcon.colcon_core.package_identification:_identify(install) by extension 'ignore'
[1.516s] Level 1:colcon.colcon_core.package_identification:_identify(install) ignored
[1.517s] Level 1:colcon.colcon_core.package_identification:_identify(log) by extensions ['ignore', 'ignore_ament_install']
[1.517s] Level 1:colcon.colcon_core.package_identification:_identify(log) by extension 'ignore'
[1.517s] Level 1:colcon.colcon_core.package_identification:_identify(log) ignored
[1.517s] Level 1:colcon.colcon_core.package_identification:_identify(src) by extensions ['ignore', 'ignore_ament_install']
[1.517s] Level 1:colcon.colcon_core.package_identification:_identify(src) by extension 'ignore'
[1.517s] Level 1:colcon.colcon_core.package_identification:_identify(src) by extension 'ignore_ament_install'
[1.517s] Level 1:colcon.colcon_core.package_identification:_identify(src) by extensions ['colcon_pkg']
[1.517s] Level 1:colcon.colcon_core.package_identification:_identify(src) by extension 'colcon_pkg'
[1.517s] Level 1:colcon.colcon_core.package_identification:_identify(src) by extensions ['colcon_meta']
[1.517s] Level 1:colcon.colcon_core.package_identification:_identify(src) by extension 'colcon_meta'
[1.517s] Level 1:colcon.colcon_core.package_identification:_identify(src) by extensions ['ros']
[1.517s] Level 1:colcon.colcon_core.package_identification:_identify(src) by extension 'ros'
[1.517s] Level 1:colcon.colcon_core.package_identification:_identify(src) by extensions ['cmake', 'python']
[1.517s] Level 1:colcon.colcon_core.package_identification:_identify(src) by extension 'cmake'
[1.517s] Level 1:colcon.colcon_core.package_identification:_identify(src) by extension 'python'
[1.517s] Level 1:colcon.colcon_core.package_identification:_identify(src) by extensions ['python_setup_py']
[1.517s] Level 1:colcon.colcon_core.package_identification:_identify(src) by extension 'python_setup_py'
[1.518s] Level 1:colcon.colcon_core.package_identification:_identify(src/ros2_control_demos) by extensions ['ignore', 'ignore_ament_install']
[1.518s] Level 1:colcon.colcon_core.package_identification:_identify(src/ros2_control_demos) by extension 'ignore'
[1.518s] Level 1:colcon.colcon_core.package_identification:_identify(src/ros2_control_demos) by extension 'ignore_ament_install'
[1.518s] Level 1:colcon.colcon_core.package_identification:_identify(src/ros2_control_demos) by extensions ['colcon_pkg']
[1.518s] Level 1:colcon.colcon_core.package_identification:_identify(src/ros2_control_demos) by extension 'colcon_pkg'
[1.518s] Level 1:colcon.colcon_core.package_identification:_identify(src/ros2_control_demos) by extensions ['colcon_meta']
[1.518s] Level 1:colcon.colcon_core.package_identification:_identify(src/ros2_control_demos) by extension 'colcon_meta'
[1.518s] Level 1:colcon.colcon_core.package_identification:_identify(src/ros2_control_demos) by extensions ['ros']
[1.518s] Level 1:colcon.colcon_core.package_identification:_identify(src/ros2_control_demos) by extension 'ros'
[1.518s] Level 1:colcon.colcon_core.package_identification:_identify(src/ros2_control_demos) by extensions ['cmake', 'python']
[1.518s] Level 1:colcon.colcon_core.package_identification:_identify(src/ros2_control_demos) by extension 'cmake'
[1.518s] Level 1:colcon.colcon_core.package_identification:_identify(src/ros2_control_demos) by extension 'python'
[1.518s] Level 1:colcon.colcon_core.package_identification:_identify(src/ros2_control_demos) by extensions ['python_setup_py']
[1.518s] Level 1:colcon.colcon_core.package_identification:_identify(src/ros2_control_demos) by extension 'python_setup_py'
[1.518s] Level 1:colcon.colcon_core.package_identification:_identify(src/ros2_control_demos/Dockerfile) by extensions ['ignore', 'ignore_ament_install']
[1.518s] Level 1:colcon.colcon_core.package_identification:_identify(src/ros2_control_demos/Dockerfile) by extension 'ignore'
[1.518s] Level 1:colcon.colcon_core.package_identification:_identify(src/ros2_control_demos/Dockerfile) by extension 'ignore_ament_install'
[1.518s] Level 1:colcon.colcon_core.package_identification:_identify(src/ros2_control_demos/Dockerfile) by extensions ['colcon_pkg']
[1.518s] Level 1:colcon.colcon_core.package_identification:_identify(src/ros2_control_demos/Dockerfile) by extension 'colcon_pkg'
[1.518s] Level 1:colcon.colcon_core.package_identification:_identify(src/ros2_control_demos/Dockerfile) by extensions ['colcon_meta']
[1.518s] Level 1:colcon.colcon_core.package_identification:_identify(src/ros2_control_demos/Dockerfile) by extension 'colcon_meta'
[1.518s] Level 1:colcon.colcon_core.package_identification:_identify(src/ros2_control_demos/Dockerfile) by extensions ['ros']
[1.518s] Level 1:colcon.colcon_core.package_identification:_identify(src/ros2_control_demos/Dockerfile) by extension 'ros'
[1.518s] Level 1:colcon.colcon_core.package_identification:_identify(src/ros2_control_demos/Dockerfile) by extensions ['cmake', 'python']
[1.518s] Level 1:colcon.colcon_core.package_identification:_identify(src/ros2_control_demos/Dockerfile) by extension 'cmake'
[1.519s] Level 1:colcon.colcon_core.package_identification:_identify(src/ros2_control_demos/Dockerfile) by extension 'python'
[1.519s] Level 1:colcon.colcon_core.package_identification:_identify(src/ros2_control_demos/Dockerfile) by extensions ['python_setup_py']
[1.519s] Level 1:colcon.colcon_core.package_identification:_identify(src/ros2_control_demos/Dockerfile) by extension 'python_setup_py'
[1.519s] Level 1:colcon.colcon_core.package_identification:_identify(src/ros2_control_demos/doc) by extensions ['ignore', 'ignore_ament_install']
[1.519s] Level 1:colcon.colcon_core.package_identification:_identify(src/ros2_control_demos/doc) by extension 'ignore'
[1.519s] Level 1:colcon.colcon_core.package_identification:_identify(src/ros2_control_demos/doc) by extension 'ignore_ament_install'
[1.519s] Level 1:colcon.colcon_core.package_identification:_identify(src/ros2_control_demos/doc) by extensions ['colcon_pkg']
[1.519s] Level 1:colcon.colcon_core.package_identification:_identify(src/ros2_control_demos/doc) by extension 'colcon_pkg'
[1.519s] Level 1:colcon.colcon_core.package_identification:_identify(src/ros2_control_demos/doc) by extensions ['colcon_meta']
[1.519s] Level 1:colcon.colcon_core.package_identification:_identify(src/ros2_control_demos/doc) by extension 'colcon_meta'
[1.519s] Level 1:colcon.colcon_core.package_identification:_identify(src/ros2_control_demos/doc) by extensions ['ros']
[1.519s] Level 1:colcon.colcon_core.package_identification:_identify(src/ros2_control_demos/doc) by extension 'ros'
[1.519s] Level 1:colcon.colcon_core.package_identification:_identify(src/ros2_control_demos/doc) by extensions ['cmake', 'python']
[1.519s] Level 1:colcon.colcon_core.package_identification:_identify(src/ros2_control_demos/doc) by extension 'cmake'
[1.519s] Level 1:colcon.colcon_core.package_identification:_identify(src/ros2_control_demos/doc) by extension 'python'
[1.519s] Level 1:colcon.colcon_core.package_identification:_identify(src/ros2_control_demos/doc) by extensions ['python_setup_py']
[1.519s] Level 1:colcon.colcon_core.package_identification:_identify(src/ros2_control_demos/doc) by extension 'python_setup_py'
[1.519s] Level 1:colcon.colcon_core.package_identification:_identify(src/ros2_control_demos/example_2) by extensions ['ignore', 'ignore_ament_install']
[1.519s] Level 1:colcon.colcon_core.package_identification:_identify(src/ros2_control_demos/example_2) by extension 'ignore'
[1.519s] Level 1:colcon.colcon_core.package_identification:_identify(src/ros2_control_demos/example_2) by extension 'ignore_ament_install'
[1.519s] Level 1:colcon.colcon_core.package_identification:_identify(src/ros2_control_demos/example_2) by extensions ['colcon_pkg']
[1.520s] Level 1:colcon.colcon_core.package_identification:_identify(src/ros2_control_demos/example_2) by extension 'colcon_pkg'
[1.520s] Level 1:colcon.colcon_core.package_identification:_identify(src/ros2_control_demos/example_2) by extensions ['colcon_meta']
[1.520s] Level 1:colcon.colcon_core.package_identification:_identify(src/ros2_control_demos/example_2) by extension 'colcon_meta'
[1.520s] Level 1:colcon.colcon_core.package_identification:_identify(src/ros2_control_demos/example_2) by extensions ['ros']
[1.520s] Level 1:colcon.colcon_core.package_identification:_identify(src/ros2_control_demos/example_2) by extension 'ros'
[1.527s] DEBUG:colcon.colcon_core.package_identification:Package 'src/ros2_control_demos/example_2' with type 'ros.ament_cmake' and name 'ros2_control_demo_example_2'
[1.527s] Level 1:colcon.colcon_core.package_identification:_identify(src/ros2_control_demos/ros2_control_demo_description) by extensions ['ignore', 'ignore_ament_install']
[1.527s] Level 1:colcon.colcon_core.package_identification:_identify(src/ros2_control_demos/ros2_control_demo_description) by extension 'ignore'
[1.527s] Level 1:colcon.colcon_core.package_identification:_identify(src/ros2_control_demos/ros2_control_demo_description) by extension 'ignore_ament_install'
[1.527s] Level 1:colcon.colcon_core.package_identification:_identify(src/ros2_control_demos/ros2_control_demo_description) by extensions ['colcon_pkg']
[1.527s] Level 1:colcon.colcon_core.package_identification:_identify(src/ros2_control_demos/ros2_control_demo_description) by extension 'colcon_pkg'
[1.528s] Level 1:colcon.colcon_core.package_identification:_identify(src/ros2_control_demos/ros2_control_demo_description) by extensions ['colcon_meta']
[1.528s] Level 1:colcon.colcon_core.package_identification:_identify(src/ros2_control_demos/ros2_control_demo_description) by extension 'colcon_meta'
[1.528s] Level 1:colcon.colcon_core.package_identification:_identify(src/ros2_control_demos/ros2_control_demo_description) by extensions ['ros']
[1.528s] Level 1:colcon.colcon_core.package_identification:_identify(src/ros2_control_demos/ros2_control_demo_description) by extension 'ros'
[1.528s] DEBUG:colcon.colcon_core.package_identification:Package 'src/ros2_control_demos/ros2_control_demo_description' with type 'ros.ament_cmake' and name 'roam_bot'
[1.528s] Level 1:colcon.colcon_core.package_identification:_identify(src/ros2_control_demos/ros2_control_demos) by extensions ['ignore', 'ignore_ament_install']
[1.529s] Level 1:colcon.colcon_core.package_identification:_identify(src/ros2_control_demos/ros2_control_demos) by extension 'ignore'
[1.529s] Level 1:colcon.colcon_core.package_identification:_identify(src/ros2_control_demos/ros2_control_demos) by extension 'ignore_ament_install'
[1.529s] Level 1:colcon.colcon_core.package_identification:_identify(src/ros2_control_demos/ros2_control_demos) by extensions ['colcon_pkg']
[1.529s] Level 1:colcon.colcon_core.package_identification:_identify(src/ros2_control_demos/ros2_control_demos) by extension 'colcon_pkg'
[1.529s] Level 1:colcon.colcon_core.package_identification:_identify(src/ros2_control_demos/ros2_control_demos) by extensions ['colcon_meta']
[1.529s] Level 1:colcon.colcon_core.package_identification:_identify(src/ros2_control_demos/ros2_control_demos) by extension 'colcon_meta'
[1.529s] Level 1:colcon.colcon_core.package_identification:_identify(src/ros2_control_demos/ros2_control_demos) by extensions ['ros']
[1.529s] Level 1:colcon.colcon_core.package_identification:_identify(src/ros2_control_demos/ros2_control_demos) by extension 'ros'
[1.530s] DEBUG:colcon.colcon_core.package_identification:Package 'src/ros2_control_demos/ros2_control_demos' with type 'ros.ament_cmake' and name 'ros2_control_demos'
[1.530s] Level 1:colcon.colcon_core.package_discovery:discover_packages(recursive) using defaults
[1.530s] Level 1:colcon.colcon_core.package_discovery:discover_packages(ignore) discover
[1.530s] Level 1:colcon.colcon_core.package_discovery:discover_packages(ignore) using defaults
[1.530s] Level 1:colcon.colcon_core.package_discovery:discover_packages(path) discover
[1.530s] Level 1:colcon.colcon_core.package_discovery:discover_packages(path) using defaults
[1.627s] Level 1:colcon.colcon_core.package_discovery:discover_packages(prefix_path) check parameters
[1.627s] Level 1:colcon.colcon_core.package_discovery:discover_packages(prefix_path) discover
[1.670s] DEBUG:colcon.colcon_installed_package_information.package_discovery:Found 45 installed packages in /home/ros2/install
[1.674s] DEBUG:colcon.colcon_installed_package_information.package_discovery:Found 438 installed packages in /opt/ros/jazzy
[1.680s] Level 1:colcon.colcon_core.package_discovery:discover_packages(prefix_path) using defaults
[1.905s] Level 5:colcon.colcon_core.verb:set package 'roam_bot' build argument 'cmake_args' from command line to 'None'
[1.905s] Level 5:colcon.colcon_core.verb:set package 'roam_bot' build argument 'cmake_target' from command line to 'None'
[1.905s] Level 5:colcon.colcon_core.verb:set package 'roam_bot' build argument 'cmake_target_skip_unavailable' from command line to 'False'
[1.905s] Level 5:colcon.colcon_core.verb:set package 'roam_bot' build argument 'cmake_clean_cache' from command line to 'False'
[1.905s] Level 5:colcon.colcon_core.verb:set package 'roam_bot' build argument 'cmake_clean_first' from command line to 'False'
[1.905s] Level 5:colcon.colcon_core.verb:set package 'roam_bot' build argument 'cmake_force_configure' from command line to 'False'
[1.905s] Level 5:colcon.colcon_core.verb:set package 'roam_bot' build argument 'ament_cmake_args' from command line to 'None'
[1.905s] Level 5:colcon.colcon_core.verb:set package 'roam_bot' build argument 'catkin_cmake_args' from command line to 'None'
[1.905s] Level 5:colcon.colcon_core.verb:set package 'roam_bot' build argument 'catkin_skip_building_tests' from command line to 'False'
[1.905s] DEBUG:colcon.colcon_core.verb:Building package 'roam_bot' with the following arguments: {'ament_cmake_args': None, 'build_base': '/home/ros2_test/Senior-Design/ROS2_Roam_Bot/build/roam_bot', 'catkin_cmake_args': None, 'catkin_skip_building_tests': False, 'cmake_args': None, 'cmake_clean_cache': False, 'cmake_clean_first': False, 'cmake_force_configure': False, 'cmake_target': None, 'cmake_target_skip_unavailable': False, 'install_base': '/home/ros2_test/Senior-Design/ROS2_Roam_Bot/install/roam_bot', 'merge_install': False, 'path': '/home/ros2_test/Senior-Design/ROS2_Roam_Bot/src/ros2_control_demos/ros2_control_demo_description', 'symlink_install': True, 'test_result_base': None}
[1.905s] Level 5:colcon.colcon_core.verb:set package 'ros2_control_demo_example_2' build argument 'cmake_args' from command line to 'None'
[1.906s] Level 5:colcon.colcon_core.verb:set package 'ros2_control_demo_example_2' build argument 'cmake_target' from command line to 'None'
[1.906s] Level 5:colcon.colcon_core.verb:set package 'ros2_control_demo_example_2' build argument 'cmake_target_skip_unavailable' from command line to 'False'
[1.906s] Level 5:colcon.colcon_core.verb:set package 'ros2_control_demo_example_2' build argument 'cmake_clean_cache' from command line to 'False'
[1.906s] Level 5:colcon.colcon_core.verb:set package 'ros2_control_demo_example_2' build argument 'cmake_clean_first' from command line to 'False'
[1.906s] Level 5:colcon.colcon_core.verb:set package 'ros2_control_demo_example_2' build argument 'cmake_force_configure' from command line to 'False'
[1.906s] Level 5:colcon.colcon_core.verb:set package 'ros2_control_demo_example_2' build argument 'ament_cmake_args' from command line to 'None'
[1.906s] Level 5:colcon.colcon_core.verb:set package 'ros2_control_demo_example_2' build argument 'catkin_cmake_args' from command line to 'None'
[1.906s] Level 5:colcon.colcon_core.verb:set package 'ros2_control_demo_example_2' build argument 'catkin_skip_building_tests' from command line to 'False'
[1.906s] DEBUG:colcon.colcon_core.verb:Building package 'ros2_control_demo_example_2' with the following arguments: {'ament_cmake_args': None, 'build_base': '/home/ros2_test/Senior-Design/ROS2_Roam_Bot/build/ros2_control_demo_example_2', 'catkin_cmake_args': None, 'catkin_skip_building_tests': False, 'cmake_args': None, 'cmake_clean_cache': False, 'cmake_clean_first': False, 'cmake_force_configure': False, 'cmake_target': None, 'cmake_target_skip_unavailable': False, 'install_base': '/home/ros2_test/Senior-Design/ROS2_Roam_Bot/install/ros2_control_demo_example_2', 'merge_install': False, 'path': '/home/ros2_test/Senior-Design/ROS2_Roam_Bot/src/ros2_control_demos/example_2', 'symlink_install': True, 'test_result_base': None}
[1.906s] Level 5:colcon.colcon_core.verb:set package 'ros2_control_demos' build argument 'cmake_args' from command line to 'None'
[1.906s] Level 5:colcon.colcon_core.verb:set package 'ros2_control_demos' build argument 'cmake_target' from command line to 'None'
[1.906s] Level 5:colcon.colcon_core.verb:set package 'ros2_control_demos' build argument 'cmake_target_skip_unavailable' from command line to 'False'
[1.906s] Level 5:colcon.colcon_core.verb:set package 'ros2_control_demos' build argument 'cmake_clean_cache' from command line to 'False'
[1.906s] Level 5:colcon.colcon_core.verb:set package 'ros2_control_demos' build argument 'cmake_clean_first' from command line to 'False'
[1.906s] Level 5:colcon.colcon_core.verb:set package 'ros2_control_demos' build argument 'cmake_force_configure' from command line to 'False'
[1.906s] Level 5:colcon.colcon_core.verb:set package 'ros2_control_demos' build argument 'ament_cmake_args' from command line to 'None'
[1.906s] Level 5:colcon.colcon_core.verb:set package 'ros2_control_demos' build argument 'catkin_cmake_args' from command line to 'None'
[1.906s] Level 5:colcon.colcon_core.verb:set package 'ros2_control_demos' build argument 'catkin_skip_building_tests' from command line to 'False'
[1.906s] DEBUG:colcon.colcon_core.verb:Building package 'ros2_control_demos' with the following arguments: {'ament_cmake_args': None, 'build_base': '/home/ros2_test/Senior-Design/ROS2_Roam_Bot/build/ros2_control_demos', 'catkin_cmake_args': None, 'catkin_skip_building_tests': False, 'cmake_args': None, 'cmake_clean_cache': False, 'cmake_clean_first': False, 'cmake_force_configure': False, 'cmake_target': None, 'cmake_target_skip_unavailable': False, 'install_base': '/home/ros2_test/Senior-Design/ROS2_Roam_Bot/install/ros2_control_demos', 'merge_install': False, 'path': '/home/ros2_test/Senior-Design/ROS2_Roam_Bot/src/ros2_control_demos/ros2_control_demos', 'symlink_install': True, 'test_result_base': None}
[1.906s] INFO:colcon.colcon_core.executor:Executing jobs using 'parallel' executor
[1.911s] DEBUG:colcon.colcon_parallel_executor.executor.parallel:run_until_complete
[1.911s] INFO:colcon.colcon_ros.task.ament_cmake.build:Building ROS package in '/home/ros2_test/Senior-Design/ROS2_Roam_Bot/src/ros2_control_demos/example_2' with build type 'ament_cmake'
[1.911s] INFO:colcon.colcon_cmake.task.cmake.build:Building CMake package in '/home/ros2_test/Senior-Design/ROS2_Roam_Bot/src/ros2_control_demos/example_2'
[1.924s] INFO:colcon.colcon_core.plugin_system:Skipping extension 'colcon_core.shell.bat': Not used on non-Windows systems
[1.924s] INFO:colcon.colcon_core.shell:Skip shell extension 'powershell' for command environment: Not usable outside of PowerShell
[1.924s] DEBUG:colcon.colcon_core.shell:Skip shell extension 'dsv' for command environment
[1.935s] INFO:colcon.colcon_ros.task.ament_cmake.build:Building ROS package in '/home/ros2_test/Senior-Design/ROS2_Roam_Bot/src/ros2_control_demos/ros2_control_demo_description' with build type 'ament_cmake'
[1.935s] INFO:colcon.colcon_cmake.task.cmake.build:Building CMake package in '/home/ros2_test/Senior-Design/ROS2_Roam_Bot/src/ros2_control_demos/ros2_control_demo_description'
[1.936s] INFO:colcon.colcon_core.shell:Skip shell extension 'powershell' for command environment: Not usable outside of PowerShell
[1.936s] DEBUG:colcon.colcon_core.shell:Skip shell extension 'dsv' for command environment
[1.965s] DEBUG:colcon.colcon_core.event_handler.log_command:Invoking command in '/home/ros2_test/Senior-Design/ROS2_Roam_Bot/build/ros2_control_demo_example_2': CMAKE_PREFIX_PATH=${CMAKE_PREFIX_PATH}:/home/ros2/install/rqt_joint_trajectory_controller:/home/ros2/install/rqt_controller_manager:/home/ros2/install/ros2controlcli:/home/ros2/install/ros2_controllers_test_nodes:/opt/ros/jazzy /usr/bin/cmake /home/ros2_test/Senior-Design/ROS2_Roam_Bot/src/ros2_control_demos/example_2 -DAMENT_CMAKE_SYMLINK_INSTALL=1 -DCMAKE_INSTALL_PREFIX=/home/ros2_test/Senior-Design/ROS2_Roam_Bot/install/ros2_control_demo_example_2
[1.975s] DEBUG:colcon.colcon_core.event_handler.log_command:Invoking command in '/home/ros2_test/Senior-Design/ROS2_Roam_Bot/build/roam_bot': CMAKE_PREFIX_PATH=${CMAKE_PREFIX_PATH}:/home/ros2/install/rqt_joint_trajectory_controller:/home/ros2/install/rqt_controller_manager:/home/ros2/install/ros2controlcli:/home/ros2/install/ros2_controllers_test_nodes:/opt/ros/jazzy /usr/bin/cmake /home/ros2_test/Senior-Design/ROS2_Roam_Bot/src/ros2_control_demos/ros2_control_demo_description -DAMENT_CMAKE_SYMLINK_INSTALL=1 -DCMAKE_INSTALL_PREFIX=/home/ros2_test/Senior-Design/ROS2_Roam_Bot/install/roam_bot
[6.849s] DEBUG:colcon.colcon_core.event_handler.log_command:Invoked command in '/home/ros2_test/Senior-Design/ROS2_Roam_Bot/build/roam_bot' returned '0': CMAKE_PREFIX_PATH=${CMAKE_PREFIX_PATH}:/home/ros2/install/rqt_joint_trajectory_controller:/home/ros2/install/rqt_controller_manager:/home/ros2/install/ros2controlcli:/home/ros2/install/ros2_controllers_test_nodes:/opt/ros/jazzy /usr/bin/cmake /home/ros2_test/Senior-Design/ROS2_Roam_Bot/src/ros2_control_demos/ros2_control_demo_description -DAMENT_CMAKE_SYMLINK_INSTALL=1 -DCMAKE_INSTALL_PREFIX=/home/ros2_test/Senior-Design/ROS2_Roam_Bot/install/roam_bot
[6.851s] DEBUG:colcon.colcon_core.event_handler.log_command:Invoking command in '/home/ros2_test/Senior-Design/ROS2_Roam_Bot/build/roam_bot': CMAKE_PREFIX_PATH=${CMAKE_PREFIX_PATH}:/home/ros2/install/rqt_joint_trajectory_controller:/home/ros2/install/rqt_controller_manager:/home/ros2/install/ros2controlcli:/home/ros2/install/ros2_controllers_test_nodes:/opt/ros/jazzy /usr/bin/cmake --build /home/ros2_test/Senior-Design/ROS2_Roam_Bot/build/roam_bot
[6.901s] DEBUG:colcon.colcon_core.event_handler.log_command:Invoked command in '/home/ros2_test/Senior-Design/ROS2_Roam_Bot/build/roam_bot' returned '0': CMAKE_PREFIX_PATH=${CMAKE_PREFIX_PATH}:/home/ros2/install/rqt_joint_trajectory_controller:/home/ros2/install/rqt_controller_manager:/home/ros2/install/ros2controlcli:/home/ros2/install/ros2_controllers_test_nodes:/opt/ros/jazzy /usr/bin/cmake --build /home/ros2_test/Senior-Design/ROS2_Roam_Bot/build/roam_bot
[6.912s] DEBUG:colcon.colcon_core.event_handler.log_command:Invoking command in '/home/ros2_test/Senior-Design/ROS2_Roam_Bot/build/roam_bot': CMAKE_PREFIX_PATH=${CMAKE_PREFIX_PATH}:/home/ros2/install/rqt_joint_trajectory_controller:/home/ros2/install/rqt_controller_manager:/home/ros2/install/ros2controlcli:/home/ros2/install/ros2_controllers_test_nodes:/opt/ros/jazzy /usr/bin/cmake --install /home/ros2_test/Senior-Design/ROS2_Roam_Bot/build/roam_bot
[7.135s] Level 1:colcon.colcon_core.environment:create_environment_scripts_only(roam_bot)
[7.135s] DEBUG:colcon.colcon_core.event_handler.log_command:Invoked command in '/home/ros2_test/Senior-Design/ROS2_Roam_Bot/build/roam_bot' returned '0': CMAKE_PREFIX_PATH=${CMAKE_PREFIX_PATH}:/home/ros2/install/rqt_joint_trajectory_controller:/home/ros2/install/rqt_controller_manager:/home/ros2/install/ros2controlcli:/home/ros2/install/ros2_controllers_test_nodes:/opt/ros/jazzy /usr/bin/cmake --install /home/ros2_test/Senior-Design/ROS2_Roam_Bot/build/roam_bot
[7.143s] Level 1:colcon.colcon_core.environment:checking '/home/ros2_test/Senior-Design/ROS2_Roam_Bot/install/roam_bot' for CMake module files
[7.143s] Level 1:colcon.colcon_core.environment:checking '/home/ros2_test/Senior-Design/ROS2_Roam_Bot/install/roam_bot' for CMake config files
[7.144s] Level 1:colcon.colcon_core.shell:create_environment_hook('roam_bot', 'cmake_prefix_path')
[7.144s] INFO:colcon.colcon_core.shell:Creating environment hook '/home/ros2_test/Senior-Design/ROS2_Roam_Bot/install/roam_bot/share/roam_bot/hook/cmake_prefix_path.ps1'
[7.145s] INFO:colcon.colcon_core.shell:Creating environment descriptor '/home/ros2_test/Senior-Design/ROS2_Roam_Bot/install/roam_bot/share/roam_bot/hook/cmake_prefix_path.dsv'
[7.145s] INFO:colcon.colcon_core.shell:Creating environment hook '/home/ros2_test/Senior-Design/ROS2_Roam_Bot/install/roam_bot/share/roam_bot/hook/cmake_prefix_path.sh'
[7.146s] Level 1:colcon.colcon_core.environment:checking '/home/ros2_test/Senior-Design/ROS2_Roam_Bot/install/roam_bot/bin'
[7.146s] Level 1:colcon.colcon_core.environment:checking '/home/ros2_test/Senior-Design/ROS2_Roam_Bot/install/roam_bot/lib/pkgconfig/roam_bot.pc'
[7.146s] Level 1:colcon.colcon_core.environment:checking '/home/ros2_test/Senior-Design/ROS2_Roam_Bot/install/roam_bot/lib/python3.12/site-packages'
[7.146s] Level 1:colcon.colcon_core.environment:checking '/home/ros2_test/Senior-Design/ROS2_Roam_Bot/install/roam_bot/bin'
[7.146s] INFO:colcon.colcon_core.shell:Creating package script '/home/ros2_test/Senior-Design/ROS2_Roam_Bot/install/roam_bot/share/roam_bot/package.ps1'
[7.147s] INFO:colcon.colcon_core.shell:Creating package descriptor '/home/ros2_test/Senior-Design/ROS2_Roam_Bot/install/roam_bot/share/roam_bot/package.dsv'
[7.148s] INFO:colcon.colcon_core.shell:Creating package script '/home/ros2_test/Senior-Design/ROS2_Roam_Bot/install/roam_bot/share/roam_bot/package.sh'
[7.149s] INFO:colcon.colcon_core.shell:Creating package script '/home/ros2_test/Senior-Design/ROS2_Roam_Bot/install/roam_bot/share/roam_bot/package.bash'
[7.149s] INFO:colcon.colcon_core.shell:Creating package script '/home/ros2_test/Senior-Design/ROS2_Roam_Bot/install/roam_bot/share/roam_bot/package.zsh'
[7.150s] Level 1:colcon.colcon_core.environment:create_file_with_runtime_dependencies(/home/ros2_test/Senior-Design/ROS2_Roam_Bot/install/roam_bot/share/colcon-core/packages/roam_bot)
[7.151s] Level 1:colcon.colcon_core.environment:create_environment_scripts_only(roam_bot)
[7.151s] Level 1:colcon.colcon_core.environment:checking '/home/ros2_test/Senior-Design/ROS2_Roam_Bot/install/roam_bot' for CMake module files
[7.152s] Level 1:colcon.colcon_core.environment:checking '/home/ros2_test/Senior-Design/ROS2_Roam_Bot/install/roam_bot' for CMake config files
[7.152s] Level 1:colcon.colcon_core.shell:create_environment_hook('roam_bot', 'cmake_prefix_path')
[7.152s] INFO:colcon.colcon_core.shell:Creating environment hook '/home/ros2_test/Senior-Design/ROS2_Roam_Bot/install/roam_bot/share/roam_bot/hook/cmake_prefix_path.ps1'
[7.152s] INFO:colcon.colcon_core.shell:Creating environment descriptor '/home/ros2_test/Senior-Design/ROS2_Roam_Bot/install/roam_bot/share/roam_bot/hook/cmake_prefix_path.dsv'
[7.152s] INFO:colcon.colcon_core.shell:Creating environment hook '/home/ros2_test/Senior-Design/ROS2_Roam_Bot/install/roam_bot/share/roam_bot/hook/cmake_prefix_path.sh'
[7.153s] Level 1:colcon.colcon_core.environment:checking '/home/ros2_test/Senior-Design/ROS2_Roam_Bot/install/roam_bot/bin'
[7.153s] Level 1:colcon.colcon_core.environment:checking '/home/ros2_test/Senior-Design/ROS2_Roam_Bot/install/roam_bot/lib/pkgconfig/roam_bot.pc'
[7.153s] Level 1:colcon.colcon_core.environment:checking '/home/ros2_test/Senior-Design/ROS2_Roam_Bot/install/roam_bot/lib/python3.12/site-packages'
[7.153s] Level 1:colcon.colcon_core.environment:checking '/home/ros2_test/Senior-Design/ROS2_Roam_Bot/install/roam_bot/bin'
[7.153s] INFO:colcon.colcon_core.shell:Creating package script '/home/ros2_test/Senior-Design/ROS2_Roam_Bot/install/roam_bot/share/roam_bot/package.ps1'
[7.154s] INFO:colcon.colcon_core.shell:Creating package descriptor '/home/ros2_test/Senior-Design/ROS2_Roam_Bot/install/roam_bot/share/roam_bot/package.dsv'
[7.154s] INFO:colcon.colcon_core.shell:Creating package script '/home/ros2_test/Senior-Design/ROS2_Roam_Bot/install/roam_bot/share/roam_bot/package.sh'
[7.154s] INFO:colcon.colcon_core.shell:Creating package script '/home/ros2_test/Senior-Design/ROS2_Roam_Bot/install/roam_bot/share/roam_bot/package.bash'
[7.155s] INFO:colcon.colcon_core.shell:Creating package script '/home/ros2_test/Senior-Design/ROS2_Roam_Bot/install/roam_bot/share/roam_bot/package.zsh'
[7.155s] Level 1:colcon.colcon_core.environment:create_file_with_runtime_dependencies(/home/ros2_test/Senior-Design/ROS2_Roam_Bot/install/roam_bot/share/colcon-core/packages/roam_bot)
[9.809s] DEBUG:colcon.colcon_core.event_handler.log_command:Invoked command in '/home/ros2_test/Senior-Design/ROS2_Roam_Bot/build/ros2_control_demo_example_2' returned '0': CMAKE_PREFIX_PATH=${CMAKE_PREFIX_PATH}:/home/ros2/install/rqt_joint_trajectory_controller:/home/ros2/install/rqt_controller_manager:/home/ros2/install/ros2controlcli:/home/ros2/install/ros2_controllers_test_nodes:/opt/ros/jazzy /usr/bin/cmake /home/ros2_test/Senior-Design/ROS2_Roam_Bot/src/ros2_control_demos/example_2 -DAMENT_CMAKE_SYMLINK_INSTALL=1 -DCMAKE_INSTALL_PREFIX=/home/ros2_test/Senior-Design/ROS2_Roam_Bot/install/ros2_control_demo_example_2
[9.809s] DEBUG:colcon.colcon_core.event_handler.log_command:Invoking command in '/home/ros2_test/Senior-Design/ROS2_Roam_Bot/build/ros2_control_demo_example_2': CMAKE_PREFIX_PATH=${CMAKE_PREFIX_PATH}:/home/ros2/install/rqt_joint_trajectory_controller:/home/ros2/install/rqt_controller_manager:/home/ros2/install/ros2controlcli:/home/ros2/install/ros2_controllers_test_nodes:/opt/ros/jazzy /usr/bin/cmake --build /home/ros2_test/Senior-Design/ROS2_Roam_Bot/build/ros2_control_demo_example_2
[16.096s] DEBUG:colcon.colcon_core.event_handler.log_command:Invoked command in '/home/ros2_test/Senior-Design/ROS2_Roam_Bot/build/ros2_control_demo_example_2' returned '0': CMAKE_PREFIX_PATH=${CMAKE_PREFIX_PATH}:/home/ros2/install/rqt_joint_trajectory_controller:/home/ros2/install/rqt_controller_manager:/home/ros2/install/ros2controlcli:/home/ros2/install/ros2_controllers_test_nodes:/opt/ros/jazzy /usr/bin/cmake --build /home/ros2_test/Senior-Design/ROS2_Roam_Bot/build/ros2_control_demo_example_2
[16.097s] DEBUG:colcon.colcon_core.event_handler.log_command:Invoking command in '/home/ros2_test/Senior-Design/ROS2_Roam_Bot/build/ros2_control_demo_example_2': CMAKE_PREFIX_PATH=${CMAKE_PREFIX_PATH}:/home/ros2/install/rqt_joint_trajectory_controller:/home/ros2/install/rqt_controller_manager:/home/ros2/install/ros2controlcli:/home/ros2/install/ros2_controllers_test_nodes:/opt/ros/jazzy /usr/bin/cmake --install /home/ros2_test/Senior-Design/ROS2_Roam_Bot/build/ros2_control_demo_example_2
[16.449s] Level 1:colcon.colcon_core.environment:create_environment_scripts_only(ros2_control_demo_example_2)
[16.449s] Level 1:colcon.colcon_core.environment:checking '/home/ros2_test/Senior-Design/ROS2_Roam_Bot/install/ros2_control_demo_example_2' for CMake module files
[16.450s] DEBUG:colcon.colcon_core.event_handler.log_command:Invoked command in '/home/ros2_test/Senior-Design/ROS2_Roam_Bot/build/ros2_control_demo_example_2' returned '0': CMAKE_PREFIX_PATH=${CMAKE_PREFIX_PATH}:/home/ros2/install/rqt_joint_trajectory_controller:/home/ros2/install/rqt_controller_manager:/home/ros2/install/ros2controlcli:/home/ros2/install/ros2_controllers_test_nodes:/opt/ros/jazzy /usr/bin/cmake --install /home/ros2_test/Senior-Design/ROS2_Roam_Bot/build/ros2_control_demo_example_2
[16.451s] Level 1:colcon.colcon_core.environment:checking '/home/ros2_test/Senior-Design/ROS2_Roam_Bot/install/ros2_control_demo_example_2' for CMake config files
[16.451s] Level 1:colcon.colcon_core.shell:create_environment_hook('ros2_control_demo_example_2', 'cmake_prefix_path')
[16.451s] INFO:colcon.colcon_core.shell:Creating environment hook '/home/ros2_test/Senior-Design/ROS2_Roam_Bot/install/ros2_control_demo_example_2/share/ros2_control_demo_example_2/hook/cmake_prefix_path.ps1'
[16.452s] INFO:colcon.colcon_core.shell:Creating environment descriptor '/home/ros2_test/Senior-Design/ROS2_Roam_Bot/install/ros2_control_demo_example_2/share/ros2_control_demo_example_2/hook/cmake_prefix_path.dsv'
[16.453s] INFO:colcon.colcon_core.shell:Creating environment hook '/home/ros2_test/Senior-Design/ROS2_Roam_Bot/install/ros2_control_demo_example_2/share/ros2_control_demo_example_2/hook/cmake_prefix_path.sh'
[16.453s] Level 1:colcon.colcon_core.environment:checking '/home/ros2_test/Senior-Design/ROS2_Roam_Bot/install/ros2_control_demo_example_2/lib'
[16.454s] Level 1:colcon.colcon_core.shell:create_environment_hook('ros2_control_demo_example_2', 'ld_library_path_lib')
[16.454s] INFO:colcon.colcon_core.shell:Creating environment hook '/home/ros2_test/Senior-Design/ROS2_Roam_Bot/install/ros2_control_demo_example_2/share/ros2_control_demo_example_2/hook/ld_library_path_lib.ps1'
[16.456s] INFO:colcon.colcon_core.shell:Creating environment descriptor '/home/ros2_test/Senior-Design/ROS2_Roam_Bot/install/ros2_control_demo_example_2/share/ros2_control_demo_example_2/hook/ld_library_path_lib.dsv'
[16.457s] INFO:colcon.colcon_core.shell:Creating environment hook '/home/ros2_test/Senior-Design/ROS2_Roam_Bot/install/ros2_control_demo_example_2/share/ros2_control_demo_example_2/hook/ld_library_path_lib.sh'
[16.458s] Level 1:colcon.colcon_core.environment:checking '/home/ros2_test/Senior-Design/ROS2_Roam_Bot/install/ros2_control_demo_example_2/bin'
[16.458s] Level 1:colcon.colcon_core.environment:checking '/home/ros2_test/Senior-Design/ROS2_Roam_Bot/install/ros2_control_demo_example_2/lib/pkgconfig/ros2_control_demo_example_2.pc'
[16.458s] Level 1:colcon.colcon_core.environment:checking '/home/ros2_test/Senior-Design/ROS2_Roam_Bot/install/ros2_control_demo_example_2/lib/python3.12/site-packages'
[16.458s] Level 1:colcon.colcon_core.environment:checking '/home/ros2_test/Senior-Design/ROS2_Roam_Bot/install/ros2_control_demo_example_2/bin'
[16.458s] INFO:colcon.colcon_core.shell:Creating package script '/home/ros2_test/Senior-Design/ROS2_Roam_Bot/install/ros2_control_demo_example_2/share/ros2_control_demo_example_2/package.ps1'
[16.459s] INFO:colcon.colcon_core.shell:Creating package descriptor '/home/ros2_test/Senior-Design/ROS2_Roam_Bot/install/ros2_control_demo_example_2/share/ros2_control_demo_example_2/package.dsv'
[16.459s] INFO:colcon.colcon_core.shell:Creating package script '/home/ros2_test/Senior-Design/ROS2_Roam_Bot/install/ros2_control_demo_example_2/share/ros2_control_demo_example_2/package.sh'
[16.460s] INFO:colcon.colcon_core.shell:Creating package script '/home/ros2_test/Senior-Design/ROS2_Roam_Bot/install/ros2_control_demo_example_2/share/ros2_control_demo_example_2/package.bash'
[16.461s] INFO:colcon.colcon_core.shell:Creating package script '/home/ros2_test/Senior-Design/ROS2_Roam_Bot/install/ros2_control_demo_example_2/share/ros2_control_demo_example_2/package.zsh'
[16.461s] Level 1:colcon.colcon_core.environment:create_file_with_runtime_dependencies(/home/ros2_test/Senior-Design/ROS2_Roam_Bot/install/ros2_control_demo_example_2/share/colcon-core/packages/ros2_control_demo_example_2)
[16.464s] Level 1:colcon.colcon_core.environment:create_environment_scripts_only(ros2_control_demo_example_2)
[16.464s] Level 1:colcon.colcon_core.environment:checking '/home/ros2_test/Senior-Design/ROS2_Roam_Bot/install/ros2_control_demo_example_2' for CMake module files
[16.465s] Level 1:colcon.colcon_core.environment:checking '/home/ros2_test/Senior-Design/ROS2_Roam_Bot/install/ros2_control_demo_example_2' for CMake config files
[16.465s] Level 1:colcon.colcon_core.shell:create_environment_hook('ros2_control_demo_example_2', 'cmake_prefix_path')
[16.465s] INFO:colcon.colcon_core.shell:Creating environment hook '/home/ros2_test/Senior-Design/ROS2_Roam_Bot/install/ros2_control_demo_example_2/share/ros2_control_demo_example_2/hook/cmake_prefix_path.ps1'
[16.466s] INFO:colcon.colcon_core.shell:Creating environment descriptor '/home/ros2_test/Senior-Design/ROS2_Roam_Bot/install/ros2_control_demo_example_2/share/ros2_control_demo_example_2/hook/cmake_prefix_path.dsv'
[16.467s] INFO:colcon.colcon_core.shell:Creating environment hook '/home/ros2_test/Senior-Design/ROS2_Roam_Bot/install/ros2_control_demo_example_2/share/ros2_control_demo_example_2/hook/cmake_prefix_path.sh'
[16.468s] Level 1:colcon.colcon_core.environment:checking '/home/ros2_test/Senior-Design/ROS2_Roam_Bot/install/ros2_control_demo_example_2/lib'
[16.468s] Level 1:colcon.colcon_core.shell:create_environment_hook('ros2_control_demo_example_2', 'ld_library_path_lib')
[16.468s] INFO:colcon.colcon_core.shell:Creating environment hook '/home/ros2_test/Senior-Design/ROS2_Roam_Bot/install/ros2_control_demo_example_2/share/ros2_control_demo_example_2/hook/ld_library_path_lib.ps1'
[16.468s] INFO:colcon.colcon_core.shell:Creating environment descriptor '/home/ros2_test/Senior-Design/ROS2_Roam_Bot/install/ros2_control_demo_example_2/share/ros2_control_demo_example_2/hook/ld_library_path_lib.dsv'
[16.469s] INFO:colcon.colcon_core.shell:Creating environment hook '/home/ros2_test/Senior-Design/ROS2_Roam_Bot/install/ros2_control_demo_example_2/share/ros2_control_demo_example_2/hook/ld_library_path_lib.sh'
[16.469s] Level 1:colcon.colcon_core.environment:checking '/home/ros2_test/Senior-Design/ROS2_Roam_Bot/install/ros2_control_demo_example_2/bin'
[16.469s] Level 1:colcon.colcon_core.environment:checking '/home/ros2_test/Senior-Design/ROS2_Roam_Bot/install/ros2_control_demo_example_2/lib/pkgconfig/ros2_control_demo_example_2.pc'
[16.469s] Level 1:colcon.colcon_core.environment:checking '/home/ros2_test/Senior-Design/ROS2_Roam_Bot/install/ros2_control_demo_example_2/lib/python3.12/site-packages'
[16.469s] Level 1:colcon.colcon_core.environment:checking '/home/ros2_test/Senior-Design/ROS2_Roam_Bot/install/ros2_control_demo_example_2/bin'
[16.470s] INFO:colcon.colcon_core.shell:Creating package script '/home/ros2_test/Senior-Design/ROS2_Roam_Bot/install/ros2_control_demo_example_2/share/ros2_control_demo_example_2/package.ps1'
[16.470s] INFO:colcon.colcon_core.shell:Creating package descriptor '/home/ros2_test/Senior-Design/ROS2_Roam_Bot/install/ros2_control_demo_example_2/share/ros2_control_demo_example_2/package.dsv'
[16.471s] INFO:colcon.colcon_core.shell:Creating package script '/home/ros2_test/Senior-Design/ROS2_Roam_Bot/install/ros2_control_demo_example_2/share/ros2_control_demo_example_2/package.sh'
[16.471s] INFO:colcon.colcon_core.shell:Creating package script '/home/ros2_test/Senior-Design/ROS2_Roam_Bot/install/ros2_control_demo_example_2/share/ros2_control_demo_example_2/package.bash'
[16.471s] INFO:colcon.colcon_core.shell:Creating package script '/home/ros2_test/Senior-Design/ROS2_Roam_Bot/install/ros2_control_demo_example_2/share/ros2_control_demo_example_2/package.zsh'
[16.472s] Level 1:colcon.colcon_core.environment:create_file_with_runtime_dependencies(/home/ros2_test/Senior-Design/ROS2_Roam_Bot/install/ros2_control_demo_example_2/share/colcon-core/packages/ros2_control_demo_example_2)
[16.472s] INFO:colcon.colcon_ros.task.ament_cmake.build:Building ROS package in '/home/ros2_test/Senior-Design/ROS2_Roam_Bot/src/ros2_control_demos/ros2_control_demos' with build type 'ament_cmake'
[16.472s] INFO:colcon.colcon_cmake.task.cmake.build:Building CMake package in '/home/ros2_test/Senior-Design/ROS2_Roam_Bot/src/ros2_control_demos/ros2_control_demos'
[16.472s] INFO:colcon.colcon_core.shell:Skip shell extension 'powershell' for command environment: Not usable outside of PowerShell
[16.472s] DEBUG:colcon.colcon_core.shell:Skip shell extension 'dsv' for command environment
[17.432s] DEBUG:colcon.colcon_core.event_handler.log_command:Invoking command in '/home/ros2_test/Senior-Design/ROS2_Roam_Bot/build/ros2_control_demos': AMENT_PREFIX_PATH=/home/ros2_test/Senior-Design/ROS2_Roam_Bot/install/ros2_control_demo_example_2:${AMENT_PREFIX_PATH} CMAKE_PREFIX_PATH=/home/ros2_test/Senior-Design/ROS2_Roam_Bot/install/ros2_control_demo_example_2:/home/ros2/install/ros2_controllers:/home/ros2/install/gz_ros2_control_demos:/home/ros2/install/velocity_controllers:/home/ros2/install/tricycle_steering_controller:/home/ros2/install/tricycle_controller:/home/ros2/install/ros2_control:/home/ros2/install/transmission_interface:/home/ros2/install/bicycle_steering_controller:/home/ros2/install/ackermann_steering_controller:/home/ros2/install/steering_controllers_library:/home/ros2/install/ros2_control_demos:/home/ros2/install/ros2_control_demo_example_2:/home/ros2/install/hardware_interface_testing:/home/ros2/install/gz_ros2_control:/home/ros2/install/controller_manager:/home/ros2/install/ros2_control_test_assets:/home/ros2/install/ros2_control_demo_description:/home/ros2/install/range_sensor_broadcaster:/home/ros2/install/position_controllers:/home/ros2/install/pose_broadcaster:/home/ros2/install/pid_controller:/home/ros2/install/parallel_gripper_controller:/home/ros2/install/mecanum_drive_controller:/home/ros2/install/joint_trajectory_controller:/home/ros2/install/joint_state_broadcaster:/home/ros2/install/imu_sensor_broadcaster:/home/ros2/install/gripper_controllers:/home/ros2/install/gpio_controllers:/home/ros2/install/effort_controllers:/home/ros2/install/forward_command_controller:/home/ros2/install/force_torque_sensor_broadcaster:/home/ros2/install/diff_drive_controller:/home/ros2/install/admittance_controller:/home/ros2/install/controller_interface:/home/ros2/install/hardware_interface:/home/ros2/install/joint_limits:/home/ros2/install/control_toolbox:/home/ros2/install/realtime_tools:/home/ros2/install/gz_ros2_control_tests:/home/ros2/install/controller_manager_msgs:/home/ros2/install/control_msgs:/opt/ros/jazzy/opt/gz_sim_vendor:/opt/ros/jazzy/opt/gz_sensors_vendor:/opt/ros/jazzy/opt/gz_physics_vendor:/opt/ros/jazzy/opt/sdformat_vendor:/opt/ros/jazzy/opt/gz_gui_vendor:/opt/ros/jazzy/opt/gz_transport_vendor:/opt/ros/jazzy/opt/gz_rendering_vendor:/opt/ros/jazzy/opt/gz_plugin_vendor:/opt/ros/jazzy/opt/gz_fuel_tools_vendor:/opt/ros/jazzy/opt/gz_msgs_vendor:/opt/ros/jazzy/opt/gz_common_vendor:/opt/ros/jazzy/opt/gz_math_vendor:/opt/ros/jazzy/opt/gz_utils_vendor:/opt/ros/jazzy/opt/gz_tools_vendor:/opt/ros/jazzy/opt/gz_ogre_next_vendor:/opt/ros/jazzy/opt/gz_dartsim_vendor:/opt/ros/jazzy/opt/gz_cmake_vendor:/home/ros2/install/rqt_joint_trajectory_controller:/home/ros2/install/rqt_controller_manager:/home/ros2/install/ros2controlcli:/home/ros2/install/ros2_controllers_test_nodes:/opt/ros/jazzy LD_LIBRARY_PATH=/home/ros2_test/Senior-Design/ROS2_Roam_Bot/install/ros2_control_demo_example_2/lib:${LD_LIBRARY_PATH} /usr/bin/cmake /home/ros2_test/Senior-Design/ROS2_Roam_Bot/src/ros2_control_demos/ros2_control_demos -DAMENT_CMAKE_SYMLINK_INSTALL=1 -DCMAKE_INSTALL_PREFIX=/home/ros2_test/Senior-Design/ROS2_Roam_Bot/install/ros2_control_demos
[22.772s] DEBUG:colcon.colcon_core.event_handler.log_command:Invoked command in '/home/ros2_test/Senior-Design/ROS2_Roam_Bot/build/ros2_control_demos' returned '0': AMENT_PREFIX_PATH=/home/ros2_test/Senior-Design/ROS2_Roam_Bot/install/ros2_control_demo_example_2:${AMENT_PREFIX_PATH} CMAKE_PREFIX_PATH=/home/ros2_test/Senior-Design/ROS2_Roam_Bot/install/ros2_control_demo_example_2:/home/ros2/install/ros2_controllers:/home/ros2/install/gz_ros2_control_demos:/home/ros2/install/velocity_controllers:/home/ros2/install/tricycle_steering_controller:/home/ros2/install/tricycle_controller:/home/ros2/install/ros2_control:/home/ros2/install/transmission_interface:/home/ros2/install/bicycle_steering_controller:/home/ros2/install/ackermann_steering_controller:/home/ros2/install/steering_controllers_library:/home/ros2/install/ros2_control_demos:/home/ros2/install/ros2_control_demo_example_2:/home/ros2/install/hardware_interface_testing:/home/ros2/install/gz_ros2_control:/home/ros2/install/controller_manager:/home/ros2/install/ros2_control_test_assets:/home/ros2/install/ros2_control_demo_description:/home/ros2/install/range_sensor_broadcaster:/home/ros2/install/position_controllers:/home/ros2/install/pose_broadcaster:/home/ros2/install/pid_controller:/home/ros2/install/parallel_gripper_controller:/home/ros2/install/mecanum_drive_controller:/home/ros2/install/joint_trajectory_controller:/home/ros2/install/joint_state_broadcaster:/home/ros2/install/imu_sensor_broadcaster:/home/ros2/install/gripper_controllers:/home/ros2/install/gpio_controllers:/home/ros2/install/effort_controllers:/home/ros2/install/forward_command_controller:/home/ros2/install/force_torque_sensor_broadcaster:/home/ros2/install/diff_drive_controller:/home/ros2/install/admittance_controller:/home/ros2/install/controller_interface:/home/ros2/install/hardware_interface:/home/ros2/install/joint_limits:/home/ros2/install/control_toolbox:/home/ros2/install/realtime_tools:/home/ros2/install/gz_ros2_control_tests:/home/ros2/install/controller_manager_msgs:/home/ros2/install/control_msgs:/opt/ros/jazzy/opt/gz_sim_vendor:/opt/ros/jazzy/opt/gz_sensors_vendor:/opt/ros/jazzy/opt/gz_physics_vendor:/opt/ros/jazzy/opt/sdformat_vendor:/opt/ros/jazzy/opt/gz_gui_vendor:/opt/ros/jazzy/opt/gz_transport_vendor:/opt/ros/jazzy/opt/gz_rendering_vendor:/opt/ros/jazzy/opt/gz_plugin_vendor:/opt/ros/jazzy/opt/gz_fuel_tools_vendor:/opt/ros/jazzy/opt/gz_msgs_vendor:/opt/ros/jazzy/opt/gz_common_vendor:/opt/ros/jazzy/opt/gz_math_vendor:/opt/ros/jazzy/opt/gz_utils_vendor:/opt/ros/jazzy/opt/gz_tools_vendor:/opt/ros/jazzy/opt/gz_ogre_next_vendor:/opt/ros/jazzy/opt/gz_dartsim_vendor:/opt/ros/jazzy/opt/gz_cmake_vendor:/home/ros2/install/rqt_joint_trajectory_controller:/home/ros2/install/rqt_controller_manager:/home/ros2/install/ros2controlcli:/home/ros2/install/ros2_controllers_test_nodes:/opt/ros/jazzy LD_LIBRARY_PATH=/home/ros2_test/Senior-Design/ROS2_Roam_Bot/install/ros2_control_demo_example_2/lib:${LD_LIBRARY_PATH} /usr/bin/cmake /home/ros2_test/Senior-Design/ROS2_Roam_Bot/src/ros2_control_demos/ros2_control_demos -DAMENT_CMAKE_SYMLINK_INSTALL=1 -DCMAKE_INSTALL_PREFIX=/home/ros2_test/Senior-Design/ROS2_Roam_Bot/install/ros2_control_demos
[22.776s] DEBUG:colcon.colcon_core.event_handler.log_command:Invoking command in '/home/ros2_test/Senior-Design/ROS2_Roam_Bot/build/ros2_control_demos': AMENT_PREFIX_PATH=/home/ros2_test/Senior-Design/ROS2_Roam_Bot/install/ros2_control_demo_example_2:${AMENT_PREFIX_PATH} CMAKE_PREFIX_PATH=/home/ros2_test/Senior-Design/ROS2_Roam_Bot/install/ros2_control_demo_example_2:/home/ros2/install/ros2_controllers:/home/ros2/install/gz_ros2_control_demos:/home/ros2/install/velocity_controllers:/home/ros2/install/tricycle_steering_controller:/home/ros2/install/tricycle_controller:/home/ros2/install/ros2_control:/home/ros2/install/transmission_interface:/home/ros2/install/bicycle_steering_controller:/home/ros2/install/ackermann_steering_controller:/home/ros2/install/steering_controllers_library:/home/ros2/install/ros2_control_demos:/home/ros2/install/ros2_control_demo_example_2:/home/ros2/install/hardware_interface_testing:/home/ros2/install/gz_ros2_control:/home/ros2/install/controller_manager:/home/ros2/install/ros2_control_test_assets:/home/ros2/install/ros2_control_demo_description:/home/ros2/install/range_sensor_broadcaster:/home/ros2/install/position_controllers:/home/ros2/install/pose_broadcaster:/home/ros2/install/pid_controller:/home/ros2/install/parallel_gripper_controller:/home/ros2/install/mecanum_drive_controller:/home/ros2/install/joint_trajectory_controller:/home/ros2/install/joint_state_broadcaster:/home/ros2/install/imu_sensor_broadcaster:/home/ros2/install/gripper_controllers:/home/ros2/install/gpio_controllers:/home/ros2/install/effort_controllers:/home/ros2/install/forward_command_controller:/home/ros2/install/force_torque_sensor_broadcaster:/home/ros2/install/diff_drive_controller:/home/ros2/install/admittance_controller:/home/ros2/install/controller_interface:/home/ros2/install/hardware_interface:/home/ros2/install/joint_limits:/home/ros2/install/control_toolbox:/home/ros2/install/realtime_tools:/home/ros2/install/gz_ros2_control_tests:/home/ros2/install/controller_manager_msgs:/home/ros2/install/control_msgs:/opt/ros/jazzy/opt/gz_sim_vendor:/opt/ros/jazzy/opt/gz_sensors_vendor:/opt/ros/jazzy/opt/gz_physics_vendor:/opt/ros/jazzy/opt/sdformat_vendor:/opt/ros/jazzy/opt/gz_gui_vendor:/opt/ros/jazzy/opt/gz_transport_vendor:/opt/ros/jazzy/opt/gz_rendering_vendor:/opt/ros/jazzy/opt/gz_plugin_vendor:/opt/ros/jazzy/opt/gz_fuel_tools_vendor:/opt/ros/jazzy/opt/gz_msgs_vendor:/opt/ros/jazzy/opt/gz_common_vendor:/opt/ros/jazzy/opt/gz_math_vendor:/opt/ros/jazzy/opt/gz_utils_vendor:/opt/ros/jazzy/opt/gz_tools_vendor:/opt/ros/jazzy/opt/gz_ogre_next_vendor:/opt/ros/jazzy/opt/gz_dartsim_vendor:/opt/ros/jazzy/opt/gz_cmake_vendor:/home/ros2/install/rqt_joint_trajectory_controller:/home/ros2/install/rqt_controller_manager:/home/ros2/install/ros2controlcli:/home/ros2/install/ros2_controllers_test_nodes:/opt/ros/jazzy LD_LIBRARY_PATH=/home/ros2_test/Senior-Design/ROS2_Roam_Bot/install/ros2_control_demo_example_2/lib:${LD_LIBRARY_PATH} /usr/bin/cmake --build /home/ros2_test/Senior-Design/ROS2_Roam_Bot/build/ros2_control_demos
[22.814s] DEBUG:colcon.colcon_core.event_handler.log_command:Invoked command in '/home/ros2_test/Senior-Design/ROS2_Roam_Bot/build/ros2_control_demos' returned '0': AMENT_PREFIX_PATH=/home/ros2_test/Senior-Design/ROS2_Roam_Bot/install/ros2_control_demo_example_2:${AMENT_PREFIX_PATH} CMAKE_PREFIX_PATH=/home/ros2_test/Senior-Design/ROS2_Roam_Bot/install/ros2_control_demo_example_2:/home/ros2/install/ros2_controllers:/home/ros2/install/gz_ros2_control_demos:/home/ros2/install/velocity_controllers:/home/ros2/install/tricycle_steering_controller:/home/ros2/install/tricycle_controller:/home/ros2/install/ros2_control:/home/ros2/install/transmission_interface:/home/ros2/install/bicycle_steering_controller:/home/ros2/install/ackermann_steering_controller:/home/ros2/install/steering_controllers_library:/home/ros2/install/ros2_control_demos:/home/ros2/install/ros2_control_demo_example_2:/home/ros2/install/hardware_interface_testing:/home/ros2/install/gz_ros2_control:/home/ros2/install/controller_manager:/home/ros2/install/ros2_control_test_assets:/home/ros2/install/ros2_control_demo_description:/home/ros2/install/range_sensor_broadcaster:/home/ros2/install/position_controllers:/home/ros2/install/pose_broadcaster:/home/ros2/install/pid_controller:/home/ros2/install/parallel_gripper_controller:/home/ros2/install/mecanum_drive_controller:/home/ros2/install/joint_trajectory_controller:/home/ros2/install/joint_state_broadcaster:/home/ros2/install/imu_sensor_broadcaster:/home/ros2/install/gripper_controllers:/home/ros2/install/gpio_controllers:/home/ros2/install/effort_controllers:/home/ros2/install/forward_command_controller:/home/ros2/install/force_torque_sensor_broadcaster:/home/ros2/install/diff_drive_controller:/home/ros2/install/admittance_controller:/home/ros2/install/controller_interface:/home/ros2/install/hardware_interface:/home/ros2/install/joint_limits:/home/ros2/install/control_toolbox:/home/ros2/install/realtime_tools:/home/ros2/install/gz_ros2_control_tests:/home/ros2/install/controller_manager_msgs:/home/ros2/install/control_msgs:/opt/ros/jazzy/opt/gz_sim_vendor:/opt/ros/jazzy/opt/gz_sensors_vendor:/opt/ros/jazzy/opt/gz_physics_vendor:/opt/ros/jazzy/opt/sdformat_vendor:/opt/ros/jazzy/opt/gz_gui_vendor:/opt/ros/jazzy/opt/gz_transport_vendor:/opt/ros/jazzy/opt/gz_rendering_vendor:/opt/ros/jazzy/opt/gz_plugin_vendor:/opt/ros/jazzy/opt/gz_fuel_tools_vendor:/opt/ros/jazzy/opt/gz_msgs_vendor:/opt/ros/jazzy/opt/gz_common_vendor:/opt/ros/jazzy/opt/gz_math_vendor:/opt/ros/jazzy/opt/gz_utils_vendor:/opt/ros/jazzy/opt/gz_tools_vendor:/opt/ros/jazzy/opt/gz_ogre_next_vendor:/opt/ros/jazzy/opt/gz_dartsim_vendor:/opt/ros/jazzy/opt/gz_cmake_vendor:/home/ros2/install/rqt_joint_trajectory_controller:/home/ros2/install/rqt_controller_manager:/home/ros2/install/ros2controlcli:/home/ros2/install/ros2_controllers_test_nodes:/opt/ros/jazzy LD_LIBRARY_PATH=/home/ros2_test/Senior-Design/ROS2_Roam_Bot/install/ros2_control_demo_example_2/lib:${LD_LIBRARY_PATH} /usr/bin/cmake --build /home/ros2_test/Senior-Design/ROS2_Roam_Bot/build/ros2_control_demos
[22.818s] DEBUG:colcon.colcon_core.event_handler.log_command:Invoking command in '/home/ros2_test/Senior-Design/ROS2_Roam_Bot/build/ros2_control_demos': AMENT_PREFIX_PATH=/home/ros2_test/Senior-Design/ROS2_Roam_Bot/install/ros2_control_demo_example_2:${AMENT_PREFIX_PATH} CMAKE_PREFIX_PATH=/home/ros2_test/Senior-Design/ROS2_Roam_Bot/install/ros2_control_demo_example_2:/home/ros2/install/ros2_controllers:/home/ros2/install/gz_ros2_control_demos:/home/ros2/install/velocity_controllers:/home/ros2/install/tricycle_steering_controller:/home/ros2/install/tricycle_controller:/home/ros2/install/ros2_control:/home/ros2/install/transmission_interface:/home/ros2/install/bicycle_steering_controller:/home/ros2/install/ackermann_steering_controller:/home/ros2/install/steering_controllers_library:/home/ros2/install/ros2_control_demos:/home/ros2/install/ros2_control_demo_example_2:/home/ros2/install/hardware_interface_testing:/home/ros2/install/gz_ros2_control:/home/ros2/install/controller_manager:/home/ros2/install/ros2_control_test_assets:/home/ros2/install/ros2_control_demo_description:/home/ros2/install/range_sensor_broadcaster:/home/ros2/install/position_controllers:/home/ros2/install/pose_broadcaster:/home/ros2/install/pid_controller:/home/ros2/install/parallel_gripper_controller:/home/ros2/install/mecanum_drive_controller:/home/ros2/install/joint_trajectory_controller:/home/ros2/install/joint_state_broadcaster:/home/ros2/install/imu_sensor_broadcaster:/home/ros2/install/gripper_controllers:/home/ros2/install/gpio_controllers:/home/ros2/install/effort_controllers:/home/ros2/install/forward_command_controller:/home/ros2/install/force_torque_sensor_broadcaster:/home/ros2/install/diff_drive_controller:/home/ros2/install/admittance_controller:/home/ros2/install/controller_interface:/home/ros2/install/hardware_interface:/home/ros2/install/joint_limits:/home/ros2/install/control_toolbox:/home/ros2/install/realtime_tools:/home/ros2/install/gz_ros2_control_tests:/home/ros2/install/controller_manager_msgs:/home/ros2/install/control_msgs:/opt/ros/jazzy/opt/gz_sim_vendor:/opt/ros/jazzy/opt/gz_sensors_vendor:/opt/ros/jazzy/opt/gz_physics_vendor:/opt/ros/jazzy/opt/sdformat_vendor:/opt/ros/jazzy/opt/gz_gui_vendor:/opt/ros/jazzy/opt/gz_transport_vendor:/opt/ros/jazzy/opt/gz_rendering_vendor:/opt/ros/jazzy/opt/gz_plugin_vendor:/opt/ros/jazzy/opt/gz_fuel_tools_vendor:/opt/ros/jazzy/opt/gz_msgs_vendor:/opt/ros/jazzy/opt/gz_common_vendor:/opt/ros/jazzy/opt/gz_math_vendor:/opt/ros/jazzy/opt/gz_utils_vendor:/opt/ros/jazzy/opt/gz_tools_vendor:/opt/ros/jazzy/opt/gz_ogre_next_vendor:/opt/ros/jazzy/opt/gz_dartsim_vendor:/opt/ros/jazzy/opt/gz_cmake_vendor:/home/ros2/install/rqt_joint_trajectory_controller:/home/ros2/install/rqt_controller_manager:/home/ros2/install/ros2controlcli:/home/ros2/install/ros2_controllers_test_nodes:/opt/ros/jazzy LD_LIBRARY_PATH=/home/ros2_test/Senior-Design/ROS2_Roam_Bot/install/ros2_control_demo_example_2/lib:${LD_LIBRARY_PATH} /usr/bin/cmake --install /home/ros2_test/Senior-Design/ROS2_Roam_Bot/build/ros2_control_demos
[23.018s] Level 1:colcon.colcon_core.environment:create_environment_scripts_only(ros2_control_demos)
[23.018s] Level 1:colcon.colcon_core.environment:checking '/home/ros2_test/Senior-Design/ROS2_Roam_Bot/install/ros2_control_demos' for CMake module files
[23.019s] Level 1:colcon.colcon_core.environment:checking '/home/ros2_test/Senior-Design/ROS2_Roam_Bot/install/ros2_control_demos' for CMake config files
[23.019s] DEBUG:colcon.colcon_core.event_handler.log_command:Invoked command in '/home/ros2_test/Senior-Design/ROS2_Roam_Bot/build/ros2_control_demos' returned '0': AMENT_PREFIX_PATH=/home/ros2_test/Senior-Design/ROS2_Roam_Bot/install/ros2_control_demo_example_2:${AMENT_PREFIX_PATH} CMAKE_PREFIX_PATH=/home/ros2_test/Senior-Design/ROS2_Roam_Bot/install/ros2_control_demo_example_2:/home/ros2/install/ros2_controllers:/home/ros2/install/gz_ros2_control_demos:/home/ros2/install/velocity_controllers:/home/ros2/install/tricycle_steering_controller:/home/ros2/install/tricycle_controller:/home/ros2/install/ros2_control:/home/ros2/install/transmission_interface:/home/ros2/install/bicycle_steering_controller:/home/ros2/install/ackermann_steering_controller:/home/ros2/install/steering_controllers_library:/home/ros2/install/ros2_control_demos:/home/ros2/install/ros2_control_demo_example_2:/home/ros2/install/hardware_interface_testing:/home/ros2/install/gz_ros2_control:/home/ros2/install/controller_manager:/home/ros2/install/ros2_control_test_assets:/home/ros2/install/ros2_control_demo_description:/home/ros2/install/range_sensor_broadcaster:/home/ros2/install/position_controllers:/home/ros2/install/pose_broadcaster:/home/ros2/install/pid_controller:/home/ros2/install/parallel_gripper_controller:/home/ros2/install/mecanum_drive_controller:/home/ros2/install/joint_trajectory_controller:/home/ros2/install/joint_state_broadcaster:/home/ros2/install/imu_sensor_broadcaster:/home/ros2/install/gripper_controllers:/home/ros2/install/gpio_controllers:/home/ros2/install/effort_controllers:/home/ros2/install/forward_command_controller:/home/ros2/install/force_torque_sensor_broadcaster:/home/ros2/install/diff_drive_controller:/home/ros2/install/admittance_controller:/home/ros2/install/controller_interface:/home/ros2/install/hardware_interface:/home/ros2/install/joint_limits:/home/ros2/install/control_toolbox:/home/ros2/install/realtime_tools:/home/ros2/install/gz_ros2_control_tests:/home/ros2/install/controller_manager_msgs:/home/ros2/install/control_msgs:/opt/ros/jazzy/opt/gz_sim_vendor:/opt/ros/jazzy/opt/gz_sensors_vendor:/opt/ros/jazzy/opt/gz_physics_vendor:/opt/ros/jazzy/opt/sdformat_vendor:/opt/ros/jazzy/opt/gz_gui_vendor:/opt/ros/jazzy/opt/gz_transport_vendor:/opt/ros/jazzy/opt/gz_rendering_vendor:/opt/ros/jazzy/opt/gz_plugin_vendor:/opt/ros/jazzy/opt/gz_fuel_tools_vendor:/opt/ros/jazzy/opt/gz_msgs_vendor:/opt/ros/jazzy/opt/gz_common_vendor:/opt/ros/jazzy/opt/gz_math_vendor:/opt/ros/jazzy/opt/gz_utils_vendor:/opt/ros/jazzy/opt/gz_tools_vendor:/opt/ros/jazzy/opt/gz_ogre_next_vendor:/opt/ros/jazzy/opt/gz_dartsim_vendor:/opt/ros/jazzy/opt/gz_cmake_vendor:/home/ros2/install/rqt_joint_trajectory_controller:/home/ros2/install/rqt_controller_manager:/home/ros2/install/ros2controlcli:/home/ros2/install/ros2_controllers_test_nodes:/opt/ros/jazzy LD_LIBRARY_PATH=/home/ros2_test/Senior-Design/ROS2_Roam_Bot/install/ros2_control_demo_example_2/lib:${LD_LIBRARY_PATH} /usr/bin/cmake --install /home/ros2_test/Senior-Design/ROS2_Roam_Bot/build/ros2_control_demos
[23.019s] Level 1:colcon.colcon_core.shell:create_environment_hook('ros2_control_demos', 'cmake_prefix_path')
[23.019s] INFO:colcon.colcon_core.shell:Creating environment hook '/home/ros2_test/Senior-Design/ROS2_Roam_Bot/install/ros2_control_demos/share/ros2_control_demos/hook/cmake_prefix_path.ps1'
[23.020s] INFO:colcon.colcon_core.shell:Creating environment descriptor '/home/ros2_test/Senior-Design/ROS2_Roam_Bot/install/ros2_control_demos/share/ros2_control_demos/hook/cmake_prefix_path.dsv'
[23.021s] INFO:colcon.colcon_core.shell:Creating environment hook '/home/ros2_test/Senior-Design/ROS2_Roam_Bot/install/ros2_control_demos/share/ros2_control_demos/hook/cmake_prefix_path.sh'
[23.021s] Level 1:colcon.colcon_core.environment:checking '/home/ros2_test/Senior-Design/ROS2_Roam_Bot/install/ros2_control_demos/bin'
[23.021s] Level 1:colcon.colcon_core.environment:checking '/home/ros2_test/Senior-Design/ROS2_Roam_Bot/install/ros2_control_demos/lib/pkgconfig/ros2_control_demos.pc'
[23.021s] Level 1:colcon.colcon_core.environment:checking '/home/ros2_test/Senior-Design/ROS2_Roam_Bot/install/ros2_control_demos/lib/python3.12/site-packages'
[23.021s] Level 1:colcon.colcon_core.environment:checking '/home/ros2_test/Senior-Design/ROS2_Roam_Bot/install/ros2_control_demos/bin'
[23.022s] INFO:colcon.colcon_core.shell:Creating package script '/home/ros2_test/Senior-Design/ROS2_Roam_Bot/install/ros2_control_demos/share/ros2_control_demos/package.ps1'
[23.022s] INFO:colcon.colcon_core.shell:Creating package descriptor '/home/ros2_test/Senior-Design/ROS2_Roam_Bot/install/ros2_control_demos/share/ros2_control_demos/package.dsv'
[23.023s] INFO:colcon.colcon_core.shell:Creating package script '/home/ros2_test/Senior-Design/ROS2_Roam_Bot/install/ros2_control_demos/share/ros2_control_demos/package.sh'
[23.024s] INFO:colcon.colcon_core.shell:Creating package script '/home/ros2_test/Senior-Design/ROS2_Roam_Bot/install/ros2_control_demos/share/ros2_control_demos/package.bash'
[23.024s] INFO:colcon.colcon_core.shell:Creating package script '/home/ros2_test/Senior-Design/ROS2_Roam_Bot/install/ros2_control_demos/share/ros2_control_demos/package.zsh'
[23.024s] Level 1:colcon.colcon_core.environment:create_file_with_runtime_dependencies(/home/ros2_test/Senior-Design/ROS2_Roam_Bot/install/ros2_control_demos/share/colcon-core/packages/ros2_control_demos)
[23.025s] Level 1:colcon.colcon_core.environment:create_environment_scripts_only(ros2_control_demos)
[23.025s] Level 1:colcon.colcon_core.environment:checking '/home/ros2_test/Senior-Design/ROS2_Roam_Bot/install/ros2_control_demos' for CMake module files
[23.026s] Level 1:colcon.colcon_core.environment:checking '/home/ros2_test/Senior-Design/ROS2_Roam_Bot/install/ros2_control_demos' for CMake config files
[23.026s] Level 1:colcon.colcon_core.shell:create_environment_hook('ros2_control_demos', 'cmake_prefix_path')
[23.026s] INFO:colcon.colcon_core.shell:Creating environment hook '/home/ros2_test/Senior-Design/ROS2_Roam_Bot/install/ros2_control_demos/share/ros2_control_demos/hook/cmake_prefix_path.ps1'
[23.026s] INFO:colcon.colcon_core.shell:Creating environment descriptor '/home/ros2_test/Senior-Design/ROS2_Roam_Bot/install/ros2_control_demos/share/ros2_control_demos/hook/cmake_prefix_path.dsv'
[23.027s] INFO:colcon.colcon_core.shell:Creating environment hook '/home/ros2_test/Senior-Design/ROS2_Roam_Bot/install/ros2_control_demos/share/ros2_control_demos/hook/cmake_prefix_path.sh'
[23.028s] Level 1:colcon.colcon_core.environment:checking '/home/ros2_test/Senior-Design/ROS2_Roam_Bot/install/ros2_control_demos/bin'
[23.028s] Level 1:colcon.colcon_core.environment:checking '/home/ros2_test/Senior-Design/ROS2_Roam_Bot/install/ros2_control_demos/lib/pkgconfig/ros2_control_demos.pc'
[23.028s] Level 1:colcon.colcon_core.environment:checking '/home/ros2_test/Senior-Design/ROS2_Roam_Bot/install/ros2_control_demos/lib/python3.12/site-packages'
[23.028s] Level 1:colcon.colcon_core.environment:checking '/home/ros2_test/Senior-Design/ROS2_Roam_Bot/install/ros2_control_demos/bin'
[23.028s] INFO:colcon.colcon_core.shell:Creating package script '/home/ros2_test/Senior-Design/ROS2_Roam_Bot/install/ros2_control_demos/share/ros2_control_demos/package.ps1'
[23.029s] INFO:colcon.colcon_core.shell:Creating package descriptor '/home/ros2_test/Senior-Design/ROS2_Roam_Bot/install/ros2_control_demos/share/ros2_control_demos/package.dsv'
[23.029s] INFO:colcon.colcon_core.shell:Creating package script '/home/ros2_test/Senior-Design/ROS2_Roam_Bot/install/ros2_control_demos/share/ros2_control_demos/package.sh'
[23.030s] INFO:colcon.colcon_core.shell:Creating package script '/home/ros2_test/Senior-Design/ROS2_Roam_Bot/install/ros2_control_demos/share/ros2_control_demos/package.bash'
[23.030s] INFO:colcon.colcon_core.shell:Creating package script '/home/ros2_test/Senior-Design/ROS2_Roam_Bot/install/ros2_control_demos/share/ros2_control_demos/package.zsh'
[23.030s] Level 1:colcon.colcon_core.environment:create_file_with_runtime_dependencies(/home/ros2_test/Senior-Design/ROS2_Roam_Bot/install/ros2_control_demos/share/colcon-core/packages/ros2_control_demos)
[23.031s] DEBUG:colcon.colcon_parallel_executor.executor.parallel:closing loop
[23.031s] DEBUG:colcon.colcon_parallel_executor.executor.parallel:loop closed
[23.031s] DEBUG:colcon.colcon_parallel_executor.executor.parallel:run_until_complete finished with '0'
[23.031s] DEBUG:colcon.colcon_core.event_reactor:joining thread
[23.130s] INFO:colcon.colcon_core.plugin_system:Skipping extension 'colcon_notification.desktop_notification.notify_send': Could not find 'notify-send'
[23.131s] INFO:colcon.colcon_core.plugin_system:Skipping extension 'colcon_notification.desktop_notification.terminal_notifier': Not used on non-Darwin systems
[23.149s] INFO:colcon.colcon_core.plugin_system:Skipping extension 'colcon_notification.desktop_notification.win32': Not used on non-Windows systems
[23.149s] INFO:colcon.colcon_notification.desktop_notification:Sending desktop notification using 'notify2'
[23.169s] DEBUG:colcon.colcon_notification.desktop_notification.notify2:Failed to initialize notify2: org.freedesktop.DBus.Error.ServiceUnknown: The name org.freedesktop.Notifications was not provided by any .service files
[23.169s] DEBUG:colcon.colcon_core.event_reactor:joined thread
[23.169s] INFO:colcon.colcon_core.shell:Creating prefix script '/home/ros2_test/Senior-Design/ROS2_Roam_Bot/install/local_setup.ps1'
[23.171s] INFO:colcon.colcon_core.shell:Creating prefix util module '/home/ros2_test/Senior-Design/ROS2_Roam_Bot/install/_local_setup_util_ps1.py'
[23.172s] INFO:colcon.colcon_core.shell:Creating prefix chain script '/home/ros2_test/Senior-Design/ROS2_Roam_Bot/install/setup.ps1'
[23.174s] INFO:colcon.colcon_core.shell:Creating prefix script '/home/ros2_test/Senior-Design/ROS2_Roam_Bot/install/local_setup.sh'
[23.175s] INFO:colcon.colcon_core.shell:Creating prefix util module '/home/ros2_test/Senior-Design/ROS2_Roam_Bot/install/_local_setup_util_sh.py'
[23.176s] INFO:colcon.colcon_core.shell:Creating prefix chain script '/home/ros2_test/Senior-Design/ROS2_Roam_Bot/install/setup.sh'
[23.178s] INFO:colcon.colcon_core.shell:Creating prefix script '/home/ros2_test/Senior-Design/ROS2_Roam_Bot/install/local_setup.bash'
[23.179s] INFO:colcon.colcon_core.shell:Creating prefix chain script '/home/ros2_test/Senior-Design/ROS2_Roam_Bot/install/setup.bash'
[23.180s] INFO:colcon.colcon_core.shell:Creating prefix script '/home/ros2_test/Senior-Design/ROS2_Roam_Bot/install/local_setup.zsh'
[23.181s] INFO:colcon.colcon_core.shell:Creating prefix chain script '/home/ros2_test/Senior-Design/ROS2_Roam_Bot/install/setup.zsh'
