[0.506s] DEBUG:colcon:Command line arguments: ['/usr/bin/colcon', 'build', '--symlink-install']
[0.506s] DEBUG:colcon:Parsed command line arguments: Namespace(log_base=None, log_level=None, verb_name='build', build_base='build', install_base='install', merge_install=False, symlink_install=True, test_result_base=None, continue_on_error=False, executor='parallel', parallel_workers=8, event_handlers=None, ignore_user_meta=False, metas=['./colcon.meta'], base_paths=['.'], packages_ignore=None, packages_ignore_regex=None, paths=None, packages_up_to=None, packages_up_to_regex=None, packages_above=None, packages_above_and_dependencies=None, packages_above_depth=None, packages_select_by_dep=None, packages_skip_by_dep=None, packages_skip_up_to=None, packages_select_build_failed=False, packages_skip_build_finished=False, packages_select_test_failures=False, packages_skip_test_passed=False, packages_select=None, packages_skip=None, packages_select_regex=None, packages_skip_regex=None, packages_start=None, packages_end=None, allow_overriding=[], cmake_args=None, cmake_target=None, cmake_target_skip_unavailable=False, cmake_clean_cache=False, cmake_clean_first=False, cmake_force_configure=False, ament_cmake_args=None, catkin_cmake_args=None, catkin_skip_building_tests=False, verb_parser=<colcon_defaults.argument_parser.defaults.DefaultArgumentsDecorator object at 0x7efc8aab8620>, verb_extension=<colcon_core.verb.build.BuildVerb object at 0x7efc8aab84a0>, main=<bound method BuildVerb.main of <colcon_core.verb.build.BuildVerb object at 0x7efc8aab84a0>>)
[0.566s] Level 1:colcon.colcon_core.package_discovery:discover_packages(colcon_meta) check parameters
[0.566s] Level 1:colcon.colcon_core.package_discovery:discover_packages(recursive) check parameters
[0.566s] Level 1:colcon.colcon_core.package_discovery:discover_packages(ignore) check parameters
[0.566s] Level 1:colcon.colcon_core.package_discovery:discover_packages(path) check parameters
[0.566s] Level 1:colcon.colcon_core.package_discovery:discover_packages(colcon_meta) discover
[0.566s] Level 1:colcon.colcon_core.package_discovery:discover_packages(recursive) discover
[0.567s] INFO:colcon.colcon_core.package_discovery:Crawling recursively for packages in '/home/ros2_senior/Senior-Design/ROS2_Roam_Bot'
[0.567s] Level 1:colcon.colcon_core.package_identification:_identify(.) by extensions ['ignore', 'ignore_ament_install']
[0.567s] Level 1:colcon.colcon_core.package_identification:_identify(.) by extension 'ignore'
[0.567s] Level 1:colcon.colcon_core.package_identification:_identify(.) by extension 'ignore_ament_install'
[0.567s] Level 1:colcon.colcon_core.package_identification:_identify(.) by extensions ['colcon_pkg']
[0.567s] Level 1:colcon.colcon_core.package_identification:_identify(.) by extension 'colcon_pkg'
[0.567s] Level 1:colcon.colcon_core.package_identification:_identify(.) by extensions ['colcon_meta']
[0.567s] Level 1:colcon.colcon_core.package_identification:_identify(.) by extension 'colcon_meta'
[0.567s] Level 1:colcon.colcon_core.package_identification:_identify(.) by extensions ['ros']
[0.567s] Level 1:colcon.colcon_core.package_identification:_identify(.) by extension 'ros'
[0.606s] Level 1:colcon.colcon_core.package_identification:_identify(.) by extensions ['cmake', 'python']
[0.606s] Level 1:colcon.colcon_core.package_identification:_identify(.) by extension 'cmake'
[0.606s] Level 1:colcon.colcon_core.package_identification:_identify(.) by extension 'python'
[0.606s] Level 1:colcon.colcon_core.package_identification:_identify(.) by extensions ['python_setup_py']
[0.606s] Level 1:colcon.colcon_core.package_identification:_identify(.) by extension 'python_setup_py'
[0.607s] Level 1:colcon.colcon_core.package_identification:_identify(build) by extensions ['ignore', 'ignore_ament_install']
[0.607s] Level 1:colcon.colcon_core.package_identification:_identify(build) by extension 'ignore'
[0.607s] Level 1:colcon.colcon_core.package_identification:_identify(build) ignored
[0.607s] Level 1:colcon.colcon_core.package_identification:_identify(install) by extensions ['ignore', 'ignore_ament_install']
[0.607s] Level 1:colcon.colcon_core.package_identification:_identify(install) by extension 'ignore'
[0.607s] Level 1:colcon.colcon_core.package_identification:_identify(install) ignored
[0.607s] Level 1:colcon.colcon_core.package_identification:_identify(log) by extensions ['ignore', 'ignore_ament_install']
[0.607s] Level 1:colcon.colcon_core.package_identification:_identify(log) by extension 'ignore'
[0.607s] Level 1:colcon.colcon_core.package_identification:_identify(log) ignored
[0.607s] Level 1:colcon.colcon_core.package_identification:_identify(src) by extensions ['ignore', 'ignore_ament_install']
[0.607s] Level 1:colcon.colcon_core.package_identification:_identify(src) by extension 'ignore'
[0.607s] Level 1:colcon.colcon_core.package_identification:_identify(src) by extension 'ignore_ament_install'
[0.607s] Level 1:colcon.colcon_core.package_identification:_identify(src) by extensions ['colcon_pkg']
[0.607s] Level 1:colcon.colcon_core.package_identification:_identify(src) by extension 'colcon_pkg'
[0.607s] Level 1:colcon.colcon_core.package_identification:_identify(src) by extensions ['colcon_meta']
[0.607s] Level 1:colcon.colcon_core.package_identification:_identify(src) by extension 'colcon_meta'
[0.608s] Level 1:colcon.colcon_core.package_identification:_identify(src) by extensions ['ros']
[0.608s] Level 1:colcon.colcon_core.package_identification:_identify(src) by extension 'ros'
[0.608s] Level 1:colcon.colcon_core.package_identification:_identify(src) by extensions ['cmake', 'python']
[0.608s] Level 1:colcon.colcon_core.package_identification:_identify(src) by extension 'cmake'
[0.608s] Level 1:colcon.colcon_core.package_identification:_identify(src) by extension 'python'
[0.608s] Level 1:colcon.colcon_core.package_identification:_identify(src) by extensions ['python_setup_py']
[0.608s] Level 1:colcon.colcon_core.package_identification:_identify(src) by extension 'python_setup_py'
[0.608s] Level 1:colcon.colcon_core.package_identification:_identify(src/ros2_control_demos) by extensions ['ignore', 'ignore_ament_install']
[0.608s] Level 1:colcon.colcon_core.package_identification:_identify(src/ros2_control_demos) by extension 'ignore'
[0.608s] Level 1:colcon.colcon_core.package_identification:_identify(src/ros2_control_demos) by extension 'ignore_ament_install'
[0.608s] Level 1:colcon.colcon_core.package_identification:_identify(src/ros2_control_demos) by extensions ['colcon_pkg']
[0.608s] Level 1:colcon.colcon_core.package_identification:_identify(src/ros2_control_demos) by extension 'colcon_pkg'
[0.608s] Level 1:colcon.colcon_core.package_identification:_identify(src/ros2_control_demos) by extensions ['colcon_meta']
[0.608s] Level 1:colcon.colcon_core.package_identification:_identify(src/ros2_control_demos) by extension 'colcon_meta'
[0.608s] Level 1:colcon.colcon_core.package_identification:_identify(src/ros2_control_demos) by extensions ['ros']
[0.608s] Level 1:colcon.colcon_core.package_identification:_identify(src/ros2_control_demos) by extension 'ros'
[0.608s] Level 1:colcon.colcon_core.package_identification:_identify(src/ros2_control_demos) by extensions ['cmake', 'python']
[0.608s] Level 1:colcon.colcon_core.package_identification:_identify(src/ros2_control_demos) by extension 'cmake'
[0.608s] Level 1:colcon.colcon_core.package_identification:_identify(src/ros2_control_demos) by extension 'python'
[0.608s] Level 1:colcon.colcon_core.package_identification:_identify(src/ros2_control_demos) by extensions ['python_setup_py']
[0.608s] Level 1:colcon.colcon_core.package_identification:_identify(src/ros2_control_demos) by extension 'python_setup_py'
[0.609s] Level 1:colcon.colcon_core.package_identification:_identify(src/ros2_control_demos/Dockerfile) by extensions ['ignore', 'ignore_ament_install']
[0.609s] Level 1:colcon.colcon_core.package_identification:_identify(src/ros2_control_demos/Dockerfile) by extension 'ignore'
[0.609s] Level 1:colcon.colcon_core.package_identification:_identify(src/ros2_control_demos/Dockerfile) by extension 'ignore_ament_install'
[0.609s] Level 1:colcon.colcon_core.package_identification:_identify(src/ros2_control_demos/Dockerfile) by extensions ['colcon_pkg']
[0.609s] Level 1:colcon.colcon_core.package_identification:_identify(src/ros2_control_demos/Dockerfile) by extension 'colcon_pkg'
[0.609s] Level 1:colcon.colcon_core.package_identification:_identify(src/ros2_control_demos/Dockerfile) by extensions ['colcon_meta']
[0.609s] Level 1:colcon.colcon_core.package_identification:_identify(src/ros2_control_demos/Dockerfile) by extension 'colcon_meta'
[0.609s] Level 1:colcon.colcon_core.package_identification:_identify(src/ros2_control_demos/Dockerfile) by extensions ['ros']
[0.609s] Level 1:colcon.colcon_core.package_identification:_identify(src/ros2_control_demos/Dockerfile) by extension 'ros'
[0.609s] Level 1:colcon.colcon_core.package_identification:_identify(src/ros2_control_demos/Dockerfile) by extensions ['cmake', 'python']
[0.609s] Level 1:colcon.colcon_core.package_identification:_identify(src/ros2_control_demos/Dockerfile) by extension 'cmake'
[0.609s] Level 1:colcon.colcon_core.package_identification:_identify(src/ros2_control_demos/Dockerfile) by extension 'python'
[0.609s] Level 1:colcon.colcon_core.package_identification:_identify(src/ros2_control_demos/Dockerfile) by extensions ['python_setup_py']
[0.609s] Level 1:colcon.colcon_core.package_identification:_identify(src/ros2_control_demos/Dockerfile) by extension 'python_setup_py'
[0.610s] Level 1:colcon.colcon_core.package_identification:_identify(src/ros2_control_demos/doc) by extensions ['ignore', 'ignore_ament_install']
[0.610s] Level 1:colcon.colcon_core.package_identification:_identify(src/ros2_control_demos/doc) by extension 'ignore'
[0.610s] Level 1:colcon.colcon_core.package_identification:_identify(src/ros2_control_demos/doc) by extension 'ignore_ament_install'
[0.610s] Level 1:colcon.colcon_core.package_identification:_identify(src/ros2_control_demos/doc) by extensions ['colcon_pkg']
[0.610s] Level 1:colcon.colcon_core.package_identification:_identify(src/ros2_control_demos/doc) by extension 'colcon_pkg'
[0.610s] Level 1:colcon.colcon_core.package_identification:_identify(src/ros2_control_demos/doc) by extensions ['colcon_meta']
[0.610s] Level 1:colcon.colcon_core.package_identification:_identify(src/ros2_control_demos/doc) by extension 'colcon_meta'
[0.610s] Level 1:colcon.colcon_core.package_identification:_identify(src/ros2_control_demos/doc) by extensions ['ros']
[0.610s] Level 1:colcon.colcon_core.package_identification:_identify(src/ros2_control_demos/doc) by extension 'ros'
[0.610s] Level 1:colcon.colcon_core.package_identification:_identify(src/ros2_control_demos/doc) by extensions ['cmake', 'python']
[0.610s] Level 1:colcon.colcon_core.package_identification:_identify(src/ros2_control_demos/doc) by extension 'cmake'
[0.610s] Level 1:colcon.colcon_core.package_identification:_identify(src/ros2_control_demos/doc) by extension 'python'
[0.610s] Level 1:colcon.colcon_core.package_identification:_identify(src/ros2_control_demos/doc) by extensions ['python_setup_py']
[0.610s] Level 1:colcon.colcon_core.package_identification:_identify(src/ros2_control_demos/doc) by extension 'python_setup_py'
[0.610s] Level 1:colcon.colcon_core.package_identification:_identify(src/ros2_control_demos/example_2) by extensions ['ignore', 'ignore_ament_install']
[0.611s] Level 1:colcon.colcon_core.package_identification:_identify(src/ros2_control_demos/example_2) by extension 'ignore'
[0.611s] Level 1:colcon.colcon_core.package_identification:_identify(src/ros2_control_demos/example_2) by extension 'ignore_ament_install'
[0.611s] Level 1:colcon.colcon_core.package_identification:_identify(src/ros2_control_demos/example_2) by extensions ['colcon_pkg']
[0.611s] Level 1:colcon.colcon_core.package_identification:_identify(src/ros2_control_demos/example_2) by extension 'colcon_pkg'
[0.611s] Level 1:colcon.colcon_core.package_identification:_identify(src/ros2_control_demos/example_2) by extensions ['colcon_meta']
[0.611s] Level 1:colcon.colcon_core.package_identification:_identify(src/ros2_control_demos/example_2) by extension 'colcon_meta'
[0.611s] Level 1:colcon.colcon_core.package_identification:_identify(src/ros2_control_demos/example_2) by extensions ['ros']
[0.611s] Level 1:colcon.colcon_core.package_identification:_identify(src/ros2_control_demos/example_2) by extension 'ros'
[0.616s] DEBUG:colcon.colcon_core.package_identification:Package 'src/ros2_control_demos/example_2' with type 'ros.ament_cmake' and name 'ros2_control_demo_example_2'
[0.616s] Level 1:colcon.colcon_core.package_identification:_identify(src/ros2_control_demos/ros2_control_demo_description) by extensions ['ignore', 'ignore_ament_install']
[0.617s] Level 1:colcon.colcon_core.package_identification:_identify(src/ros2_control_demos/ros2_control_demo_description) by extension 'ignore'
[0.617s] Level 1:colcon.colcon_core.package_identification:_identify(src/ros2_control_demos/ros2_control_demo_description) by extension 'ignore_ament_install'
[0.617s] Level 1:colcon.colcon_core.package_identification:_identify(src/ros2_control_demos/ros2_control_demo_description) by extensions ['colcon_pkg']
[0.617s] Level 1:colcon.colcon_core.package_identification:_identify(src/ros2_control_demos/ros2_control_demo_description) by extension 'colcon_pkg'
[0.617s] Level 1:colcon.colcon_core.package_identification:_identify(src/ros2_control_demos/ros2_control_demo_description) by extensions ['colcon_meta']
[0.617s] Level 1:colcon.colcon_core.package_identification:_identify(src/ros2_control_demos/ros2_control_demo_description) by extension 'colcon_meta'
[0.617s] Level 1:colcon.colcon_core.package_identification:_identify(src/ros2_control_demos/ros2_control_demo_description) by extensions ['ros']
[0.617s] Level 1:colcon.colcon_core.package_identification:_identify(src/ros2_control_demos/ros2_control_demo_description) by extension 'ros'
[0.617s] DEBUG:colcon.colcon_core.package_identification:Package 'src/ros2_control_demos/ros2_control_demo_description' with type 'ros.ament_cmake' and name 'ros2_control_demo_description'
[0.618s] Level 1:colcon.colcon_core.package_identification:_identify(src/ros2_control_demos/ros2_control_demos) by extensions ['ignore', 'ignore_ament_install']
[0.618s] Level 1:colcon.colcon_core.package_identification:_identify(src/ros2_control_demos/ros2_control_demos) by extension 'ignore'
[0.618s] Level 1:colcon.colcon_core.package_identification:_identify(src/ros2_control_demos/ros2_control_demos) by extension 'ignore_ament_install'
[0.618s] Level 1:colcon.colcon_core.package_identification:_identify(src/ros2_control_demos/ros2_control_demos) by extensions ['colcon_pkg']
[0.618s] Level 1:colcon.colcon_core.package_identification:_identify(src/ros2_control_demos/ros2_control_demos) by extension 'colcon_pkg'
[0.618s] Level 1:colcon.colcon_core.package_identification:_identify(src/ros2_control_demos/ros2_control_demos) by extensions ['colcon_meta']
[0.618s] Level 1:colcon.colcon_core.package_identification:_identify(src/ros2_control_demos/ros2_control_demos) by extension 'colcon_meta'
[0.618s] Level 1:colcon.colcon_core.package_identification:_identify(src/ros2_control_demos/ros2_control_demos) by extensions ['ros']
[0.618s] Level 1:colcon.colcon_core.package_identification:_identify(src/ros2_control_demos/ros2_control_demos) by extension 'ros'
[0.618s] DEBUG:colcon.colcon_core.package_identification:Package 'src/ros2_control_demos/ros2_control_demos' with type 'ros.ament_cmake' and name 'ros2_control_demos'
[0.618s] Level 1:colcon.colcon_core.package_discovery:discover_packages(recursive) using defaults
[0.618s] Level 1:colcon.colcon_core.package_discovery:discover_packages(ignore) discover
[0.618s] Level 1:colcon.colcon_core.package_discovery:discover_packages(ignore) using defaults
[0.618s] Level 1:colcon.colcon_core.package_discovery:discover_packages(path) discover
[0.618s] Level 1:colcon.colcon_core.package_discovery:discover_packages(path) using defaults
[0.642s] Level 1:colcon.colcon_core.package_discovery:discover_packages(prefix_path) check parameters
[0.642s] Level 1:colcon.colcon_core.package_discovery:discover_packages(prefix_path) discover
[0.644s] WARNING:colcon.colcon_core.prefix_path.colcon:The path '/home/ros2_senior/Senior-Design/ROS2_Roam_Bot/src/ros2_control_demos/install' in the environment variable COLCON_PREFIX_PATH doesn't exist
[0.644s] WARNING:colcon.colcon_ros.prefix_path.ament:The path '/home/ros2_senior/Senior-Design/ROS2_Roam_Bot/src/ros2_control_demos/install/ros2_control_demos' in the environment variable AMENT_PREFIX_PATH doesn't exist
[0.644s] WARNING:colcon.colcon_ros.prefix_path.ament:The path '/home/ros2_senior/Senior-Design/ROS2_Roam_Bot/src/ros2_control_demos/install/ros2_control_demo_example_2' in the environment variable AMENT_PREFIX_PATH doesn't exist
[0.644s] WARNING:colcon.colcon_ros.prefix_path.ament:The path '/home/ros2_senior/Senior-Design/ROS2_Roam_Bot/src/ros2_control_demos/install/ros2_control_demo_description' in the environment variable AMENT_PREFIX_PATH doesn't exist
[0.644s] WARNING:colcon.colcon_ros.prefix_path.ament:The path '/home/ros2_senior/Senior-Design/ROS2_Roam_Bot/install/ros2_control_demos' in the environment variable AMENT_PREFIX_PATH doesn't exist
[0.644s] WARNING:colcon.colcon_ros.prefix_path.ament:The path '/home/ros2_senior/Senior-Design/ROS2_Roam_Bot/install/ros2_control_demo_example_2' in the environment variable AMENT_PREFIX_PATH doesn't exist
[0.644s] WARNING:colcon.colcon_ros.prefix_path.ament:The path '/home/ros2_senior/Senior-Design/ROS2_Roam_Bot/install/ros2_control_demo_description' in the environment variable AMENT_PREFIX_PATH doesn't exist
[0.645s] WARNING:colcon.colcon_ros.prefix_path.catkin:The path '/home/ros2_senior/Senior-Design/ROS2_Roam_Bot/src/ros2_control_demos/install/ros2_control_demos' in the environment variable CMAKE_PREFIX_PATH doesn't exist
[0.645s] WARNING:colcon.colcon_ros.prefix_path.catkin:The path '/home/ros2_senior/Senior-Design/ROS2_Roam_Bot/src/ros2_control_demos/install/ros2_control_demo_example_2' in the environment variable CMAKE_PREFIX_PATH doesn't exist
[0.645s] WARNING:colcon.colcon_ros.prefix_path.catkin:The path '/home/ros2_senior/Senior-Design/ROS2_Roam_Bot/src/ros2_control_demos/install/ros2_control_demo_description' in the environment variable CMAKE_PREFIX_PATH doesn't exist
[0.645s] WARNING:colcon.colcon_ros.prefix_path.catkin:The path '/home/ros2_senior/Senior-Design/ROS2_Roam_Bot/install/ros2_control_demos' in the environment variable CMAKE_PREFIX_PATH doesn't exist
[0.645s] WARNING:colcon.colcon_ros.prefix_path.catkin:The path '/home/ros2_senior/Senior-Design/ROS2_Roam_Bot/install/ros2_control_demo_example_2' in the environment variable CMAKE_PREFIX_PATH doesn't exist
[0.645s] WARNING:colcon.colcon_ros.prefix_path.catkin:The path '/home/ros2_senior/Senior-Design/ROS2_Roam_Bot/install/ros2_control_demo_description' in the environment variable CMAKE_PREFIX_PATH doesn't exist
[0.647s] DEBUG:colcon.colcon_installed_package_information.package_discovery:Found 0 installed packages in /home/ros2_senior/Senior-Design/ROS2_Roam_Bot/install
[0.649s] DEBUG:colcon.colcon_installed_package_information.package_discovery:Found 439 installed packages in /opt/ros/jazzy
[0.651s] Level 1:colcon.colcon_core.package_discovery:discover_packages(prefix_path) using defaults
[0.782s] Level 5:colcon.colcon_core.verb:set package 'ros2_control_demo_description' build argument 'cmake_args' from command line to 'None'
[0.782s] Level 5:colcon.colcon_core.verb:set package 'ros2_control_demo_description' build argument 'cmake_target' from command line to 'None'
[0.783s] Level 5:colcon.colcon_core.verb:set package 'ros2_control_demo_description' build argument 'cmake_target_skip_unavailable' from command line to 'False'
[0.783s] Level 5:colcon.colcon_core.verb:set package 'ros2_control_demo_description' build argument 'cmake_clean_cache' from command line to 'False'
[0.783s] Level 5:colcon.colcon_core.verb:set package 'ros2_control_demo_description' build argument 'cmake_clean_first' from command line to 'False'
[0.783s] Level 5:colcon.colcon_core.verb:set package 'ros2_control_demo_description' build argument 'cmake_force_configure' from command line to 'False'
[0.783s] Level 5:colcon.colcon_core.verb:set package 'ros2_control_demo_description' build argument 'ament_cmake_args' from command line to 'None'
[0.783s] Level 5:colcon.colcon_core.verb:set package 'ros2_control_demo_description' build argument 'catkin_cmake_args' from command line to 'None'
[0.783s] Level 5:colcon.colcon_core.verb:set package 'ros2_control_demo_description' build argument 'catkin_skip_building_tests' from command line to 'False'
[0.783s] DEBUG:colcon.colcon_core.verb:Building package 'ros2_control_demo_description' with the following arguments: {'ament_cmake_args': None, 'build_base': '/home/ros2_senior/Senior-Design/ROS2_Roam_Bot/build/ros2_control_demo_description', 'catkin_cmake_args': None, 'catkin_skip_building_tests': False, 'cmake_args': None, 'cmake_clean_cache': False, 'cmake_clean_first': False, 'cmake_force_configure': False, 'cmake_target': None, 'cmake_target_skip_unavailable': False, 'install_base': '/home/ros2_senior/Senior-Design/ROS2_Roam_Bot/install/ros2_control_demo_description', 'merge_install': False, 'path': '/home/ros2_senior/Senior-Design/ROS2_Roam_Bot/src/ros2_control_demos/ros2_control_demo_description', 'symlink_install': True, 'test_result_base': None}
[0.783s] Level 5:colcon.colcon_core.verb:set package 'ros2_control_demo_example_2' build argument 'cmake_args' from command line to 'None'
[0.783s] Level 5:colcon.colcon_core.verb:set package 'ros2_control_demo_example_2' build argument 'cmake_target' from command line to 'None'
[0.783s] Level 5:colcon.colcon_core.verb:set package 'ros2_control_demo_example_2' build argument 'cmake_target_skip_unavailable' from command line to 'False'
[0.783s] Level 5:colcon.colcon_core.verb:set package 'ros2_control_demo_example_2' build argument 'cmake_clean_cache' from command line to 'False'
[0.783s] Level 5:colcon.colcon_core.verb:set package 'ros2_control_demo_example_2' build argument 'cmake_clean_first' from command line to 'False'
[0.783s] Level 5:colcon.colcon_core.verb:set package 'ros2_control_demo_example_2' build argument 'cmake_force_configure' from command line to 'False'
[0.783s] Level 5:colcon.colcon_core.verb:set package 'ros2_control_demo_example_2' build argument 'ament_cmake_args' from command line to 'None'
[0.783s] Level 5:colcon.colcon_core.verb:set package 'ros2_control_demo_example_2' build argument 'catkin_cmake_args' from command line to 'None'
[0.783s] Level 5:colcon.colcon_core.verb:set package 'ros2_control_demo_example_2' build argument 'catkin_skip_building_tests' from command line to 'False'
[0.783s] DEBUG:colcon.colcon_core.verb:Building package 'ros2_control_demo_example_2' with the following arguments: {'ament_cmake_args': None, 'build_base': '/home/ros2_senior/Senior-Design/ROS2_Roam_Bot/build/ros2_control_demo_example_2', 'catkin_cmake_args': None, 'catkin_skip_building_tests': False, 'cmake_args': None, 'cmake_clean_cache': False, 'cmake_clean_first': False, 'cmake_force_configure': False, 'cmake_target': None, 'cmake_target_skip_unavailable': False, 'install_base': '/home/ros2_senior/Senior-Design/ROS2_Roam_Bot/install/ros2_control_demo_example_2', 'merge_install': False, 'path': '/home/ros2_senior/Senior-Design/ROS2_Roam_Bot/src/ros2_control_demos/example_2', 'symlink_install': True, 'test_result_base': None}
[0.783s] Level 5:colcon.colcon_core.verb:set package 'ros2_control_demos' build argument 'cmake_args' from command line to 'None'
[0.783s] Level 5:colcon.colcon_core.verb:set package 'ros2_control_demos' build argument 'cmake_target' from command line to 'None'
[0.783s] Level 5:colcon.colcon_core.verb:set package 'ros2_control_demos' build argument 'cmake_target_skip_unavailable' from command line to 'False'
[0.783s] Level 5:colcon.colcon_core.verb:set package 'ros2_control_demos' build argument 'cmake_clean_cache' from command line to 'False'
[0.783s] Level 5:colcon.colcon_core.verb:set package 'ros2_control_demos' build argument 'cmake_clean_first' from command line to 'False'
[0.783s] Level 5:colcon.colcon_core.verb:set package 'ros2_control_demos' build argument 'cmake_force_configure' from command line to 'False'
[0.783s] Level 5:colcon.colcon_core.verb:set package 'ros2_control_demos' build argument 'ament_cmake_args' from command line to 'None'
[0.783s] Level 5:colcon.colcon_core.verb:set package 'ros2_control_demos' build argument 'catkin_cmake_args' from command line to 'None'
[0.783s] Level 5:colcon.colcon_core.verb:set package 'ros2_control_demos' build argument 'catkin_skip_building_tests' from command line to 'False'
[0.783s] DEBUG:colcon.colcon_core.verb:Building package 'ros2_control_demos' with the following arguments: {'ament_cmake_args': None, 'build_base': '/home/ros2_senior/Senior-Design/ROS2_Roam_Bot/build/ros2_control_demos', 'catkin_cmake_args': None, 'catkin_skip_building_tests': False, 'cmake_args': None, 'cmake_clean_cache': False, 'cmake_clean_first': False, 'cmake_force_configure': False, 'cmake_target': None, 'cmake_target_skip_unavailable': False, 'install_base': '/home/ros2_senior/Senior-Design/ROS2_Roam_Bot/install/ros2_control_demos', 'merge_install': False, 'path': '/home/ros2_senior/Senior-Design/ROS2_Roam_Bot/src/ros2_control_demos/ros2_control_demos', 'symlink_install': True, 'test_result_base': None}
[0.783s] INFO:colcon.colcon_core.executor:Executing jobs using 'parallel' executor
[0.784s] DEBUG:colcon.colcon_parallel_executor.executor.parallel:run_until_complete
[0.784s] INFO:colcon.colcon_ros.task.ament_cmake.build:Building ROS package in '/home/ros2_senior/Senior-Design/ROS2_Roam_Bot/src/ros2_control_demos/ros2_control_demo_description' with build type 'ament_cmake'
[0.784s] INFO:colcon.colcon_cmake.task.cmake.build:Building CMake package in '/home/ros2_senior/Senior-Design/ROS2_Roam_Bot/src/ros2_control_demos/ros2_control_demo_description'
[0.793s] INFO:colcon.colcon_core.plugin_system:Skipping extension 'colcon_core.shell.bat': Not used on non-Windows systems
[0.793s] INFO:colcon.colcon_core.shell:Skip shell extension 'powershell' for command environment: Not usable outside of PowerShell
[0.793s] DEBUG:colcon.colcon_core.shell:Skip shell extension 'dsv' for command environment
[0.802s] DEBUG:colcon.colcon_core.event_handler.log_command:Invoking command in '/home/ros2_senior/Senior-Design/ROS2_Roam_Bot/build/ros2_control_demo_description': CMAKE_PREFIX_PATH=${CMAKE_PREFIX_PATH}:/opt/ros/jazzy DEBUGINFOD_URLS=https://debuginfod.ubuntu.com /usr/bin/cmake /home/ros2_senior/Senior-Design/ROS2_Roam_Bot/src/ros2_control_demos/ros2_control_demo_description -DAMENT_CMAKE_SYMLINK_INSTALL=1 -DCMAKE_INSTALL_PREFIX=/home/ros2_senior/Senior-Design/ROS2_Roam_Bot/install/ros2_control_demo_description
[7.594s] DEBUG:colcon.colcon_core.event_handler.log_command:Invoked command in '/home/ros2_senior/Senior-Design/ROS2_Roam_Bot/build/ros2_control_demo_description' returned '0': CMAKE_PREFIX_PATH=${CMAKE_PREFIX_PATH}:/opt/ros/jazzy DEBUGINFOD_URLS=https://debuginfod.ubuntu.com /usr/bin/cmake /home/ros2_senior/Senior-Design/ROS2_Roam_Bot/src/ros2_control_demos/ros2_control_demo_description -DAMENT_CMAKE_SYMLINK_INSTALL=1 -DCMAKE_INSTALL_PREFIX=/home/ros2_senior/Senior-Design/ROS2_Roam_Bot/install/ros2_control_demo_description
[7.595s] DEBUG:colcon.colcon_core.event_handler.log_command:Invoking command in '/home/ros2_senior/Senior-Design/ROS2_Roam_Bot/build/ros2_control_demo_description': CMAKE_PREFIX_PATH=${CMAKE_PREFIX_PATH}:/opt/ros/jazzy DEBUGINFOD_URLS=https://debuginfod.ubuntu.com /usr/bin/cmake --build /home/ros2_senior/Senior-Design/ROS2_Roam_Bot/build/ros2_control_demo_description -- -j8 -l8
[7.621s] DEBUG:colcon.colcon_core.event_handler.log_command:Invoked command in '/home/ros2_senior/Senior-Design/ROS2_Roam_Bot/build/ros2_control_demo_description' returned '0': CMAKE_PREFIX_PATH=${CMAKE_PREFIX_PATH}:/opt/ros/jazzy DEBUGINFOD_URLS=https://debuginfod.ubuntu.com /usr/bin/cmake --build /home/ros2_senior/Senior-Design/ROS2_Roam_Bot/build/ros2_control_demo_description -- -j8 -l8
[7.628s] DEBUG:colcon.colcon_core.event_handler.log_command:Invoking command in '/home/ros2_senior/Senior-Design/ROS2_Roam_Bot/build/ros2_control_demo_description': CMAKE_PREFIX_PATH=${CMAKE_PREFIX_PATH}:/opt/ros/jazzy DEBUGINFOD_URLS=https://debuginfod.ubuntu.com /usr/bin/cmake --install /home/ros2_senior/Senior-Design/ROS2_Roam_Bot/build/ros2_control_demo_description
[7.766s] Level 1:colcon.colcon_core.environment:create_environment_scripts_only(ros2_control_demo_description)
[7.767s] DEBUG:colcon.colcon_core.event_handler.log_command:Invoked command in '/home/ros2_senior/Senior-Design/ROS2_Roam_Bot/build/ros2_control_demo_description' returned '0': CMAKE_PREFIX_PATH=${CMAKE_PREFIX_PATH}:/opt/ros/jazzy DEBUGINFOD_URLS=https://debuginfod.ubuntu.com /usr/bin/cmake --install /home/ros2_senior/Senior-Design/ROS2_Roam_Bot/build/ros2_control_demo_description
[7.774s] Level 1:colcon.colcon_core.environment:checking '/home/ros2_senior/Senior-Design/ROS2_Roam_Bot/install/ros2_control_demo_description' for CMake module files
[7.775s] Level 1:colcon.colcon_core.environment:checking '/home/ros2_senior/Senior-Design/ROS2_Roam_Bot/install/ros2_control_demo_description' for CMake config files
[7.775s] Level 1:colcon.colcon_core.shell:create_environment_hook('ros2_control_demo_description', 'cmake_prefix_path')
[7.775s] INFO:colcon.colcon_core.shell:Creating environment hook '/home/ros2_senior/Senior-Design/ROS2_Roam_Bot/install/ros2_control_demo_description/share/ros2_control_demo_description/hook/cmake_prefix_path.ps1'
[7.776s] INFO:colcon.colcon_core.shell:Creating environment descriptor '/home/ros2_senior/Senior-Design/ROS2_Roam_Bot/install/ros2_control_demo_description/share/ros2_control_demo_description/hook/cmake_prefix_path.dsv'
[7.776s] INFO:colcon.colcon_core.shell:Creating environment hook '/home/ros2_senior/Senior-Design/ROS2_Roam_Bot/install/ros2_control_demo_description/share/ros2_control_demo_description/hook/cmake_prefix_path.sh'
[7.777s] Level 1:colcon.colcon_core.environment:checking '/home/ros2_senior/Senior-Design/ROS2_Roam_Bot/install/ros2_control_demo_description/bin'
[7.777s] Level 1:colcon.colcon_core.environment:checking '/home/ros2_senior/Senior-Design/ROS2_Roam_Bot/install/ros2_control_demo_description/lib/pkgconfig/ros2_control_demo_description.pc'
[7.777s] Level 1:colcon.colcon_core.environment:checking '/home/ros2_senior/Senior-Design/ROS2_Roam_Bot/install/ros2_control_demo_description/lib/python3.12/site-packages'
[7.777s] Level 1:colcon.colcon_core.environment:checking '/home/ros2_senior/Senior-Design/ROS2_Roam_Bot/install/ros2_control_demo_description/bin'
[7.777s] INFO:colcon.colcon_core.shell:Creating package script '/home/ros2_senior/Senior-Design/ROS2_Roam_Bot/install/ros2_control_demo_description/share/ros2_control_demo_description/package.ps1'
[7.778s] INFO:colcon.colcon_core.shell:Creating package descriptor '/home/ros2_senior/Senior-Design/ROS2_Roam_Bot/install/ros2_control_demo_description/share/ros2_control_demo_description/package.dsv'
[7.779s] INFO:colcon.colcon_core.shell:Creating package script '/home/ros2_senior/Senior-Design/ROS2_Roam_Bot/install/ros2_control_demo_description/share/ros2_control_demo_description/package.sh'
[7.779s] INFO:colcon.colcon_core.shell:Creating package script '/home/ros2_senior/Senior-Design/ROS2_Roam_Bot/install/ros2_control_demo_description/share/ros2_control_demo_description/package.bash'
[7.780s] INFO:colcon.colcon_core.shell:Creating package script '/home/ros2_senior/Senior-Design/ROS2_Roam_Bot/install/ros2_control_demo_description/share/ros2_control_demo_description/package.zsh'
[7.780s] Level 1:colcon.colcon_core.environment:create_file_with_runtime_dependencies(/home/ros2_senior/Senior-Design/ROS2_Roam_Bot/install/ros2_control_demo_description/share/colcon-core/packages/ros2_control_demo_description)
[7.781s] Level 1:colcon.colcon_core.environment:create_environment_scripts_only(ros2_control_demo_description)
[7.781s] Level 1:colcon.colcon_core.environment:checking '/home/ros2_senior/Senior-Design/ROS2_Roam_Bot/install/ros2_control_demo_description' for CMake module files
[7.781s] Level 1:colcon.colcon_core.environment:checking '/home/ros2_senior/Senior-Design/ROS2_Roam_Bot/install/ros2_control_demo_description' for CMake config files
[7.781s] Level 1:colcon.colcon_core.shell:create_environment_hook('ros2_control_demo_description', 'cmake_prefix_path')
[7.781s] INFO:colcon.colcon_core.shell:Creating environment hook '/home/ros2_senior/Senior-Design/ROS2_Roam_Bot/install/ros2_control_demo_description/share/ros2_control_demo_description/hook/cmake_prefix_path.ps1'
[7.782s] INFO:colcon.colcon_core.shell:Creating environment descriptor '/home/ros2_senior/Senior-Design/ROS2_Roam_Bot/install/ros2_control_demo_description/share/ros2_control_demo_description/hook/cmake_prefix_path.dsv'
[7.782s] INFO:colcon.colcon_core.shell:Creating environment hook '/home/ros2_senior/Senior-Design/ROS2_Roam_Bot/install/ros2_control_demo_description/share/ros2_control_demo_description/hook/cmake_prefix_path.sh'
[7.783s] Level 1:colcon.colcon_core.environment:checking '/home/ros2_senior/Senior-Design/ROS2_Roam_Bot/install/ros2_control_demo_description/bin'
[7.783s] Level 1:colcon.colcon_core.environment:checking '/home/ros2_senior/Senior-Design/ROS2_Roam_Bot/install/ros2_control_demo_description/lib/pkgconfig/ros2_control_demo_description.pc'
[7.783s] Level 1:colcon.colcon_core.environment:checking '/home/ros2_senior/Senior-Design/ROS2_Roam_Bot/install/ros2_control_demo_description/lib/python3.12/site-packages'
[7.783s] Level 1:colcon.colcon_core.environment:checking '/home/ros2_senior/Senior-Design/ROS2_Roam_Bot/install/ros2_control_demo_description/bin'
[7.783s] INFO:colcon.colcon_core.shell:Creating package script '/home/ros2_senior/Senior-Design/ROS2_Roam_Bot/install/ros2_control_demo_description/share/ros2_control_demo_description/package.ps1'
[7.784s] INFO:colcon.colcon_core.shell:Creating package descriptor '/home/ros2_senior/Senior-Design/ROS2_Roam_Bot/install/ros2_control_demo_description/share/ros2_control_demo_description/package.dsv'
[7.784s] INFO:colcon.colcon_core.shell:Creating package script '/home/ros2_senior/Senior-Design/ROS2_Roam_Bot/install/ros2_control_demo_description/share/ros2_control_demo_description/package.sh'
[7.784s] INFO:colcon.colcon_core.shell:Creating package script '/home/ros2_senior/Senior-Design/ROS2_Roam_Bot/install/ros2_control_demo_description/share/ros2_control_demo_description/package.bash'
[7.785s] INFO:colcon.colcon_core.shell:Creating package script '/home/ros2_senior/Senior-Design/ROS2_Roam_Bot/install/ros2_control_demo_description/share/ros2_control_demo_description/package.zsh'
[7.785s] Level 1:colcon.colcon_core.environment:create_file_with_runtime_dependencies(/home/ros2_senior/Senior-Design/ROS2_Roam_Bot/install/ros2_control_demo_description/share/colcon-core/packages/ros2_control_demo_description)
[7.786s] INFO:colcon.colcon_ros.task.ament_cmake.build:Building ROS package in '/home/ros2_senior/Senior-Design/ROS2_Roam_Bot/src/ros2_control_demos/example_2' with build type 'ament_cmake'
[7.786s] INFO:colcon.colcon_cmake.task.cmake.build:Building CMake package in '/home/ros2_senior/Senior-Design/ROS2_Roam_Bot/src/ros2_control_demos/example_2'
[7.786s] INFO:colcon.colcon_core.shell:Skip shell extension 'powershell' for command environment: Not usable outside of PowerShell
[7.786s] DEBUG:colcon.colcon_core.shell:Skip shell extension 'dsv' for command environment
[7.873s] DEBUG:colcon.colcon_core.event_handler.log_command:Invoking command in '/home/ros2_senior/Senior-Design/ROS2_Roam_Bot/build/ros2_control_demo_example_2': CMAKE_PREFIX_PATH=/home/ros2_senior/Senior-Design/ROS2_Roam_Bot/install/ros2_control_demo_description:/home/ros2_senior/Senior-Design/ROS2_Roam_Bot/src/ros2_control_demos/install/ros2_control_demos:/home/ros2_senior/Senior-Design/ROS2_Roam_Bot/src/ros2_control_demos/install/ros2_control_demo_example_2:/home/ros2_senior/Senior-Design/ROS2_Roam_Bot/src/ros2_control_demos/install/ros2_control_demo_description:/home/ros2_senior/Senior-Design/ROS2_Roam_Bot/install/ros2_control_demos:/home/ros2_senior/Senior-Design/ROS2_Roam_Bot/install/ros2_control_demo_example_2:/opt/ros/jazzy/opt/gz_sim_vendor:/opt/ros/jazzy/opt/gz_sensors_vendor:/opt/ros/jazzy/opt/gz_physics_vendor:/opt/ros/jazzy/opt/sdformat_vendor:/opt/ros/jazzy/opt/gz_gui_vendor:/opt/ros/jazzy/opt/gz_transport_vendor:/opt/ros/jazzy/opt/gz_rendering_vendor:/opt/ros/jazzy/opt/gz_plugin_vendor:/opt/ros/jazzy/opt/gz_fuel_tools_vendor:/opt/ros/jazzy/opt/gz_msgs_vendor:/opt/ros/jazzy/opt/gz_common_vendor:/opt/ros/jazzy/opt/gz_math_vendor:/opt/ros/jazzy/opt/gz_utils_vendor:/opt/ros/jazzy/opt/gz_tools_vendor:/opt/ros/jazzy/opt/gz_ogre_next_vendor:/opt/ros/jazzy/opt/gz_dartsim_vendor:/opt/ros/jazzy/opt/gz_cmake_vendor:/opt/ros/jazzy DEBUGINFOD_URLS=https://debuginfod.ubuntu.com /usr/bin/cmake /home/ros2_senior/Senior-Design/ROS2_Roam_Bot/src/ros2_control_demos/example_2 -DAMENT_CMAKE_SYMLINK_INSTALL=1 -DCMAKE_INSTALL_PREFIX=/home/ros2_senior/Senior-Design/ROS2_Roam_Bot/install/ros2_control_demo_example_2
[15.744s] DEBUG:colcon.colcon_core.event_handler.log_command:Invoked command in '/home/ros2_senior/Senior-Design/ROS2_Roam_Bot/build/ros2_control_demo_example_2' returned '0': CMAKE_PREFIX_PATH=/home/ros2_senior/Senior-Design/ROS2_Roam_Bot/install/ros2_control_demo_description:/home/ros2_senior/Senior-Design/ROS2_Roam_Bot/src/ros2_control_demos/install/ros2_control_demos:/home/ros2_senior/Senior-Design/ROS2_Roam_Bot/src/ros2_control_demos/install/ros2_control_demo_example_2:/home/ros2_senior/Senior-Design/ROS2_Roam_Bot/src/ros2_control_demos/install/ros2_control_demo_description:/home/ros2_senior/Senior-Design/ROS2_Roam_Bot/install/ros2_control_demos:/home/ros2_senior/Senior-Design/ROS2_Roam_Bot/install/ros2_control_demo_example_2:/opt/ros/jazzy/opt/gz_sim_vendor:/opt/ros/jazzy/opt/gz_sensors_vendor:/opt/ros/jazzy/opt/gz_physics_vendor:/opt/ros/jazzy/opt/sdformat_vendor:/opt/ros/jazzy/opt/gz_gui_vendor:/opt/ros/jazzy/opt/gz_transport_vendor:/opt/ros/jazzy/opt/gz_rendering_vendor:/opt/ros/jazzy/opt/gz_plugin_vendor:/opt/ros/jazzy/opt/gz_fuel_tools_vendor:/opt/ros/jazzy/opt/gz_msgs_vendor:/opt/ros/jazzy/opt/gz_common_vendor:/opt/ros/jazzy/opt/gz_math_vendor:/opt/ros/jazzy/opt/gz_utils_vendor:/opt/ros/jazzy/opt/gz_tools_vendor:/opt/ros/jazzy/opt/gz_ogre_next_vendor:/opt/ros/jazzy/opt/gz_dartsim_vendor:/opt/ros/jazzy/opt/gz_cmake_vendor:/opt/ros/jazzy DEBUGINFOD_URLS=https://debuginfod.ubuntu.com /usr/bin/cmake /home/ros2_senior/Senior-Design/ROS2_Roam_Bot/src/ros2_control_demos/example_2 -DAMENT_CMAKE_SYMLINK_INSTALL=1 -DCMAKE_INSTALL_PREFIX=/home/ros2_senior/Senior-Design/ROS2_Roam_Bot/install/ros2_control_demo_example_2
[15.744s] DEBUG:colcon.colcon_core.event_handler.log_command:Invoking command in '/home/ros2_senior/Senior-Design/ROS2_Roam_Bot/build/ros2_control_demo_example_2': CMAKE_PREFIX_PATH=/home/ros2_senior/Senior-Design/ROS2_Roam_Bot/install/ros2_control_demo_description:/home/ros2_senior/Senior-Design/ROS2_Roam_Bot/src/ros2_control_demos/install/ros2_control_demos:/home/ros2_senior/Senior-Design/ROS2_Roam_Bot/src/ros2_control_demos/install/ros2_control_demo_example_2:/home/ros2_senior/Senior-Design/ROS2_Roam_Bot/src/ros2_control_demos/install/ros2_control_demo_description:/home/ros2_senior/Senior-Design/ROS2_Roam_Bot/install/ros2_control_demos:/home/ros2_senior/Senior-Design/ROS2_Roam_Bot/install/ros2_control_demo_example_2:/opt/ros/jazzy/opt/gz_sim_vendor:/opt/ros/jazzy/opt/gz_sensors_vendor:/opt/ros/jazzy/opt/gz_physics_vendor:/opt/ros/jazzy/opt/sdformat_vendor:/opt/ros/jazzy/opt/gz_gui_vendor:/opt/ros/jazzy/opt/gz_transport_vendor:/opt/ros/jazzy/opt/gz_rendering_vendor:/opt/ros/jazzy/opt/gz_plugin_vendor:/opt/ros/jazzy/opt/gz_fuel_tools_vendor:/opt/ros/jazzy/opt/gz_msgs_vendor:/opt/ros/jazzy/opt/gz_common_vendor:/opt/ros/jazzy/opt/gz_math_vendor:/opt/ros/jazzy/opt/gz_utils_vendor:/opt/ros/jazzy/opt/gz_tools_vendor:/opt/ros/jazzy/opt/gz_ogre_next_vendor:/opt/ros/jazzy/opt/gz_dartsim_vendor:/opt/ros/jazzy/opt/gz_cmake_vendor:/opt/ros/jazzy DEBUGINFOD_URLS=https://debuginfod.ubuntu.com /usr/bin/cmake --build /home/ros2_senior/Senior-Design/ROS2_Roam_Bot/build/ros2_control_demo_example_2 -- -j8 -l8
[20.826s] DEBUG:colcon.colcon_core.event_handler.log_command:Invoked command in '/home/ros2_senior/Senior-Design/ROS2_Roam_Bot/build/ros2_control_demo_example_2' returned '0': CMAKE_PREFIX_PATH=/home/ros2_senior/Senior-Design/ROS2_Roam_Bot/install/ros2_control_demo_description:/home/ros2_senior/Senior-Design/ROS2_Roam_Bot/src/ros2_control_demos/install/ros2_control_demos:/home/ros2_senior/Senior-Design/ROS2_Roam_Bot/src/ros2_control_demos/install/ros2_control_demo_example_2:/home/ros2_senior/Senior-Design/ROS2_Roam_Bot/src/ros2_control_demos/install/ros2_control_demo_description:/home/ros2_senior/Senior-Design/ROS2_Roam_Bot/install/ros2_control_demos:/home/ros2_senior/Senior-Design/ROS2_Roam_Bot/install/ros2_control_demo_example_2:/opt/ros/jazzy/opt/gz_sim_vendor:/opt/ros/jazzy/opt/gz_sensors_vendor:/opt/ros/jazzy/opt/gz_physics_vendor:/opt/ros/jazzy/opt/sdformat_vendor:/opt/ros/jazzy/opt/gz_gui_vendor:/opt/ros/jazzy/opt/gz_transport_vendor:/opt/ros/jazzy/opt/gz_rendering_vendor:/opt/ros/jazzy/opt/gz_plugin_vendor:/opt/ros/jazzy/opt/gz_fuel_tools_vendor:/opt/ros/jazzy/opt/gz_msgs_vendor:/opt/ros/jazzy/opt/gz_common_vendor:/opt/ros/jazzy/opt/gz_math_vendor:/opt/ros/jazzy/opt/gz_utils_vendor:/opt/ros/jazzy/opt/gz_tools_vendor:/opt/ros/jazzy/opt/gz_ogre_next_vendor:/opt/ros/jazzy/opt/gz_dartsim_vendor:/opt/ros/jazzy/opt/gz_cmake_vendor:/opt/ros/jazzy DEBUGINFOD_URLS=https://debuginfod.ubuntu.com /usr/bin/cmake --build /home/ros2_senior/Senior-Design/ROS2_Roam_Bot/build/ros2_control_demo_example_2 -- -j8 -l8
[20.828s] DEBUG:colcon.colcon_core.event_handler.log_command:Invoking command in '/home/ros2_senior/Senior-Design/ROS2_Roam_Bot/build/ros2_control_demo_example_2': CMAKE_PREFIX_PATH=/home/ros2_senior/Senior-Design/ROS2_Roam_Bot/install/ros2_control_demo_description:/home/ros2_senior/Senior-Design/ROS2_Roam_Bot/src/ros2_control_demos/install/ros2_control_demos:/home/ros2_senior/Senior-Design/ROS2_Roam_Bot/src/ros2_control_demos/install/ros2_control_demo_example_2:/home/ros2_senior/Senior-Design/ROS2_Roam_Bot/src/ros2_control_demos/install/ros2_control_demo_description:/home/ros2_senior/Senior-Design/ROS2_Roam_Bot/install/ros2_control_demos:/home/ros2_senior/Senior-Design/ROS2_Roam_Bot/install/ros2_control_demo_example_2:/opt/ros/jazzy/opt/gz_sim_vendor:/opt/ros/jazzy/opt/gz_sensors_vendor:/opt/ros/jazzy/opt/gz_physics_vendor:/opt/ros/jazzy/opt/sdformat_vendor:/opt/ros/jazzy/opt/gz_gui_vendor:/opt/ros/jazzy/opt/gz_transport_vendor:/opt/ros/jazzy/opt/gz_rendering_vendor:/opt/ros/jazzy/opt/gz_plugin_vendor:/opt/ros/jazzy/opt/gz_fuel_tools_vendor:/opt/ros/jazzy/opt/gz_msgs_vendor:/opt/ros/jazzy/opt/gz_common_vendor:/opt/ros/jazzy/opt/gz_math_vendor:/opt/ros/jazzy/opt/gz_utils_vendor:/opt/ros/jazzy/opt/gz_tools_vendor:/opt/ros/jazzy/opt/gz_ogre_next_vendor:/opt/ros/jazzy/opt/gz_dartsim_vendor:/opt/ros/jazzy/opt/gz_cmake_vendor:/opt/ros/jazzy DEBUGINFOD_URLS=https://debuginfod.ubuntu.com /usr/bin/cmake --install /home/ros2_senior/Senior-Design/ROS2_Roam_Bot/build/ros2_control_demo_example_2
[21.067s] Level 1:colcon.colcon_core.environment:create_environment_scripts_only(ros2_control_demo_example_2)
[21.068s] Level 1:colcon.colcon_core.environment:checking '/home/ros2_senior/Senior-Design/ROS2_Roam_Bot/install/ros2_control_demo_example_2' for CMake module files
[21.068s] DEBUG:colcon.colcon_core.event_handler.log_command:Invoked command in '/home/ros2_senior/Senior-Design/ROS2_Roam_Bot/build/ros2_control_demo_example_2' returned '0': CMAKE_PREFIX_PATH=/home/ros2_senior/Senior-Design/ROS2_Roam_Bot/install/ros2_control_demo_description:/home/ros2_senior/Senior-Design/ROS2_Roam_Bot/src/ros2_control_demos/install/ros2_control_demos:/home/ros2_senior/Senior-Design/ROS2_Roam_Bot/src/ros2_control_demos/install/ros2_control_demo_example_2:/home/ros2_senior/Senior-Design/ROS2_Roam_Bot/src/ros2_control_demos/install/ros2_control_demo_description:/home/ros2_senior/Senior-Design/ROS2_Roam_Bot/install/ros2_control_demos:/home/ros2_senior/Senior-Design/ROS2_Roam_Bot/install/ros2_control_demo_example_2:/opt/ros/jazzy/opt/gz_sim_vendor:/opt/ros/jazzy/opt/gz_sensors_vendor:/opt/ros/jazzy/opt/gz_physics_vendor:/opt/ros/jazzy/opt/sdformat_vendor:/opt/ros/jazzy/opt/gz_gui_vendor:/opt/ros/jazzy/opt/gz_transport_vendor:/opt/ros/jazzy/opt/gz_rendering_vendor:/opt/ros/jazzy/opt/gz_plugin_vendor:/opt/ros/jazzy/opt/gz_fuel_tools_vendor:/opt/ros/jazzy/opt/gz_msgs_vendor:/opt/ros/jazzy/opt/gz_common_vendor:/opt/ros/jazzy/opt/gz_math_vendor:/opt/ros/jazzy/opt/gz_utils_vendor:/opt/ros/jazzy/opt/gz_tools_vendor:/opt/ros/jazzy/opt/gz_ogre_next_vendor:/opt/ros/jazzy/opt/gz_dartsim_vendor:/opt/ros/jazzy/opt/gz_cmake_vendor:/opt/ros/jazzy DEBUGINFOD_URLS=https://debuginfod.ubuntu.com /usr/bin/cmake --install /home/ros2_senior/Senior-Design/ROS2_Roam_Bot/build/ros2_control_demo_example_2
[21.069s] Level 1:colcon.colcon_core.environment:checking '/home/ros2_senior/Senior-Design/ROS2_Roam_Bot/install/ros2_control_demo_example_2' for CMake config files
[21.069s] Level 1:colcon.colcon_core.shell:create_environment_hook('ros2_control_demo_example_2', 'cmake_prefix_path')
[21.069s] INFO:colcon.colcon_core.shell:Creating environment hook '/home/ros2_senior/Senior-Design/ROS2_Roam_Bot/install/ros2_control_demo_example_2/share/ros2_control_demo_example_2/hook/cmake_prefix_path.ps1'
[21.069s] INFO:colcon.colcon_core.shell:Creating environment descriptor '/home/ros2_senior/Senior-Design/ROS2_Roam_Bot/install/ros2_control_demo_example_2/share/ros2_control_demo_example_2/hook/cmake_prefix_path.dsv'
[21.070s] INFO:colcon.colcon_core.shell:Creating environment hook '/home/ros2_senior/Senior-Design/ROS2_Roam_Bot/install/ros2_control_demo_example_2/share/ros2_control_demo_example_2/hook/cmake_prefix_path.sh'
[21.070s] Level 1:colcon.colcon_core.environment:checking '/home/ros2_senior/Senior-Design/ROS2_Roam_Bot/install/ros2_control_demo_example_2/lib'
[21.070s] Level 1:colcon.colcon_core.shell:create_environment_hook('ros2_control_demo_example_2', 'ld_library_path_lib')
[21.070s] INFO:colcon.colcon_core.shell:Creating environment hook '/home/ros2_senior/Senior-Design/ROS2_Roam_Bot/install/ros2_control_demo_example_2/share/ros2_control_demo_example_2/hook/ld_library_path_lib.ps1'
[21.070s] INFO:colcon.colcon_core.shell:Creating environment descriptor '/home/ros2_senior/Senior-Design/ROS2_Roam_Bot/install/ros2_control_demo_example_2/share/ros2_control_demo_example_2/hook/ld_library_path_lib.dsv'
[21.071s] INFO:colcon.colcon_core.shell:Creating environment hook '/home/ros2_senior/Senior-Design/ROS2_Roam_Bot/install/ros2_control_demo_example_2/share/ros2_control_demo_example_2/hook/ld_library_path_lib.sh'
[21.071s] Level 1:colcon.colcon_core.environment:checking '/home/ros2_senior/Senior-Design/ROS2_Roam_Bot/install/ros2_control_demo_example_2/bin'
[21.071s] Level 1:colcon.colcon_core.environment:checking '/home/ros2_senior/Senior-Design/ROS2_Roam_Bot/install/ros2_control_demo_example_2/lib/pkgconfig/ros2_control_demo_example_2.pc'
[21.071s] Level 1:colcon.colcon_core.environment:checking '/home/ros2_senior/Senior-Design/ROS2_Roam_Bot/install/ros2_control_demo_example_2/lib/python3.12/site-packages'
[21.072s] Level 1:colcon.colcon_core.environment:checking '/home/ros2_senior/Senior-Design/ROS2_Roam_Bot/install/ros2_control_demo_example_2/bin'
[21.072s] INFO:colcon.colcon_core.shell:Creating package script '/home/ros2_senior/Senior-Design/ROS2_Roam_Bot/install/ros2_control_demo_example_2/share/ros2_control_demo_example_2/package.ps1'
[21.072s] INFO:colcon.colcon_core.shell:Creating package descriptor '/home/ros2_senior/Senior-Design/ROS2_Roam_Bot/install/ros2_control_demo_example_2/share/ros2_control_demo_example_2/package.dsv'
[21.073s] INFO:colcon.colcon_core.shell:Creating package script '/home/ros2_senior/Senior-Design/ROS2_Roam_Bot/install/ros2_control_demo_example_2/share/ros2_control_demo_example_2/package.sh'
[21.073s] INFO:colcon.colcon_core.shell:Creating package script '/home/ros2_senior/Senior-Design/ROS2_Roam_Bot/install/ros2_control_demo_example_2/share/ros2_control_demo_example_2/package.bash'
[21.073s] INFO:colcon.colcon_core.shell:Creating package script '/home/ros2_senior/Senior-Design/ROS2_Roam_Bot/install/ros2_control_demo_example_2/share/ros2_control_demo_example_2/package.zsh'
[21.073s] Level 1:colcon.colcon_core.environment:create_file_with_runtime_dependencies(/home/ros2_senior/Senior-Design/ROS2_Roam_Bot/install/ros2_control_demo_example_2/share/colcon-core/packages/ros2_control_demo_example_2)
[21.074s] Level 1:colcon.colcon_core.environment:create_environment_scripts_only(ros2_control_demo_example_2)
[21.074s] Level 1:colcon.colcon_core.environment:checking '/home/ros2_senior/Senior-Design/ROS2_Roam_Bot/install/ros2_control_demo_example_2' for CMake module files
[21.074s] Level 1:colcon.colcon_core.environment:checking '/home/ros2_senior/Senior-Design/ROS2_Roam_Bot/install/ros2_control_demo_example_2' for CMake config files
[21.074s] Level 1:colcon.colcon_core.shell:create_environment_hook('ros2_control_demo_example_2', 'cmake_prefix_path')
[21.074s] INFO:colcon.colcon_core.shell:Creating environment hook '/home/ros2_senior/Senior-Design/ROS2_Roam_Bot/install/ros2_control_demo_example_2/share/ros2_control_demo_example_2/hook/cmake_prefix_path.ps1'
[21.075s] INFO:colcon.colcon_core.shell:Creating environment descriptor '/home/ros2_senior/Senior-Design/ROS2_Roam_Bot/install/ros2_control_demo_example_2/share/ros2_control_demo_example_2/hook/cmake_prefix_path.dsv'
[21.075s] INFO:colcon.colcon_core.shell:Creating environment hook '/home/ros2_senior/Senior-Design/ROS2_Roam_Bot/install/ros2_control_demo_example_2/share/ros2_control_demo_example_2/hook/cmake_prefix_path.sh'
[21.075s] Level 1:colcon.colcon_core.environment:checking '/home/ros2_senior/Senior-Design/ROS2_Roam_Bot/install/ros2_control_demo_example_2/lib'
[21.075s] Level 1:colcon.colcon_core.shell:create_environment_hook('ros2_control_demo_example_2', 'ld_library_path_lib')
[21.075s] INFO:colcon.colcon_core.shell:Creating environment hook '/home/ros2_senior/Senior-Design/ROS2_Roam_Bot/install/ros2_control_demo_example_2/share/ros2_control_demo_example_2/hook/ld_library_path_lib.ps1'
[21.075s] INFO:colcon.colcon_core.shell:Creating environment descriptor '/home/ros2_senior/Senior-Design/ROS2_Roam_Bot/install/ros2_control_demo_example_2/share/ros2_control_demo_example_2/hook/ld_library_path_lib.dsv'
[21.076s] INFO:colcon.colcon_core.shell:Creating environment hook '/home/ros2_senior/Senior-Design/ROS2_Roam_Bot/install/ros2_control_demo_example_2/share/ros2_control_demo_example_2/hook/ld_library_path_lib.sh'
[21.076s] Level 1:colcon.colcon_core.environment:checking '/home/ros2_senior/Senior-Design/ROS2_Roam_Bot/install/ros2_control_demo_example_2/bin'
[21.076s] Level 1:colcon.colcon_core.environment:checking '/home/ros2_senior/Senior-Design/ROS2_Roam_Bot/install/ros2_control_demo_example_2/lib/pkgconfig/ros2_control_demo_example_2.pc'
[21.076s] Level 1:colcon.colcon_core.environment:checking '/home/ros2_senior/Senior-Design/ROS2_Roam_Bot/install/ros2_control_demo_example_2/lib/python3.12/site-packages'
[21.076s] Level 1:colcon.colcon_core.environment:checking '/home/ros2_senior/Senior-Design/ROS2_Roam_Bot/install/ros2_control_demo_example_2/bin'
[21.076s] INFO:colcon.colcon_core.shell:Creating package script '/home/ros2_senior/Senior-Design/ROS2_Roam_Bot/install/ros2_control_demo_example_2/share/ros2_control_demo_example_2/package.ps1'
[21.077s] INFO:colcon.colcon_core.shell:Creating package descriptor '/home/ros2_senior/Senior-Design/ROS2_Roam_Bot/install/ros2_control_demo_example_2/share/ros2_control_demo_example_2/package.dsv'
[21.077s] INFO:colcon.colcon_core.shell:Creating package script '/home/ros2_senior/Senior-Design/ROS2_Roam_Bot/install/ros2_control_demo_example_2/share/ros2_control_demo_example_2/package.sh'
[21.077s] INFO:colcon.colcon_core.shell:Creating package script '/home/ros2_senior/Senior-Design/ROS2_Roam_Bot/install/ros2_control_demo_example_2/share/ros2_control_demo_example_2/package.bash'
[21.077s] INFO:colcon.colcon_core.shell:Creating package script '/home/ros2_senior/Senior-Design/ROS2_Roam_Bot/install/ros2_control_demo_example_2/share/ros2_control_demo_example_2/package.zsh'
[21.078s] Level 1:colcon.colcon_core.environment:create_file_with_runtime_dependencies(/home/ros2_senior/Senior-Design/ROS2_Roam_Bot/install/ros2_control_demo_example_2/share/colcon-core/packages/ros2_control_demo_example_2)
[21.078s] INFO:colcon.colcon_ros.task.ament_cmake.build:Building ROS package in '/home/ros2_senior/Senior-Design/ROS2_Roam_Bot/src/ros2_control_demos/ros2_control_demos' with build type 'ament_cmake'
[21.078s] INFO:colcon.colcon_cmake.task.cmake.build:Building CMake package in '/home/ros2_senior/Senior-Design/ROS2_Roam_Bot/src/ros2_control_demos/ros2_control_demos'
[21.078s] INFO:colcon.colcon_core.shell:Skip shell extension 'powershell' for command environment: Not usable outside of PowerShell
[21.078s] DEBUG:colcon.colcon_core.shell:Skip shell extension 'dsv' for command environment
[22.020s] DEBUG:colcon.colcon_core.event_handler.log_command:Invoking command in '/home/ros2_senior/Senior-Design/ROS2_Roam_Bot/build/ros2_control_demos': CMAKE_PREFIX_PATH=/home/ros2_senior/Senior-Design/ROS2_Roam_Bot/install/ros2_control_demo_example_2:/home/ros2_senior/Senior-Design/ROS2_Roam_Bot/install/ros2_control_demo_description:/home/ros2_senior/Senior-Design/ROS2_Roam_Bot/src/ros2_control_demos/install/ros2_control_demos:/home/ros2_senior/Senior-Design/ROS2_Roam_Bot/src/ros2_control_demos/install/ros2_control_demo_example_2:/home/ros2_senior/Senior-Design/ROS2_Roam_Bot/src/ros2_control_demos/install/ros2_control_demo_description:/home/ros2_senior/Senior-Design/ROS2_Roam_Bot/install/ros2_control_demos:/opt/ros/jazzy/opt/gz_sim_vendor:/opt/ros/jazzy/opt/gz_sensors_vendor:/opt/ros/jazzy/opt/gz_physics_vendor:/opt/ros/jazzy/opt/sdformat_vendor:/opt/ros/jazzy/opt/gz_gui_vendor:/opt/ros/jazzy/opt/gz_transport_vendor:/opt/ros/jazzy/opt/gz_rendering_vendor:/opt/ros/jazzy/opt/gz_plugin_vendor:/opt/ros/jazzy/opt/gz_fuel_tools_vendor:/opt/ros/jazzy/opt/gz_msgs_vendor:/opt/ros/jazzy/opt/gz_common_vendor:/opt/ros/jazzy/opt/gz_math_vendor:/opt/ros/jazzy/opt/gz_utils_vendor:/opt/ros/jazzy/opt/gz_tools_vendor:/opt/ros/jazzy/opt/gz_ogre_next_vendor:/opt/ros/jazzy/opt/gz_dartsim_vendor:/opt/ros/jazzy/opt/gz_cmake_vendor:/opt/ros/jazzy DEBUGINFOD_URLS=https://debuginfod.ubuntu.com LD_LIBRARY_PATH=/home/ros2_senior/Senior-Design/ROS2_Roam_Bot/install/ros2_control_demo_example_2/lib:/home/ros2_senior/Senior-Design/ROS2_Roam_Bot/src/ros2_control_demos/install/ros2_control_demo_example_2/lib:/opt/ros/jazzy/opt/gz_sim_vendor/lib:/opt/ros/jazzy/opt/gz_sensors_vendor/lib:/opt/ros/jazzy/opt/gz_physics_vendor/lib:/opt/ros/jazzy/opt/sdformat_vendor/lib:/opt/ros/jazzy/opt/rviz_ogre_vendor/lib:/opt/ros/jazzy/lib/x86_64-linux-gnu:/opt/ros/jazzy/opt/gz_gui_vendor/lib:/opt/ros/jazzy/opt/gz_transport_vendor/lib:/opt/ros/jazzy/opt/gz_rendering_vendor/lib:/opt/ros/jazzy/opt/gz_plugin_vendor/lib:/opt/ros/jazzy/opt/gz_fuel_tools_vendor/lib:/opt/ros/jazzy/opt/gz_msgs_vendor/lib:/opt/ros/jazzy/opt/gz_common_vendor/lib:/opt/ros/jazzy/opt/gz_math_vendor/lib:/opt/ros/jazzy/opt/gz_utils_vendor/lib:/opt/ros/jazzy/opt/gz_tools_vendor/lib:/opt/ros/jazzy/opt/gz_ogre_next_vendor/lib:/opt/ros/jazzy/opt/gz_dartsim_vendor/lib:/opt/ros/jazzy/opt/gz_cmake_vendor/lib:/opt/ros/jazzy/lib /usr/bin/cmake /home/ros2_senior/Senior-Design/ROS2_Roam_Bot/src/ros2_control_demos/ros2_control_demos -DAMENT_CMAKE_SYMLINK_INSTALL=1 -DCMAKE_INSTALL_PREFIX=/home/ros2_senior/Senior-Design/ROS2_Roam_Bot/install/ros2_control_demos
[31.017s] DEBUG:colcon.colcon_core.event_handler.log_command:Invoked command in '/home/ros2_senior/Senior-Design/ROS2_Roam_Bot/build/ros2_control_demos' returned '0': CMAKE_PREFIX_PATH=/home/ros2_senior/Senior-Design/ROS2_Roam_Bot/install/ros2_control_demo_example_2:/home/ros2_senior/Senior-Design/ROS2_Roam_Bot/install/ros2_control_demo_description:/home/ros2_senior/Senior-Design/ROS2_Roam_Bot/src/ros2_control_demos/install/ros2_control_demos:/home/ros2_senior/Senior-Design/ROS2_Roam_Bot/src/ros2_control_demos/install/ros2_control_demo_example_2:/home/ros2_senior/Senior-Design/ROS2_Roam_Bot/src/ros2_control_demos/install/ros2_control_demo_description:/home/ros2_senior/Senior-Design/ROS2_Roam_Bot/install/ros2_control_demos:/opt/ros/jazzy/opt/gz_sim_vendor:/opt/ros/jazzy/opt/gz_sensors_vendor:/opt/ros/jazzy/opt/gz_physics_vendor:/opt/ros/jazzy/opt/sdformat_vendor:/opt/ros/jazzy/opt/gz_gui_vendor:/opt/ros/jazzy/opt/gz_transport_vendor:/opt/ros/jazzy/opt/gz_rendering_vendor:/opt/ros/jazzy/opt/gz_plugin_vendor:/opt/ros/jazzy/opt/gz_fuel_tools_vendor:/opt/ros/jazzy/opt/gz_msgs_vendor:/opt/ros/jazzy/opt/gz_common_vendor:/opt/ros/jazzy/opt/gz_math_vendor:/opt/ros/jazzy/opt/gz_utils_vendor:/opt/ros/jazzy/opt/gz_tools_vendor:/opt/ros/jazzy/opt/gz_ogre_next_vendor:/opt/ros/jazzy/opt/gz_dartsim_vendor:/opt/ros/jazzy/opt/gz_cmake_vendor:/opt/ros/jazzy DEBUGINFOD_URLS=https://debuginfod.ubuntu.com LD_LIBRARY_PATH=/home/ros2_senior/Senior-Design/ROS2_Roam_Bot/install/ros2_control_demo_example_2/lib:/home/ros2_senior/Senior-Design/ROS2_Roam_Bot/src/ros2_control_demos/install/ros2_control_demo_example_2/lib:/opt/ros/jazzy/opt/gz_sim_vendor/lib:/opt/ros/jazzy/opt/gz_sensors_vendor/lib:/opt/ros/jazzy/opt/gz_physics_vendor/lib:/opt/ros/jazzy/opt/sdformat_vendor/lib:/opt/ros/jazzy/opt/rviz_ogre_vendor/lib:/opt/ros/jazzy/lib/x86_64-linux-gnu:/opt/ros/jazzy/opt/gz_gui_vendor/lib:/opt/ros/jazzy/opt/gz_transport_vendor/lib:/opt/ros/jazzy/opt/gz_rendering_vendor/lib:/opt/ros/jazzy/opt/gz_plugin_vendor/lib:/opt/ros/jazzy/opt/gz_fuel_tools_vendor/lib:/opt/ros/jazzy/opt/gz_msgs_vendor/lib:/opt/ros/jazzy/opt/gz_common_vendor/lib:/opt/ros/jazzy/opt/gz_math_vendor/lib:/opt/ros/jazzy/opt/gz_utils_vendor/lib:/opt/ros/jazzy/opt/gz_tools_vendor/lib:/opt/ros/jazzy/opt/gz_ogre_next_vendor/lib:/opt/ros/jazzy/opt/gz_dartsim_vendor/lib:/opt/ros/jazzy/opt/gz_cmake_vendor/lib:/opt/ros/jazzy/lib /usr/bin/cmake /home/ros2_senior/Senior-Design/ROS2_Roam_Bot/src/ros2_control_demos/ros2_control_demos -DAMENT_CMAKE_SYMLINK_INSTALL=1 -DCMAKE_INSTALL_PREFIX=/home/ros2_senior/Senior-Design/ROS2_Roam_Bot/install/ros2_control_demos
[31.019s] DEBUG:colcon.colcon_core.event_handler.log_command:Invoking command in '/home/ros2_senior/Senior-Design/ROS2_Roam_Bot/build/ros2_control_demos': CMAKE_PREFIX_PATH=/home/ros2_senior/Senior-Design/ROS2_Roam_Bot/install/ros2_control_demo_example_2:/home/ros2_senior/Senior-Design/ROS2_Roam_Bot/install/ros2_control_demo_description:/home/ros2_senior/Senior-Design/ROS2_Roam_Bot/src/ros2_control_demos/install/ros2_control_demos:/home/ros2_senior/Senior-Design/ROS2_Roam_Bot/src/ros2_control_demos/install/ros2_control_demo_example_2:/home/ros2_senior/Senior-Design/ROS2_Roam_Bot/src/ros2_control_demos/install/ros2_control_demo_description:/home/ros2_senior/Senior-Design/ROS2_Roam_Bot/install/ros2_control_demos:/opt/ros/jazzy/opt/gz_sim_vendor:/opt/ros/jazzy/opt/gz_sensors_vendor:/opt/ros/jazzy/opt/gz_physics_vendor:/opt/ros/jazzy/opt/sdformat_vendor:/opt/ros/jazzy/opt/gz_gui_vendor:/opt/ros/jazzy/opt/gz_transport_vendor:/opt/ros/jazzy/opt/gz_rendering_vendor:/opt/ros/jazzy/opt/gz_plugin_vendor:/opt/ros/jazzy/opt/gz_fuel_tools_vendor:/opt/ros/jazzy/opt/gz_msgs_vendor:/opt/ros/jazzy/opt/gz_common_vendor:/opt/ros/jazzy/opt/gz_math_vendor:/opt/ros/jazzy/opt/gz_utils_vendor:/opt/ros/jazzy/opt/gz_tools_vendor:/opt/ros/jazzy/opt/gz_ogre_next_vendor:/opt/ros/jazzy/opt/gz_dartsim_vendor:/opt/ros/jazzy/opt/gz_cmake_vendor:/opt/ros/jazzy DEBUGINFOD_URLS=https://debuginfod.ubuntu.com LD_LIBRARY_PATH=/home/ros2_senior/Senior-Design/ROS2_Roam_Bot/install/ros2_control_demo_example_2/lib:/home/ros2_senior/Senior-Design/ROS2_Roam_Bot/src/ros2_control_demos/install/ros2_control_demo_example_2/lib:/opt/ros/jazzy/opt/gz_sim_vendor/lib:/opt/ros/jazzy/opt/gz_sensors_vendor/lib:/opt/ros/jazzy/opt/gz_physics_vendor/lib:/opt/ros/jazzy/opt/sdformat_vendor/lib:/opt/ros/jazzy/opt/rviz_ogre_vendor/lib:/opt/ros/jazzy/lib/x86_64-linux-gnu:/opt/ros/jazzy/opt/gz_gui_vendor/lib:/opt/ros/jazzy/opt/gz_transport_vendor/lib:/opt/ros/jazzy/opt/gz_rendering_vendor/lib:/opt/ros/jazzy/opt/gz_plugin_vendor/lib:/opt/ros/jazzy/opt/gz_fuel_tools_vendor/lib:/opt/ros/jazzy/opt/gz_msgs_vendor/lib:/opt/ros/jazzy/opt/gz_common_vendor/lib:/opt/ros/jazzy/opt/gz_math_vendor/lib:/opt/ros/jazzy/opt/gz_utils_vendor/lib:/opt/ros/jazzy/opt/gz_tools_vendor/lib:/opt/ros/jazzy/opt/gz_ogre_next_vendor/lib:/opt/ros/jazzy/opt/gz_dartsim_vendor/lib:/opt/ros/jazzy/opt/gz_cmake_vendor/lib:/opt/ros/jazzy/lib /usr/bin/cmake --build /home/ros2_senior/Senior-Design/ROS2_Roam_Bot/build/ros2_control_demos -- -j8 -l8
[31.046s] DEBUG:colcon.colcon_core.event_handler.log_command:Invoked command in '/home/ros2_senior/Senior-Design/ROS2_Roam_Bot/build/ros2_control_demos' returned '0': CMAKE_PREFIX_PATH=/home/ros2_senior/Senior-Design/ROS2_Roam_Bot/install/ros2_control_demo_example_2:/home/ros2_senior/Senior-Design/ROS2_Roam_Bot/install/ros2_control_demo_description:/home/ros2_senior/Senior-Design/ROS2_Roam_Bot/src/ros2_control_demos/install/ros2_control_demos:/home/ros2_senior/Senior-Design/ROS2_Roam_Bot/src/ros2_control_demos/install/ros2_control_demo_example_2:/home/ros2_senior/Senior-Design/ROS2_Roam_Bot/src/ros2_control_demos/install/ros2_control_demo_description:/home/ros2_senior/Senior-Design/ROS2_Roam_Bot/install/ros2_control_demos:/opt/ros/jazzy/opt/gz_sim_vendor:/opt/ros/jazzy/opt/gz_sensors_vendor:/opt/ros/jazzy/opt/gz_physics_vendor:/opt/ros/jazzy/opt/sdformat_vendor:/opt/ros/jazzy/opt/gz_gui_vendor:/opt/ros/jazzy/opt/gz_transport_vendor:/opt/ros/jazzy/opt/gz_rendering_vendor:/opt/ros/jazzy/opt/gz_plugin_vendor:/opt/ros/jazzy/opt/gz_fuel_tools_vendor:/opt/ros/jazzy/opt/gz_msgs_vendor:/opt/ros/jazzy/opt/gz_common_vendor:/opt/ros/jazzy/opt/gz_math_vendor:/opt/ros/jazzy/opt/gz_utils_vendor:/opt/ros/jazzy/opt/gz_tools_vendor:/opt/ros/jazzy/opt/gz_ogre_next_vendor:/opt/ros/jazzy/opt/gz_dartsim_vendor:/opt/ros/jazzy/opt/gz_cmake_vendor:/opt/ros/jazzy DEBUGINFOD_URLS=https://debuginfod.ubuntu.com LD_LIBRARY_PATH=/home/ros2_senior/Senior-Design/ROS2_Roam_Bot/install/ros2_control_demo_example_2/lib:/home/ros2_senior/Senior-Design/ROS2_Roam_Bot/src/ros2_control_demos/install/ros2_control_demo_example_2/lib:/opt/ros/jazzy/opt/gz_sim_vendor/lib:/opt/ros/jazzy/opt/gz_sensors_vendor/lib:/opt/ros/jazzy/opt/gz_physics_vendor/lib:/opt/ros/jazzy/opt/sdformat_vendor/lib:/opt/ros/jazzy/opt/rviz_ogre_vendor/lib:/opt/ros/jazzy/lib/x86_64-linux-gnu:/opt/ros/jazzy/opt/gz_gui_vendor/lib:/opt/ros/jazzy/opt/gz_transport_vendor/lib:/opt/ros/jazzy/opt/gz_rendering_vendor/lib:/opt/ros/jazzy/opt/gz_plugin_vendor/lib:/opt/ros/jazzy/opt/gz_fuel_tools_vendor/lib:/opt/ros/jazzy/opt/gz_msgs_vendor/lib:/opt/ros/jazzy/opt/gz_common_vendor/lib:/opt/ros/jazzy/opt/gz_math_vendor/lib:/opt/ros/jazzy/opt/gz_utils_vendor/lib:/opt/ros/jazzy/opt/gz_tools_vendor/lib:/opt/ros/jazzy/opt/gz_ogre_next_vendor/lib:/opt/ros/jazzy/opt/gz_dartsim_vendor/lib:/opt/ros/jazzy/opt/gz_cmake_vendor/lib:/opt/ros/jazzy/lib /usr/bin/cmake --build /home/ros2_senior/Senior-Design/ROS2_Roam_Bot/build/ros2_control_demos -- -j8 -l8
[31.048s] DEBUG:colcon.colcon_core.event_handler.log_command:Invoking command in '/home/ros2_senior/Senior-Design/ROS2_Roam_Bot/build/ros2_control_demos': CMAKE_PREFIX_PATH=/home/ros2_senior/Senior-Design/ROS2_Roam_Bot/install/ros2_control_demo_example_2:/home/ros2_senior/Senior-Design/ROS2_Roam_Bot/install/ros2_control_demo_description:/home/ros2_senior/Senior-Design/ROS2_Roam_Bot/src/ros2_control_demos/install/ros2_control_demos:/home/ros2_senior/Senior-Design/ROS2_Roam_Bot/src/ros2_control_demos/install/ros2_control_demo_example_2:/home/ros2_senior/Senior-Design/ROS2_Roam_Bot/src/ros2_control_demos/install/ros2_control_demo_description:/home/ros2_senior/Senior-Design/ROS2_Roam_Bot/install/ros2_control_demos:/opt/ros/jazzy/opt/gz_sim_vendor:/opt/ros/jazzy/opt/gz_sensors_vendor:/opt/ros/jazzy/opt/gz_physics_vendor:/opt/ros/jazzy/opt/sdformat_vendor:/opt/ros/jazzy/opt/gz_gui_vendor:/opt/ros/jazzy/opt/gz_transport_vendor:/opt/ros/jazzy/opt/gz_rendering_vendor:/opt/ros/jazzy/opt/gz_plugin_vendor:/opt/ros/jazzy/opt/gz_fuel_tools_vendor:/opt/ros/jazzy/opt/gz_msgs_vendor:/opt/ros/jazzy/opt/gz_common_vendor:/opt/ros/jazzy/opt/gz_math_vendor:/opt/ros/jazzy/opt/gz_utils_vendor:/opt/ros/jazzy/opt/gz_tools_vendor:/opt/ros/jazzy/opt/gz_ogre_next_vendor:/opt/ros/jazzy/opt/gz_dartsim_vendor:/opt/ros/jazzy/opt/gz_cmake_vendor:/opt/ros/jazzy DEBUGINFOD_URLS=https://debuginfod.ubuntu.com LD_LIBRARY_PATH=/home/ros2_senior/Senior-Design/ROS2_Roam_Bot/install/ros2_control_demo_example_2/lib:/home/ros2_senior/Senior-Design/ROS2_Roam_Bot/src/ros2_control_demos/install/ros2_control_demo_example_2/lib:/opt/ros/jazzy/opt/gz_sim_vendor/lib:/opt/ros/jazzy/opt/gz_sensors_vendor/lib:/opt/ros/jazzy/opt/gz_physics_vendor/lib:/opt/ros/jazzy/opt/sdformat_vendor/lib:/opt/ros/jazzy/opt/rviz_ogre_vendor/lib:/opt/ros/jazzy/lib/x86_64-linux-gnu:/opt/ros/jazzy/opt/gz_gui_vendor/lib:/opt/ros/jazzy/opt/gz_transport_vendor/lib:/opt/ros/jazzy/opt/gz_rendering_vendor/lib:/opt/ros/jazzy/opt/gz_plugin_vendor/lib:/opt/ros/jazzy/opt/gz_fuel_tools_vendor/lib:/opt/ros/jazzy/opt/gz_msgs_vendor/lib:/opt/ros/jazzy/opt/gz_common_vendor/lib:/opt/ros/jazzy/opt/gz_math_vendor/lib:/opt/ros/jazzy/opt/gz_utils_vendor/lib:/opt/ros/jazzy/opt/gz_tools_vendor/lib:/opt/ros/jazzy/opt/gz_ogre_next_vendor/lib:/opt/ros/jazzy/opt/gz_dartsim_vendor/lib:/opt/ros/jazzy/opt/gz_cmake_vendor/lib:/opt/ros/jazzy/lib /usr/bin/cmake --install /home/ros2_senior/Senior-Design/ROS2_Roam_Bot/build/ros2_control_demos
[31.178s] Level 1:colcon.colcon_core.environment:create_environment_scripts_only(ros2_control_demos)
[31.178s] Level 1:colcon.colcon_core.environment:checking '/home/ros2_senior/Senior-Design/ROS2_Roam_Bot/install/ros2_control_demos' for CMake module files
[31.179s] DEBUG:colcon.colcon_core.event_handler.log_command:Invoked command in '/home/ros2_senior/Senior-Design/ROS2_Roam_Bot/build/ros2_control_demos' returned '0': CMAKE_PREFIX_PATH=/home/ros2_senior/Senior-Design/ROS2_Roam_Bot/install/ros2_control_demo_example_2:/home/ros2_senior/Senior-Design/ROS2_Roam_Bot/install/ros2_control_demo_description:/home/ros2_senior/Senior-Design/ROS2_Roam_Bot/src/ros2_control_demos/install/ros2_control_demos:/home/ros2_senior/Senior-Design/ROS2_Roam_Bot/src/ros2_control_demos/install/ros2_control_demo_example_2:/home/ros2_senior/Senior-Design/ROS2_Roam_Bot/src/ros2_control_demos/install/ros2_control_demo_description:/home/ros2_senior/Senior-Design/ROS2_Roam_Bot/install/ros2_control_demos:/opt/ros/jazzy/opt/gz_sim_vendor:/opt/ros/jazzy/opt/gz_sensors_vendor:/opt/ros/jazzy/opt/gz_physics_vendor:/opt/ros/jazzy/opt/sdformat_vendor:/opt/ros/jazzy/opt/gz_gui_vendor:/opt/ros/jazzy/opt/gz_transport_vendor:/opt/ros/jazzy/opt/gz_rendering_vendor:/opt/ros/jazzy/opt/gz_plugin_vendor:/opt/ros/jazzy/opt/gz_fuel_tools_vendor:/opt/ros/jazzy/opt/gz_msgs_vendor:/opt/ros/jazzy/opt/gz_common_vendor:/opt/ros/jazzy/opt/gz_math_vendor:/opt/ros/jazzy/opt/gz_utils_vendor:/opt/ros/jazzy/opt/gz_tools_vendor:/opt/ros/jazzy/opt/gz_ogre_next_vendor:/opt/ros/jazzy/opt/gz_dartsim_vendor:/opt/ros/jazzy/opt/gz_cmake_vendor:/opt/ros/jazzy DEBUGINFOD_URLS=https://debuginfod.ubuntu.com LD_LIBRARY_PATH=/home/ros2_senior/Senior-Design/ROS2_Roam_Bot/install/ros2_control_demo_example_2/lib:/home/ros2_senior/Senior-Design/ROS2_Roam_Bot/src/ros2_control_demos/install/ros2_control_demo_example_2/lib:/opt/ros/jazzy/opt/gz_sim_vendor/lib:/opt/ros/jazzy/opt/gz_sensors_vendor/lib:/opt/ros/jazzy/opt/gz_physics_vendor/lib:/opt/ros/jazzy/opt/sdformat_vendor/lib:/opt/ros/jazzy/opt/rviz_ogre_vendor/lib:/opt/ros/jazzy/lib/x86_64-linux-gnu:/opt/ros/jazzy/opt/gz_gui_vendor/lib:/opt/ros/jazzy/opt/gz_transport_vendor/lib:/opt/ros/jazzy/opt/gz_rendering_vendor/lib:/opt/ros/jazzy/opt/gz_plugin_vendor/lib:/opt/ros/jazzy/opt/gz_fuel_tools_vendor/lib:/opt/ros/jazzy/opt/gz_msgs_vendor/lib:/opt/ros/jazzy/opt/gz_common_vendor/lib:/opt/ros/jazzy/opt/gz_math_vendor/lib:/opt/ros/jazzy/opt/gz_utils_vendor/lib:/opt/ros/jazzy/opt/gz_tools_vendor/lib:/opt/ros/jazzy/opt/gz_ogre_next_vendor/lib:/opt/ros/jazzy/opt/gz_dartsim_vendor/lib:/opt/ros/jazzy/opt/gz_cmake_vendor/lib:/opt/ros/jazzy/lib /usr/bin/cmake --install /home/ros2_senior/Senior-Design/ROS2_Roam_Bot/build/ros2_control_demos
[31.179s] Level 1:colcon.colcon_core.environment:checking '/home/ros2_senior/Senior-Design/ROS2_Roam_Bot/install/ros2_control_demos' for CMake config files
[31.179s] Level 1:colcon.colcon_core.shell:create_environment_hook('ros2_control_demos', 'cmake_prefix_path')
[31.179s] INFO:colcon.colcon_core.shell:Creating environment hook '/home/ros2_senior/Senior-Design/ROS2_Roam_Bot/install/ros2_control_demos/share/ros2_control_demos/hook/cmake_prefix_path.ps1'
[31.180s] INFO:colcon.colcon_core.shell:Creating environment descriptor '/home/ros2_senior/Senior-Design/ROS2_Roam_Bot/install/ros2_control_demos/share/ros2_control_demos/hook/cmake_prefix_path.dsv'
[31.180s] INFO:colcon.colcon_core.shell:Creating environment hook '/home/ros2_senior/Senior-Design/ROS2_Roam_Bot/install/ros2_control_demos/share/ros2_control_demos/hook/cmake_prefix_path.sh'
[31.180s] Level 1:colcon.colcon_core.environment:checking '/home/ros2_senior/Senior-Design/ROS2_Roam_Bot/install/ros2_control_demos/bin'
[31.180s] Level 1:colcon.colcon_core.environment:checking '/home/ros2_senior/Senior-Design/ROS2_Roam_Bot/install/ros2_control_demos/lib/pkgconfig/ros2_control_demos.pc'
[31.181s] Level 1:colcon.colcon_core.environment:checking '/home/ros2_senior/Senior-Design/ROS2_Roam_Bot/install/ros2_control_demos/lib/python3.12/site-packages'
[31.181s] Level 1:colcon.colcon_core.environment:checking '/home/ros2_senior/Senior-Design/ROS2_Roam_Bot/install/ros2_control_demos/bin'
[31.181s] INFO:colcon.colcon_core.shell:Creating package script '/home/ros2_senior/Senior-Design/ROS2_Roam_Bot/install/ros2_control_demos/share/ros2_control_demos/package.ps1'
[31.181s] INFO:colcon.colcon_core.shell:Creating package descriptor '/home/ros2_senior/Senior-Design/ROS2_Roam_Bot/install/ros2_control_demos/share/ros2_control_demos/package.dsv'
[31.181s] INFO:colcon.colcon_core.shell:Creating package script '/home/ros2_senior/Senior-Design/ROS2_Roam_Bot/install/ros2_control_demos/share/ros2_control_demos/package.sh'
[31.182s] INFO:colcon.colcon_core.shell:Creating package script '/home/ros2_senior/Senior-Design/ROS2_Roam_Bot/install/ros2_control_demos/share/ros2_control_demos/package.bash'
[31.182s] INFO:colcon.colcon_core.shell:Creating package script '/home/ros2_senior/Senior-Design/ROS2_Roam_Bot/install/ros2_control_demos/share/ros2_control_demos/package.zsh'
[31.182s] Level 1:colcon.colcon_core.environment:create_file_with_runtime_dependencies(/home/ros2_senior/Senior-Design/ROS2_Roam_Bot/install/ros2_control_demos/share/colcon-core/packages/ros2_control_demos)
[31.184s] Level 1:colcon.colcon_core.environment:create_environment_scripts_only(ros2_control_demos)
[31.184s] Level 1:colcon.colcon_core.environment:checking '/home/ros2_senior/Senior-Design/ROS2_Roam_Bot/install/ros2_control_demos' for CMake module files
[31.184s] Level 1:colcon.colcon_core.environment:checking '/home/ros2_senior/Senior-Design/ROS2_Roam_Bot/install/ros2_control_demos' for CMake config files
[31.184s] Level 1:colcon.colcon_core.shell:create_environment_hook('ros2_control_demos', 'cmake_prefix_path')
[31.185s] INFO:colcon.colcon_core.shell:Creating environment hook '/home/ros2_senior/Senior-Design/ROS2_Roam_Bot/install/ros2_control_demos/share/ros2_control_demos/hook/cmake_prefix_path.ps1'
[31.185s] INFO:colcon.colcon_core.shell:Creating environment descriptor '/home/ros2_senior/Senior-Design/ROS2_Roam_Bot/install/ros2_control_demos/share/ros2_control_demos/hook/cmake_prefix_path.dsv'
[31.185s] INFO:colcon.colcon_core.shell:Creating environment hook '/home/ros2_senior/Senior-Design/ROS2_Roam_Bot/install/ros2_control_demos/share/ros2_control_demos/hook/cmake_prefix_path.sh'
[31.185s] Level 1:colcon.colcon_core.environment:checking '/home/ros2_senior/Senior-Design/ROS2_Roam_Bot/install/ros2_control_demos/bin'
[31.185s] Level 1:colcon.colcon_core.environment:checking '/home/ros2_senior/Senior-Design/ROS2_Roam_Bot/install/ros2_control_demos/lib/pkgconfig/ros2_control_demos.pc'
[31.186s] Level 1:colcon.colcon_core.environment:checking '/home/ros2_senior/Senior-Design/ROS2_Roam_Bot/install/ros2_control_demos/lib/python3.12/site-packages'
[31.186s] Level 1:colcon.colcon_core.environment:checking '/home/ros2_senior/Senior-Design/ROS2_Roam_Bot/install/ros2_control_demos/bin'
[31.186s] INFO:colcon.colcon_core.shell:Creating package script '/home/ros2_senior/Senior-Design/ROS2_Roam_Bot/install/ros2_control_demos/share/ros2_control_demos/package.ps1'
[31.186s] INFO:colcon.colcon_core.shell:Creating package descriptor '/home/ros2_senior/Senior-Design/ROS2_Roam_Bot/install/ros2_control_demos/share/ros2_control_demos/package.dsv'
[31.186s] INFO:colcon.colcon_core.shell:Creating package script '/home/ros2_senior/Senior-Design/ROS2_Roam_Bot/install/ros2_control_demos/share/ros2_control_demos/package.sh'
[31.187s] INFO:colcon.colcon_core.shell:Creating package script '/home/ros2_senior/Senior-Design/ROS2_Roam_Bot/install/ros2_control_demos/share/ros2_control_demos/package.bash'
[31.187s] INFO:colcon.colcon_core.shell:Creating package script '/home/ros2_senior/Senior-Design/ROS2_Roam_Bot/install/ros2_control_demos/share/ros2_control_demos/package.zsh'
[31.187s] Level 1:colcon.colcon_core.environment:create_file_with_runtime_dependencies(/home/ros2_senior/Senior-Design/ROS2_Roam_Bot/install/ros2_control_demos/share/colcon-core/packages/ros2_control_demos)
[31.188s] DEBUG:colcon.colcon_parallel_executor.executor.parallel:closing loop
[31.188s] DEBUG:colcon.colcon_parallel_executor.executor.parallel:loop closed
[31.188s] DEBUG:colcon.colcon_parallel_executor.executor.parallel:run_until_complete finished with '0'
[31.188s] DEBUG:colcon.colcon_core.event_reactor:joining thread
[31.422s] INFO:colcon.colcon_core.plugin_system:Skipping extension 'colcon_notification.desktop_notification.notify_send': Could not find 'notify-send'
[31.422s] INFO:colcon.colcon_core.plugin_system:Skipping extension 'colcon_notification.desktop_notification.terminal_notifier': Not used on non-Darwin systems
[31.422s] INFO:colcon.colcon_core.plugin_system:Skipping extension 'colcon_notification.desktop_notification.win32': Not used on non-Windows systems
[31.422s] INFO:colcon.colcon_notification.desktop_notification:Sending desktop notification using 'notify2'
[31.427s] DEBUG:colcon.colcon_notification.desktop_notification.notify2:Failed to initialize notify2: org.freedesktop.DBus.Error.ServiceUnknown: The name org.freedesktop.Notifications was not provided by any .service files
[31.427s] DEBUG:colcon.colcon_core.event_reactor:joined thread
[31.427s] INFO:colcon.colcon_core.shell:Creating prefix script '/home/ros2_senior/Senior-Design/ROS2_Roam_Bot/install/local_setup.ps1'
[31.428s] INFO:colcon.colcon_core.shell:Creating prefix util module '/home/ros2_senior/Senior-Design/ROS2_Roam_Bot/install/_local_setup_util_ps1.py'
[31.429s] INFO:colcon.colcon_core.shell:Creating prefix chain script '/home/ros2_senior/Senior-Design/ROS2_Roam_Bot/install/setup.ps1'
[31.430s] INFO:colcon.colcon_core.shell:Creating prefix script '/home/ros2_senior/Senior-Design/ROS2_Roam_Bot/install/local_setup.sh'
[31.431s] INFO:colcon.colcon_core.shell:Creating prefix util module '/home/ros2_senior/Senior-Design/ROS2_Roam_Bot/install/_local_setup_util_sh.py'
[31.432s] INFO:colcon.colcon_core.shell:Creating prefix chain script '/home/ros2_senior/Senior-Design/ROS2_Roam_Bot/install/setup.sh'
[31.432s] INFO:colcon.colcon_core.shell:Creating prefix script '/home/ros2_senior/Senior-Design/ROS2_Roam_Bot/install/local_setup.bash'
[31.433s] INFO:colcon.colcon_core.shell:Creating prefix chain script '/home/ros2_senior/Senior-Design/ROS2_Roam_Bot/install/setup.bash'
[31.434s] INFO:colcon.colcon_core.shell:Creating prefix script '/home/ros2_senior/Senior-Design/ROS2_Roam_Bot/install/local_setup.zsh'
[31.434s] INFO:colcon.colcon_core.shell:Creating prefix chain script '/home/ros2_senior/Senior-Design/ROS2_Roam_Bot/install/setup.zsh'
