-- The C compiler identification is GNU 13.3.0
-- The CXX compiler identification is GNU 13.3.0
-- Detecting C compiler ABI info
-- Detecting C compiler ABI info - done
-- Check for working C compiler: /usr/bin/cc - skipped
-- Detecting C compile features
-- Detecting C compile features - done
-- Detecting CXX compiler ABI info
-- Detecting CXX compiler ABI info - done
-- Check for working CXX compiler: /usr/bin/c++ - skipped
-- Detecting CXX compile features
-- Detecting CXX compile features - done
-- Found ament_cmake: 2.5.3 (/opt/ros/jazzy/share/ament_cmake/cmake)
-- Found Python3: /usr/bin/python3 (found version "3.12.3") found components: Interpreter 
-- Override CMake install command with custom implementation using symlinks instead of copying resources
-- Configuring done (4.6s)
-- Generating done (0.0s)
-- Build files have been written to: /home/ros2_test/Senior-Design/ROS2_Roam_Bot/build/roam_bot
-- Install configuration: ""
-- Execute custom install script
-- Symlinking: /home/ros2_test/Senior-Design/ROS2_Roam_Bot/install/roam_bot/share/roam_bot/diffbot/urdf/diffbot.materials.xacro
-- Symlinking: /home/ros2_test/Senior-Design/ROS2_Roam_Bot/install/roam_bot/share/roam_bot/diffbot/urdf/diffbot_description.urdf.xacro
-- Symlinking: /home/ros2_test/Senior-Design/ROS2_Roam_Bot/install/roam_bot/share/roam_bot/diffbot/rviz/diffbot.rviz
-- Symlinking: /home/ros2_test/Senior-Design/ROS2_Roam_Bot/install/roam_bot/share/roam_bot/diffbot/rviz/diffbot_view.rviz
-- Symlinking: /home/ros2_test/Senior-Design/ROS2_Roam_Bot/install/roam_bot/share/ament_index/resource_index/package_run_dependencies/roam_bot
-- Symlinking: /home/ros2_test/Senior-Design/ROS2_Roam_Bot/install/roam_bot/share/ament_index/resource_index/parent_prefix_path/roam_bot
-- Symlinking: /home/ros2_test/Senior-Design/ROS2_Roam_Bot/install/roam_bot/share/roam_bot/environment/ament_prefix_path.sh
-- Symlinking: /home/ros2_test/Senior-Design/ROS2_Roam_Bot/install/roam_bot/share/roam_bot/environment/ament_prefix_path.dsv
-- Symlinking: /home/ros2_test/Senior-Design/ROS2_Roam_Bot/install/roam_bot/share/roam_bot/environment/path.sh
-- Symlinking: /home/ros2_test/Senior-Design/ROS2_Roam_Bot/install/roam_bot/share/roam_bot/environment/path.dsv
-- Symlinking: /home/ros2_test/Senior-Design/ROS2_Roam_Bot/install/roam_bot/share/roam_bot/local_setup.bash
-- Symlinking: /home/ros2_test/Senior-Design/ROS2_Roam_Bot/install/roam_bot/share/roam_bot/local_setup.sh
-- Symlinking: /home/ros2_test/Senior-Design/ROS2_Roam_Bot/install/roam_bot/share/roam_bot/local_setup.zsh
-- Symlinking: /home/ros2_test/Senior-Design/ROS2_Roam_Bot/install/roam_bot/share/roam_bot/local_setup.dsv
-- Symlinking: /home/ros2_test/Senior-Design/ROS2_Roam_Bot/install/roam_bot/share/roam_bot/package.dsv
-- Symlinking: /home/ros2_test/Senior-Design/ROS2_Roam_Bot/install/roam_bot/share/ament_index/resource_index/packages/roam_bot
-- Symlinking: /home/ros2_test/Senior-Design/ROS2_Roam_Bot/install/roam_bot/share/roam_bot/cmake/roam_botConfig.cmake
-- Symlinking: /home/ros2_test/Senior-Design/ROS2_Roam_Bot/install/roam_bot/share/roam_bot/cmake/roam_botConfig-version.cmake
-- Symlinking: /home/ros2_test/Senior-Design/ROS2_Roam_Bot/install/roam_bot/share/roam_bot/package.xml
