[0.018s] Invoking command in '/home/ros2_senior/Senior-Design/ROS2_Roam_Bot/build/ros2_control_demo_description': CMAKE_PREFIX_PATH=${CMAKE_PREFIX_PATH}:/opt/ros/jazzy DEBUGINFOD_URLS=https://debuginfod.ubuntu.com /usr/bin/cmake /home/ros2_senior/Senior-Design/ROS2_Roam_Bot/src/ros2_control_demos/ros2_control_demo_description -DAMENT_CMAKE_SYMLINK_INSTALL=1 -DCMAKE_INSTALL_PREFIX=/home/ros2_senior/Senior-Design/ROS2_Roam_Bot/install/ros2_control_demo_description
[0.513s] -- The C compiler identification is GNU 13.3.0
[2.333s] -- The CXX compiler identification is GNU 13.3.0
[3.717s] -- Detecting C compiler ABI info
[4.450s] -- Detecting C compiler ABI info - done
[4.458s] -- Check for working C compiler: /usr/bin/cc - skipped
[4.459s] -- Detecting C compile features
[4.459s] -- Detecting C compile features - done
[4.897s] -- Detecting CXX compiler ABI info
[6.455s] -- Detecting CXX compiler ABI info - done
[6.462s] -- Check for working CXX compiler: /usr/bin/c++ - skipped
[6.462s] -- Detecting CXX compile features
[6.463s] -- Detecting CXX compile features - done
[6.487s] -- Found ament_cmake: 2.5.3 (/opt/ros/jazzy/share/ament_cmake/cmake)
[6.604s] -- Found Python3: /usr/bin/python3 (found version "3.12.3") found components: Interpreter 
[6.674s] -- Override CMake install command with custom implementation using symlinks instead of copying resources
[6.798s] -- Configuring done (6.7s)
[6.802s] -- Generating done (0.0s)
[6.804s] -- Build files have been written to: /home/ros2_senior/Senior-Design/ROS2_Roam_Bot/build/ros2_control_demo_description
[6.809s] Invoked command in '/home/ros2_senior/Senior-Design/ROS2_Roam_Bot/build/ros2_control_demo_description' returned '0': CMAKE_PREFIX_PATH=${CMAKE_PREFIX_PATH}:/opt/ros/jazzy DEBUGINFOD_URLS=https://debuginfod.ubuntu.com /usr/bin/cmake /home/ros2_senior/Senior-Design/ROS2_Roam_Bot/src/ros2_control_demos/ros2_control_demo_description -DAMENT_CMAKE_SYMLINK_INSTALL=1 -DCMAKE_INSTALL_PREFIX=/home/ros2_senior/Senior-Design/ROS2_Roam_Bot/install/ros2_control_demo_description
[6.810s] Invoking command in '/home/ros2_senior/Senior-Design/ROS2_Roam_Bot/build/ros2_control_demo_description': CMAKE_PREFIX_PATH=${CMAKE_PREFIX_PATH}:/opt/ros/jazzy DEBUGINFOD_URLS=https://debuginfod.ubuntu.com /usr/bin/cmake --build /home/ros2_senior/Senior-Design/ROS2_Roam_Bot/build/ros2_control_demo_description -- -j8 -l8
[6.836s] Invoked command in '/home/ros2_senior/Senior-Design/ROS2_Roam_Bot/build/ros2_control_demo_description' returned '0': CMAKE_PREFIX_PATH=${CMAKE_PREFIX_PATH}:/opt/ros/jazzy DEBUGINFOD_URLS=https://debuginfod.ubuntu.com /usr/bin/cmake --build /home/ros2_senior/Senior-Design/ROS2_Roam_Bot/build/ros2_control_demo_description -- -j8 -l8
[6.843s] Invoking command in '/home/ros2_senior/Senior-Design/ROS2_Roam_Bot/build/ros2_control_demo_description': CMAKE_PREFIX_PATH=${CMAKE_PREFIX_PATH}:/opt/ros/jazzy DEBUGINFOD_URLS=https://debuginfod.ubuntu.com /usr/bin/cmake --install /home/ros2_senior/Senior-Design/ROS2_Roam_Bot/build/ros2_control_demo_description
[6.849s] -- Install configuration: ""
[6.849s] -- Execute custom install script
[6.851s] -- Symlinking: /home/ros2_senior/Senior-Design/ROS2_Roam_Bot/install/ros2_control_demo_description/share/ros2_control_demo_description/diffbot/urdf/diffbot.materials.xacro
[6.857s] -- Symlinking: /home/ros2_senior/Senior-Design/ROS2_Roam_Bot/install/ros2_control_demo_description/share/ros2_control_demo_description/diffbot/urdf/diffbot_description.urdf.xacro
[6.868s] -- Symlinking: /home/ros2_senior/Senior-Design/ROS2_Roam_Bot/install/ros2_control_demo_description/share/ros2_control_demo_description/diffbot/rviz/diffbot.rviz
[6.874s] -- Symlinking: /home/ros2_senior/Senior-Design/ROS2_Roam_Bot/install/ros2_control_demo_description/share/ros2_control_demo_description/diffbot/rviz/diffbot_view.rviz
[6.880s] -- Symlinking: /home/ros2_senior/Senior-Design/ROS2_Roam_Bot/install/ros2_control_demo_description/share/ament_index/resource_index/package_run_dependencies/ros2_control_demo_description
[6.896s] -- Symlinking: /home/ros2_senior/Senior-Design/ROS2_Roam_Bot/install/ros2_control_demo_description/share/ament_index/resource_index/parent_prefix_path/ros2_control_demo_description
[6.902s] -- Symlinking: /home/ros2_senior/Senior-Design/ROS2_Roam_Bot/install/ros2_control_demo_description/share/ros2_control_demo_description/environment/ament_prefix_path.sh
[6.908s] -- Symlinking: /home/ros2_senior/Senior-Design/ROS2_Roam_Bot/install/ros2_control_demo_description/share/ros2_control_demo_description/environment/ament_prefix_path.dsv
[6.914s] -- Symlinking: /home/ros2_senior/Senior-Design/ROS2_Roam_Bot/install/ros2_control_demo_description/share/ros2_control_demo_description/environment/path.sh
[6.920s] -- Symlinking: /home/ros2_senior/Senior-Design/ROS2_Roam_Bot/install/ros2_control_demo_description/share/ros2_control_demo_description/environment/path.dsv
[6.925s] -- Symlinking: /home/ros2_senior/Senior-Design/ROS2_Roam_Bot/install/ros2_control_demo_description/share/ros2_control_demo_description/local_setup.bash
[6.931s] -- Symlinking: /home/ros2_senior/Senior-Design/ROS2_Roam_Bot/install/ros2_control_demo_description/share/ros2_control_demo_description/local_setup.sh
[6.937s] -- Symlinking: /home/ros2_senior/Senior-Design/ROS2_Roam_Bot/install/ros2_control_demo_description/share/ros2_control_demo_description/local_setup.zsh
[6.943s] -- Symlinking: /home/ros2_senior/Senior-Design/ROS2_Roam_Bot/install/ros2_control_demo_description/share/ros2_control_demo_description/local_setup.dsv
[6.949s] -- Symlinking: /home/ros2_senior/Senior-Design/ROS2_Roam_Bot/install/ros2_control_demo_description/share/ros2_control_demo_description/package.dsv
[6.955s] -- Symlinking: /home/ros2_senior/Senior-Design/ROS2_Roam_Bot/install/ros2_control_demo_description/share/ament_index/resource_index/packages/ros2_control_demo_description
[6.963s] -- Symlinking: /home/ros2_senior/Senior-Design/ROS2_Roam_Bot/install/ros2_control_demo_description/share/ros2_control_demo_description/cmake/ros2_control_demo_descriptionConfig.cmake
[6.969s] -- Symlinking: /home/ros2_senior/Senior-Design/ROS2_Roam_Bot/install/ros2_control_demo_description/share/ros2_control_demo_description/cmake/ros2_control_demo_descriptionConfig-version.cmake
[6.975s] -- Symlinking: /home/ros2_senior/Senior-Design/ROS2_Roam_Bot/install/ros2_control_demo_description/share/ros2_control_demo_description/package.xml
[6.982s] Invoked command in '/home/ros2_senior/Senior-Design/ROS2_Roam_Bot/build/ros2_control_demo_description' returned '0': CMAKE_PREFIX_PATH=${CMAKE_PREFIX_PATH}:/opt/ros/jazzy DEBUGINFOD_URLS=https://debuginfod.ubuntu.com /usr/bin/cmake --install /home/ros2_senior/Senior-Design/ROS2_Roam_Bot/build/ros2_control_demo_description
