-- The CXX compiler identification is GNU 13.3.0
-- Detecting CXX compiler ABI info
-- Detecting CXX compiler ABI info - done
-- Check for working CXX compiler: /usr/bin/c++ - skipped
-- Detecting CXX compile features
-- Detecting CXX compile features - done
-- Found controller_manager: 4.27.0 (/home/ros2/install/controller_manager/share/controller_manager/cmake)
-- Found Python3: /usr/bin/python3 (found version "3.12.3") found components: Interpreter 
-- Override CMake install command with custom implementation using symlinks instead of copying resources
-- Found rosidl_generator_c: 4.6.5 (/opt/ros/jazzy/share/rosidl_generator_c/cmake)
-- Found rosidl_generator_cpp: 4.6.5 (/opt/ros/jazzy/share/rosidl_generator_cpp/cmake)
-- Using all available rosidl_typesupport_c: rosidl_typesupport_fastrtps_c;rosidl_typesupport_introspection_c
-- Using all available rosidl_typesupport_cpp: rosidl_typesupport_fastrtps_cpp;rosidl_typesupport_introspection_cpp
-- Found rmw_implementation_cmake: 7.3.1 (/opt/ros/jazzy/share/rmw_implementation_cmake/cmake)
-- Found rmw_fastrtps_cpp: 8.4.1 (/opt/ros/jazzy/share/rmw_fastrtps_cpp/cmake)
-- Found OpenSSL: /usr/lib/x86_64-linux-gnu/libcrypto.so (found version "3.0.13")  
-- Found FastRTPS: /opt/ros/jazzy/include (Required is at least version "2.13") 
-- Using RMW implementation 'rmw_fastrtps_cpp' as default
-- Found ament_cmake_pytest: 2.5.3 (/opt/ros/jazzy/share/ament_cmake_pytest/cmake)
-- Configuring done (7.4s)
-- Generating done (0.1s)
-- Build files have been written to: /home/ros2_test/Senior-Design/ROS2_Roam_Bot/build/ros2_control_demo_example_2
[ 50%] [32mBuilding CXX object CMakeFiles/ros2_control_demo_example_2.dir/hardware/diffbot_system.cpp.o[0m
[100%] [32m[1mLinking CXX shared library libros2_control_demo_example_2.so[0m
[100%] Built target ros2_control_demo_example_2
-- Install configuration: ""
-- Execute custom install script
-- Symlinking: /home/ros2_test/Senior-Design/ROS2_Roam_Bot/install/ros2_control_demo_example_2/share/ros2_control_demo_example_2//ros2_control_demo_example_2.xml
-- Symlinking: /home/ros2_test/Senior-Design/ROS2_Roam_Bot/install/ros2_control_demo_example_2/include/ros2_control_demo_example_2/ros2_control_demo_example_2/diffbot_system.hpp
-- Symlinking: /home/ros2_test/Senior-Design/ROS2_Roam_Bot/install/ros2_control_demo_example_2/share/ros2_control_demo_example_2/launch/view_robot.launch.py
-- Symlinking: /home/ros2_test/Senior-Design/ROS2_Roam_Bot/install/ros2_control_demo_example_2/share/ros2_control_demo_example_2/ros2_control/diffbot.ros2_control.xacro
-- Symlinking: /home/ros2_test/Senior-Design/ROS2_Roam_Bot/install/ros2_control_demo_example_2/share/ros2_control_demo_example_2/urdf/diffbot.urdf.xacro
-- Symlinking: /home/ros2_test/Senior-Design/ROS2_Roam_Bot/install/ros2_control_demo_example_2/share/ros2_control_demo_example_2/launch/diffbot.launch.py
-- Symlinking: /home/ros2_test/Senior-Design/ROS2_Roam_Bot/install/ros2_control_demo_example_2/share/ros2_control_demo_example_2/config/diffbot_controllers.yaml
-- Symlinking: /home/ros2_test/Senior-Design/ROS2_Roam_Bot/install/ros2_control_demo_example_2/share/ros2_control_demo_example_2/environment/library_path.sh
-- Symlinking: /home/ros2_test/Senior-Design/ROS2_Roam_Bot/install/ros2_control_demo_example_2/share/ros2_control_demo_example_2/environment/library_path.dsv
-- Symlinking: /home/ros2_test/Senior-Design/ROS2_Roam_Bot/install/ros2_control_demo_example_2/share/ament_index/resource_index/package_run_dependencies/ros2_control_demo_example_2
-- Symlinking: /home/ros2_test/Senior-Design/ROS2_Roam_Bot/install/ros2_control_demo_example_2/share/ament_index/resource_index/parent_prefix_path/ros2_control_demo_example_2
-- Symlinking: /home/ros2_test/Senior-Design/ROS2_Roam_Bot/install/ros2_control_demo_example_2/share/ros2_control_demo_example_2/environment/ament_prefix_path.sh
-- Symlinking: /home/ros2_test/Senior-Design/ROS2_Roam_Bot/install/ros2_control_demo_example_2/share/ros2_control_demo_example_2/environment/ament_prefix_path.dsv
-- Symlinking: /home/ros2_test/Senior-Design/ROS2_Roam_Bot/install/ros2_control_demo_example_2/share/ros2_control_demo_example_2/environment/path.sh
-- Symlinking: /home/ros2_test/Senior-Design/ROS2_Roam_Bot/install/ros2_control_demo_example_2/share/ros2_control_demo_example_2/environment/path.dsv
-- Symlinking: /home/ros2_test/Senior-Design/ROS2_Roam_Bot/install/ros2_control_demo_example_2/share/ros2_control_demo_example_2/local_setup.bash
-- Symlinking: /home/ros2_test/Senior-Design/ROS2_Roam_Bot/install/ros2_control_demo_example_2/share/ros2_control_demo_example_2/local_setup.sh
-- Symlinking: /home/ros2_test/Senior-Design/ROS2_Roam_Bot/install/ros2_control_demo_example_2/share/ros2_control_demo_example_2/local_setup.zsh
-- Symlinking: /home/ros2_test/Senior-Design/ROS2_Roam_Bot/install/ros2_control_demo_example_2/share/ros2_control_demo_example_2/local_setup.dsv
-- Symlinking: /home/ros2_test/Senior-Design/ROS2_Roam_Bot/install/ros2_control_demo_example_2/share/ros2_control_demo_example_2/package.dsv
-- Symlinking: /home/ros2_test/Senior-Design/ROS2_Roam_Bot/install/ros2_control_demo_example_2/share/ament_index/resource_index/packages/ros2_control_demo_example_2
-- Symlinking: /home/ros2_test/Senior-Design/ROS2_Roam_Bot/install/ros2_control_demo_example_2/share/ament_index/resource_index/hardware_interface__pluginlib__plugin/ros2_control_demo_example_2
-- Symlinking: /home/ros2_test/Senior-Design/ROS2_Roam_Bot/install/ros2_control_demo_example_2/share/ros2_control_demo_example_2/cmake/ament_cmake_export_targets-extras.cmake
-- Symlinking: /home/ros2_test/Senior-Design/ROS2_Roam_Bot/install/ros2_control_demo_example_2/share/ros2_control_demo_example_2/cmake/ament_cmake_export_dependencies-extras.cmake
-- Symlinking: /home/ros2_test/Senior-Design/ROS2_Roam_Bot/install/ros2_control_demo_example_2/share/ros2_control_demo_example_2/cmake/ros2_control_demo_example_2Config.cmake
-- Symlinking: /home/ros2_test/Senior-Design/ROS2_Roam_Bot/install/ros2_control_demo_example_2/share/ros2_control_demo_example_2/cmake/ros2_control_demo_example_2Config-version.cmake
-- Symlinking: /home/ros2_test/Senior-Design/ROS2_Roam_Bot/install/ros2_control_demo_example_2/share/ros2_control_demo_example_2/package.xml
-- Installing: /home/ros2_test/Senior-Design/ROS2_Roam_Bot/install/ros2_control_demo_example_2/lib/libros2_control_demo_example_2.so
-- Set non-toolchain portion of runtime path of "/home/ros2_test/Senior-Design/ROS2_Roam_Bot/install/ros2_control_demo_example_2/lib/libros2_control_demo_example_2.so" to ""
-- Installing: /home/ros2_test/Senior-Design/ROS2_Roam_Bot/install/ros2_control_demo_example_2/share/ros2_control_demo_example_2/cmake/export_ros2_control_demo_example_2Export.cmake
-- Installing: /home/ros2_test/Senior-Design/ROS2_Roam_Bot/install/ros2_control_demo_example_2/share/ros2_control_demo_example_2/cmake/export_ros2_control_demo_example_2Export-noconfig.cmake
